setFillColor(#000000);
drawRect(0,0,800,500);
fillArea();
setFillColor(#cccccc);
drawRect(5,5,790,490);
fillArea();
drawImage(http://upload.wikimedia.org/wikipedia/commons/thumb/5/52/1908-kl-t-zamenhof.jpg/220px-1908-kl-t-zamenhof.jpg,Not Yet Fetched,Not Yet Fetched);
setLineColor(#00ff0f);
setLineWidth(3);
drawRect(243,40,517,445);
setLineColor(#ff0000);
moveTo(20,219.5);
lineTo(491,219.5);
moveTo(20,216.5);
lineTo(20,222.5);
moveTo(67.1,216.5);
lineTo(67.1,222.5);
moveTo(114.2,216.5);
lineTo(114.2,222.5);
moveTo(161.3,216.5);
lineTo(161.3,222.5);
moveTo(208.4,216.5);
lineTo(208.4,222.5);
moveTo(255.5,216.5);
lineTo(255.5,222.5);
moveTo(302.6,216.5);
lineTo(302.6,222.5);
moveTo(349.7,216.5);
lineTo(349.7,222.5);
moveTo(396.8,216.5);
lineTo(396.8,222.5);
moveTo(443.90000000000003,216.5);
lineTo(443.90000000000003,222.5);
moveTo(491,216.5);
lineTo(491,222.5);
writeText(0,20,210,0);
writeText(1,67.1,210,0);
writeText(2,114.2,210,0);
writeText(3,161.3,210,0);
writeText(4,208.4,210,0);
writeText(5,255.5,210,0);
writeText(6,302.6,210,0);
writeText(7,349.7,210,0);
writeText(8,396.8,210,0);
writeText(9,443.90000000000003,210,0);
writeText(10,491,210,0);
writeText(0,0,-9.5,0);
writeText(1,51.1,-9.5,0);
writeText(2,102.2,-9.5,0);
writeText(3,153.3,-9.5,0);
writeText(4,204.4,-9.5,0);
writeText(5,255.5,-9.5,0);
writeText(6,306.6,-9.5,0);
writeText(7,357.7,-9.5,0);
writeText(8,408.8,-9.5,0);
writeText(9,459.90000000000003,-9.5,0);
writeText(10,511,-9.5,0);
writeText(0,-4.5,0,0);
writeText(1,-4.5,41.9,0);
writeText(2,-4.5,83.8,0);
writeText(3,-4.5,125.69999999999999,0);
writeText(4,-4.5,167.6,0);
writeText(5,-4.5,209.5,0);
writeText(6,-4.5,251.39999999999998,0);
writeText(7,-4.5,293.3,0);
writeText(8,-4.5,335.2,0);
writeText(9,-4.5,377.09999999999997,0);
writeText(10,-1,419,0);
writeText(0,251,0,0);
writeText(1,251,41.9,0);
writeText(2,251,83.8,0);
writeText(3,251,125.69999999999999,0);
writeText(4,251,167.6,0);
writeText(5,251,209.5,0);
writeText(6,251,251.39999999999998,0);
writeText(7,251,293.3,0);
writeText(8,251,335.2,0);
writeText(9,251,377.09999999999997,0);
writeText(10,254.5,419,0);
writeText(0,512.5,0,0);
writeText(1,512.5,41.9,0);
writeText(2,512.5,83.8,0);
writeText(3,512.5,125.69999999999999,0);
writeText(4,512.5,167.6,0);
writeText(5,512.5,209.5,0);
writeText(6,512.5,251.39999999999998,0);
writeText(7,512.5,293.3,0);
writeText(8,512.5,335.2,0);
writeText(9,512.5,377.09999999999997,0);
writeText(10,509,419,0);
setLineColor(#000000);
moveTo(0,0);
lineTo(511,0);
moveTo(0,-3);
lineTo(0,3);
moveTo(51.1,-3);
lineTo(51.1,3);
moveTo(102.2,-3);
lineTo(102.2,3);
moveTo(153.3,-3);
lineTo(153.3,3);
moveTo(204.4,-3);
lineTo(204.4,3);
moveTo(255.5,-3);
lineTo(255.5,3);
moveTo(306.6,-3);
lineTo(306.6,3);
moveTo(357.7,-3);
lineTo(357.7,3);
moveTo(408.8,-3);
lineTo(408.8,3);
moveTo(459.90000000000003,-3);
lineTo(459.90000000000003,3);
moveTo(511,-3);
lineTo(511,3);
writeText(0,20,210,0);
writeText(1,67.1,210,0);
writeText(2,114.2,210,0);
writeText(3,161.3,210,0);
writeText(4,208.4,210,0);
writeText(5,255.5,210,0);
writeText(6,302.6,210,0);
writeText(7,349.7,210,0);
writeText(8,396.8,210,0);
writeText(9,443.90000000000003,210,0);
writeText(10,491,210,0);
writeText(0,0,-9.5,0);
writeText(1,51.1,-9.5,0);
writeText(2,102.2,-9.5,0);
writeText(3,153.3,-9.5,0);
writeText(4,204.4,-9.5,0);
writeText(5,255.5,-9.5,0);
writeText(6,306.6,-9.5,0);
writeText(7,357.7,-9.5,0);
writeText(8,408.8,-9.5,0);
writeText(9,459.90000000000003,-9.5,0);
writeText(10,511,-9.5,0);
writeText(0,-4.5,0,0);
writeText(1,-4.5,41.9,0);
writeText(2,-4.5,83.8,0);
writeText(3,-4.5,125.69999999999999,0);
writeText(4,-4.5,167.6,0);
writeText(5,-4.5,209.5,0);
writeText(6,-4.5,251.39999999999998,0);
writeText(7,-4.5,293.3,0);
writeText(8,-4.5,335.2,0);
writeText(9,-4.5,377.09999999999997,0);
writeText(10,-1,419,0);
writeText(0,251,0,0);
writeText(1,251,41.9,0);
writeText(2,251,83.8,0);
writeText(3,251,125.69999999999999,0);
writeText(4,251,167.6,0);
writeText(5,251,209.5,0);
writeText(6,251,251.39999999999998,0);
writeText(7,251,293.3,0);
writeText(8,251,335.2,0);
writeText(9,251,377.09999999999997,0);
writeText(10,254.5,419,0);
writeText(0,512.5,0,0);
writeText(1,512.5,41.9,0);
writeText(2,512.5,83.8,0);
writeText(3,512.5,125.69999999999999,0);
writeText(4,512.5,167.6,0);
writeText(5,512.5,209.5,0);
writeText(6,512.5,251.39999999999998,0);
writeText(7,512.5,293.3,0);
writeText(8,512.5,335.2,0);
writeText(9,512.5,377.09999999999997,0);
writeText(10,509,419,0);
setLineColor(#000000);
moveTo(0,0);
lineTo(0,419);
moveTo(-3,0);
lineTo(3,0);
moveTo(-3,41.9);
lineTo(3,41.9);
moveTo(-3,83.8);
lineTo(3,83.8);
moveTo(-3,125.69999999999999);
lineTo(3,125.69999999999999);
moveTo(-3,167.6);
lineTo(3,167.6);
moveTo(-3,209.5);
lineTo(3,209.5);
moveTo(-3,251.39999999999998);
lineTo(3,251.39999999999998);
moveTo(-3,293.3);
lineTo(3,293.3);
moveTo(-3,335.2);
lineTo(3,335.2);
moveTo(-3,377.09999999999997);
lineTo(3,377.09999999999997);
moveTo(-3,419);
lineTo(3,419);
writeText(0,20,210,0);
writeText(1,67.1,210,0);
writeText(2,114.2,210,0);
writeText(3,161.3,210,0);
writeText(4,208.4,210,0);
writeText(5,255.5,210,0);
writeText(6,302.6,210,0);
writeText(7,349.7,210,0);
writeText(8,396.8,210,0);
writeText(9,443.90000000000003,210,0);
writeText(10,491,210,0);
writeText(0,0,-9.5,0);
writeText(1,51.1,-9.5,0);
writeText(2,102.2,-9.5,0);
writeText(3,153.3,-9.5,0);
writeText(4,204.4,-9.5,0);
writeText(5,255.5,-9.5,0);
writeText(6,306.6,-9.5,0);
writeText(7,357.7,-9.5,0);
writeText(8,408.8,-9.5,0);
writeText(9,459.90000000000003,-9.5,0);
writeText(10,511,-9.5,0);
writeText(0,-4.5,0,0);
writeText(1,-4.5,41.9,0);
writeText(2,-4.5,83.8,0);
writeText(3,-4.5,125.69999999999999,0);
writeText(4,-4.5,167.6,0);
writeText(5,-4.5,209.5,0);
writeText(6,-4.5,251.39999999999998,0);
writeText(7,-4.5,293.3,0);
writeText(8,-4.5,335.2,0);
writeText(9,-4.5,377.09999999999997,0);
writeText(10,-1,419,0);
writeText(0,251,0,0);
writeText(1,251,41.9,0);
writeText(2,251,83.8,0);
writeText(3,251,125.69999999999999,0);
writeText(4,251,167.6,0);
writeText(5,251,209.5,0);
writeText(6,251,251.39999999999998,0);
writeText(7,251,293.3,0);
writeText(8,251,335.2,0);
writeText(9,251,377.09999999999997,0);
writeText(10,254.5,419,0);
writeText(0,512.5,0,0);
writeText(1,512.5,41.9,0);
writeText(2,512.5,83.8,0);
writeText(3,512.5,125.69999999999999,0);
writeText(4,512.5,167.6,0);
writeText(5,512.5,209.5,0);
writeText(6,512.5,251.39999999999998,0);
writeText(7,512.5,293.3,0);
writeText(8,512.5,335.2,0);
writeText(9,512.5,377.09999999999997,0);
writeText(10,509,419,0);
setLineColor(#000000);
moveTo(255.5,0);
lineTo(255.5,419);
moveTo(252.5,0);
lineTo(258.5,0);
moveTo(252.5,41.9);
lineTo(258.5,41.9);
moveTo(252.5,83.8);
lineTo(258.5,83.8);
moveTo(252.5,125.69999999999999);
lineTo(258.5,125.69999999999999);
moveTo(252.5,167.6);
lineTo(258.5,167.6);
moveTo(252.5,209.5);
lineTo(258.5,209.5);
moveTo(252.5,251.39999999999998);
lineTo(258.5,251.39999999999998);
moveTo(252.5,293.3);
lineTo(258.5,293.3);
moveTo(252.5,335.2);
lineTo(258.5,335.2);
moveTo(252.5,377.09999999999997);
lineTo(258.5,377.09999999999997);
moveTo(252.5,419);
lineTo(258.5,419);
writeText(0,20,210,0);
writeText(1,67.1,210,0);
writeText(2,114.2,210,0);
writeText(3,161.3,210,0);
writeText(4,208.4,210,0);
writeText(5,255.5,210,0);
writeText(6,302.6,210,0);
writeText(7,349.7,210,0);
writeText(8,396.8,210,0);
writeText(9,443.90000000000003,210,0);
writeText(10,491,210,0);
writeText(0,0,-9.5,0);
writeText(1,51.1,-9.5,0);
writeText(2,102.2,-9.5,0);
writeText(3,153.3,-9.5,0);
writeText(4,204.4,-9.5,0);
writeText(5,255.5,-9.5,0);
writeText(6,306.6,-9.5,0);
writeText(7,357.7,-9.5,0);
writeText(8,408.8,-9.5,0);
writeText(9,459.90000000000003,-9.5,0);
writeText(10,511,-9.5,0);
writeText(0,-4.5,0,0);
writeText(1,-4.5,41.9,0);
writeText(2,-4.5,83.8,0);
writeText(3,-4.5,125.69999999999999,0);
writeText(4,-4.5,167.6,0);
writeText(5,-4.5,209.5,0);
writeText(6,-4.5,251.39999999999998,0);
writeText(7,-4.5,293.3,0);
writeText(8,-4.5,335.2,0);
writeText(9,-4.5,377.09999999999997,0);
writeText(10,-1,419,0);
writeText(0,251,0,0);
writeText(1,251,41.9,0);
writeText(2,251,83.8,0);
writeText(3,251,125.69999999999999,0);
writeText(4,251,167.6,0);
writeText(5,251,209.5,0);
writeText(6,251,251.39999999999998,0);
writeText(7,251,293.3,0);
writeText(8,251,335.2,0);
writeText(9,251,377.09999999999997,0);
writeText(10,254.5,419,0);
writeText(0,512.5,0,0);
writeText(1,512.5,41.9,0);
writeText(2,512.5,83.8,0);
writeText(3,512.5,125.69999999999999,0);
writeText(4,512.5,167.6,0);
writeText(5,512.5,209.5,0);
writeText(6,512.5,251.39999999999998,0);
writeText(7,512.5,293.3,0);
writeText(8,512.5,335.2,0);
writeText(9,512.5,377.09999999999997,0);
writeText(10,509,419,0);
setLineColor(#000000);
moveTo(511,0);
lineTo(511,419);
moveTo(508,0);
lineTo(514,0);
moveTo(508,41.9);
lineTo(514,41.9);
moveTo(508,83.8);
lineTo(514,83.8);
moveTo(508,125.69999999999999);
lineTo(514,125.69999999999999);
moveTo(508,167.6);
lineTo(514,167.6);
moveTo(508,209.5);
lineTo(514,209.5);
moveTo(508,251.39999999999998);
lineTo(514,251.39999999999998);
moveTo(508,293.3);
lineTo(514,293.3);
moveTo(508,335.2);
lineTo(514,335.2);
moveTo(508,377.09999999999997);
lineTo(514,377.09999999999997);
moveTo(508,419);
lineTo(514,419);
writeText(0,20,210,0);
writeText(1,67.1,210,0);
writeText(2,114.2,210,0);
writeText(3,161.3,210,0);
writeText(4,208.4,210,0);
writeText(5,255.5,210,0);
writeText(6,302.6,210,0);
writeText(7,349.7,210,0);
writeText(8,396.8,210,0);
writeText(9,443.90000000000003,210,0);
writeText(10,491,210,0);
writeText(0,0,-9.5,0);
writeText(1,51.1,-9.5,0);
writeText(2,102.2,-9.5,0);
writeText(3,153.3,-9.5,0);
writeText(4,204.4,-9.5,0);
writeText(5,255.5,-9.5,0);
writeText(6,306.6,-9.5,0);
writeText(7,357.7,-9.5,0);
writeText(8,408.8,-9.5,0);
writeText(9,459.90000000000003,-9.5,0);
writeText(10,511,-9.5,0);
writeText(0,-4.5,0,0);
writeText(1,-4.5,41.9,0);
writeText(2,-4.5,83.8,0);
writeText(3,-4.5,125.69999999999999,0);
writeText(4,-4.5,167.6,0);
writeText(5,-4.5,209.5,0);
writeText(6,-4.5,251.39999999999998,0);
writeText(7,-4.5,293.3,0);
writeText(8,-4.5,335.2,0);
writeText(9,-4.5,377.09999999999997,0);
writeText(10,-1,419,0);
writeText(0,251,0,0);
writeText(1,251,41.9,0);
writeText(2,251,83.8,0);
writeText(3,251,125.69999999999999,0);
writeText(4,251,167.6,0);
writeText(5,251,209.5,0);
writeText(6,251,251.39999999999998,0);
writeText(7,251,293.3,0);
writeText(8,251,335.2,0);
writeText(9,251,377.09999999999997,0);
writeText(10,254.5,419,0);
writeText(0,512.5,0,0);
writeText(1,512.5,41.9,0);
writeText(2,512.5,83.8,0);
writeText(3,512.5,125.69999999999999,0);
writeText(4,512.5,167.6,0);
writeText(5,512.5,209.5,0);
writeText(6,512.5,251.39999999999998,0);
writeText(7,512.5,293.3,0);
writeText(8,512.5,335.2,0);
writeText(9,512.5,377.09999999999997,0);
writeText(10,509,419,0);
setLineColor(#000000);
setLineWidth(1);
moveTo(67.1,83.8);
lineTo(161.3,167.6);
lineTo(255.5,251.39999999999998);

