setFillColor(#000000);
drawRect(2,2,796,496);
fillArea();
setFillColor(#ffffff);
drawRect(4,4,792,492);
fillArea();
setLineColor(#eeeeee);
setLineWidth(0);
drawRect(69,179,552,377);
setLineColor(#000000);
moveTo(0,0);
lineTo(552,0);
moveTo(184,-3);
lineTo(184,3);
moveTo(460,-3);
lineTo(460,3);
writeText(12:00
12 Jan
2009,184,-9.5,0);
writeText(12:00
12 Jan
2009,460,-9.5,0);
writeText(0.0,0.5,0,0);
writeText(2.0,0.5,36.78048780487805,0);
writeText(4.0,0.5,73.5609756097561,0);
writeText(6.0,0.5,110.34146341463415,0);
writeText(8.0,0.5,147.1219512195122,0);
writeText(10.0,4,183.90243902439025,0);
writeText(12.0,4,220.6829268292683,0);
writeText(14.0,4,257.4634146341464,0);
writeText(16.0,4,294.2439024390244,0);
writeText(18.0,4,331.0243902439024,0);
writeText(20.0,4,367.8048780487805,0);
writeText(0.0,546.5,0,0);
writeText(1.0,546.5,37.32673267326733,0);
writeText(2.0,546.5,74.65346534653466,0);
writeText(3.0,546.5,111.98019801980199,0);
writeText(4.0,546.5,149.30693069306932,0);
writeText(5.0,546.5,186.63366336633663,0);
writeText(6.0,546.5,223.96039603960398,0);
writeText(7.0,546.5,261.2871287128713,0);
writeText(8.0,546.5,298.61386138613864,0);
writeText(9.0,546.5,335.94059405940595,0);
writeText(10.0,543,373.26732673267327,0);
writeText(0,613.5,0,0);
writeText(50,610,17.136363636363637,0);
writeText(100,606.5,34.27272727272727,0);
writeText(150,606.5,51.40909090909091,0);
writeText(200,606.5,68.54545454545455,0);
writeText(250,606.5,85.68181818181817,0);
writeText(300,606.5,102.81818181818181,0);
writeText(350,606.5,119.95454545454545,0);
writeText(400,606.5,137.0909090909091,0);
writeText(450,606.5,154.22727272727272,0);
writeText(500,606.5,171.36363636363635,0);
writeText(550,606.5,188.5,0);
writeText(600,606.5,205.63636363636363,0);
writeText(650,606.5,222.77272727272725,0);
writeText(700,606.5,239.9090909090909,0);
writeText(750,606.5,257.04545454545456,0);
writeText(800,606.5,274.1818181818182,0);
writeText(850,606.5,291.3181818181818,0);
writeText(900,606.5,308.45454545454544,0);
writeText(950,606.5,325.59090909090907,0);
writeText(1000,603,342.7272727272727,0);
writeText(1050,603,359.8636363636364,0);
writeText(1100,603,377,0);
writeText(0.0,666.5,0,0);
writeText(2.0,666.5,50.266666666666666,0);
writeText(4.0,666.5,100.53333333333333,0);
writeText(6.0,666.5,150.8,0);
writeText(8.0,666.5,201.06666666666666,0);
writeText(10.0,663,251.33333333333331,0);
writeText(12.0,663,301.6,0);
writeText(14.0,663,351.8666666666667,0);
setLineColor(#000000);
moveTo(0,0);
lineTo(0,377);
moveTo(-3,0);
lineTo(3,0);
moveTo(-3,36.78048780487805);
lineTo(3,36.78048780487805);
moveTo(-3,73.5609756097561);
lineTo(3,73.5609756097561);
moveTo(-3,110.34146341463415);
lineTo(3,110.34146341463415);
moveTo(-3,147.1219512195122);
lineTo(3,147.1219512195122);
moveTo(-3,183.90243902439025);
lineTo(3,183.90243902439025);
moveTo(-3,220.6829268292683);
lineTo(3,220.6829268292683);
moveTo(-3,257.4634146341464);
lineTo(3,257.4634146341464);
moveTo(-3,294.2439024390244);
lineTo(3,294.2439024390244);
moveTo(-3,331.0243902439024);
lineTo(3,331.0243902439024);
moveTo(-3,367.8048780487805);
lineTo(3,367.8048780487805);
writeText(12:00
12 Jan
2009,184,-9.5,0);
writeText(12:00
12 Jan
2009,460,-9.5,0);
writeText(0.0,0.5,0,0);
writeText(2.0,0.5,36.78048780487805,0);
writeText(4.0,0.5,73.5609756097561,0);
writeText(6.0,0.5,110.34146341463415,0);
writeText(8.0,0.5,147.1219512195122,0);
writeText(10.0,4,183.90243902439025,0);
writeText(12.0,4,220.6829268292683,0);
writeText(14.0,4,257.4634146341464,0);
writeText(16.0,4,294.2439024390244,0);
writeText(18.0,4,331.0243902439024,0);
writeText(20.0,4,367.8048780487805,0);
writeText(0.0,546.5,0,0);
writeText(1.0,546.5,37.32673267326733,0);
writeText(2.0,546.5,74.65346534653466,0);
writeText(3.0,546.5,111.98019801980199,0);
writeText(4.0,546.5,149.30693069306932,0);
writeText(5.0,546.5,186.63366336633663,0);
writeText(6.0,546.5,223.96039603960398,0);
writeText(7.0,546.5,261.2871287128713,0);
writeText(8.0,546.5,298.61386138613864,0);
writeText(9.0,546.5,335.94059405940595,0);
writeText(10.0,543,373.26732673267327,0);
writeText(0,613.5,0,0);
writeText(50,610,17.136363636363637,0);
writeText(100,606.5,34.27272727272727,0);
writeText(150,606.5,51.40909090909091,0);
writeText(200,606.5,68.54545454545455,0);
writeText(250,606.5,85.68181818181817,0);
writeText(300,606.5,102.81818181818181,0);
writeText(350,606.5,119.95454545454545,0);
writeText(400,606.5,137.0909090909091,0);
writeText(450,606.5,154.22727272727272,0);
writeText(500,606.5,171.36363636363635,0);
writeText(550,606.5,188.5,0);
writeText(600,606.5,205.63636363636363,0);
writeText(650,606.5,222.77272727272725,0);
writeText(700,606.5,239.9090909090909,0);
writeText(750,606.5,257.04545454545456,0);
writeText(800,606.5,274.1818181818182,0);
writeText(850,606.5,291.3181818181818,0);
writeText(900,606.5,308.45454545454544,0);
writeText(950,606.5,325.59090909090907,0);
writeText(1000,603,342.7272727272727,0);
writeText(1050,603,359.8636363636364,0);
writeText(1100,603,377,0);
writeText(0.0,666.5,0,0);
writeText(2.0,666.5,50.266666666666666,0);
writeText(4.0,666.5,100.53333333333333,0);
writeText(6.0,666.5,150.8,0);
writeText(8.0,666.5,201.06666666666666,0);
writeText(10.0,663,251.33333333333331,0);
writeText(12.0,663,301.6,0);
writeText(14.0,663,351.8666666666667,0);
setLineColor(#000000);
moveTo(552,0);
lineTo(552,377);
moveTo(549,0);
lineTo(555,0);
moveTo(549,37.32673267326733);
lineTo(555,37.32673267326733);
moveTo(549,74.65346534653466);
lineTo(555,74.65346534653466);
moveTo(549,111.98019801980199);
lineTo(555,111.98019801980199);
moveTo(549,149.30693069306932);
lineTo(555,149.30693069306932);
moveTo(549,186.63366336633663);
lineTo(555,186.63366336633663);
moveTo(549,223.96039603960398);
lineTo(555,223.96039603960398);
moveTo(549,261.2871287128713);
lineTo(555,261.2871287128713);
moveTo(549,298.61386138613864);
lineTo(555,298.61386138613864);
moveTo(549,335.94059405940595);
lineTo(555,335.94059405940595);
moveTo(549,373.26732673267327);
lineTo(555,373.26732673267327);
writeText(12:00
12 Jan
2009,184,-9.5,0);
writeText(12:00
12 Jan
2009,460,-9.5,0);
writeText(0.0,0.5,0,0);
writeText(2.0,0.5,36.78048780487805,0);
writeText(4.0,0.5,73.5609756097561,0);
writeText(6.0,0.5,110.34146341463415,0);
writeText(8.0,0.5,147.1219512195122,0);
writeText(10.0,4,183.90243902439025,0);
writeText(12.0,4,220.6829268292683,0);
writeText(14.0,4,257.4634146341464,0);
writeText(16.0,4,294.2439024390244,0);
writeText(18.0,4,331.0243902439024,0);
writeText(20.0,4,367.8048780487805,0);
writeText(0.0,546.5,0,0);
writeText(1.0,546.5,37.32673267326733,0);
writeText(2.0,546.5,74.65346534653466,0);
writeText(3.0,546.5,111.98019801980199,0);
writeText(4.0,546.5,149.30693069306932,0);
writeText(5.0,546.5,186.63366336633663,0);
writeText(6.0,546.5,223.96039603960398,0);
writeText(7.0,546.5,261.2871287128713,0);
writeText(8.0,546.5,298.61386138613864,0);
writeText(9.0,546.5,335.94059405940595,0);
writeText(10.0,543,373.26732673267327,0);
writeText(0,613.5,0,0);
writeText(50,610,17.136363636363637,0);
writeText(100,606.5,34.27272727272727,0);
writeText(150,606.5,51.40909090909091,0);
writeText(200,606.5,68.54545454545455,0);
writeText(250,606.5,85.68181818181817,0);
writeText(300,606.5,102.81818181818181,0);
writeText(350,606.5,119.95454545454545,0);
writeText(400,606.5,137.0909090909091,0);
writeText(450,606.5,154.22727272727272,0);
writeText(500,606.5,171.36363636363635,0);
writeText(550,606.5,188.5,0);
writeText(600,606.5,205.63636363636363,0);
writeText(650,606.5,222.77272727272725,0);
writeText(700,606.5,239.9090909090909,0);
writeText(750,606.5,257.04545454545456,0);
writeText(800,606.5,274.1818181818182,0);
writeText(850,606.5,291.3181818181818,0);
writeText(900,606.5,308.45454545454544,0);
writeText(950,606.5,325.59090909090907,0);
writeText(1000,603,342.7272727272727,0);
writeText(1050,603,359.8636363636364,0);
writeText(1100,603,377,0);
writeText(0.0,666.5,0,0);
writeText(2.0,666.5,50.266666666666666,0);
writeText(4.0,666.5,100.53333333333333,0);
writeText(6.0,666.5,150.8,0);
writeText(8.0,666.5,201.06666666666666,0);
writeText(10.0,663,251.33333333333331,0);
writeText(12.0,663,301.6,0);
writeText(14.0,663,351.8666666666667,0);
setLineColor(#000000);
moveTo(612,0);
lineTo(612,377);
moveTo(609,0);
lineTo(615,0);
moveTo(609,17.136363636363637);
lineTo(615,17.136363636363637);
moveTo(609,34.27272727272727);
lineTo(615,34.27272727272727);
moveTo(609,51.40909090909091);
lineTo(615,51.40909090909091);
moveTo(609,68.54545454545455);
lineTo(615,68.54545454545455);
moveTo(609,85.68181818181817);
lineTo(615,85.68181818181817);
moveTo(609,102.81818181818181);
lineTo(615,102.81818181818181);
moveTo(609,119.95454545454545);
lineTo(615,119.95454545454545);
moveTo(609,137.0909090909091);
lineTo(615,137.0909090909091);
moveTo(609,154.22727272727272);
lineTo(615,154.22727272727272);
moveTo(609,171.36363636363635);
lineTo(615,171.36363636363635);
moveTo(609,188.5);
lineTo(615,188.5);
moveTo(609,205.63636363636363);
lineTo(615,205.63636363636363);
moveTo(609,222.77272727272725);
lineTo(615,222.77272727272725);
moveTo(609,239.9090909090909);
lineTo(615,239.9090909090909);
moveTo(609,257.04545454545456);
lineTo(615,257.04545454545456);
moveTo(609,274.1818181818182);
lineTo(615,274.1818181818182);
moveTo(609,291.3181818181818);
lineTo(615,291.3181818181818);
moveTo(609,308.45454545454544);
lineTo(615,308.45454545454544);
moveTo(609,325.59090909090907);
lineTo(615,325.59090909090907);
moveTo(609,342.7272727272727);
lineTo(615,342.7272727272727);
moveTo(609,359.8636363636364);
lineTo(615,359.8636363636364);
moveTo(609,377);
lineTo(615,377);
writeText(12:00
12 Jan
2009,184,-9.5,0);
writeText(12:00
12 Jan
2009,460,-9.5,0);
writeText(0.0,0.5,0,0);
writeText(2.0,0.5,36.78048780487805,0);
writeText(4.0,0.5,73.5609756097561,0);
writeText(6.0,0.5,110.34146341463415,0);
writeText(8.0,0.5,147.1219512195122,0);
writeText(10.0,4,183.90243902439025,0);
writeText(12.0,4,220.6829268292683,0);
writeText(14.0,4,257.4634146341464,0);
writeText(16.0,4,294.2439024390244,0);
writeText(18.0,4,331.0243902439024,0);
writeText(20.0,4,367.8048780487805,0);
writeText(0.0,546.5,0,0);
writeText(1.0,546.5,37.32673267326733,0);
writeText(2.0,546.5,74.65346534653466,0);
writeText(3.0,546.5,111.98019801980199,0);
writeText(4.0,546.5,149.30693069306932,0);
writeText(5.0,546.5,186.63366336633663,0);
writeText(6.0,546.5,223.96039603960398,0);
writeText(7.0,546.5,261.2871287128713,0);
writeText(8.0,546.5,298.61386138613864,0);
writeText(9.0,546.5,335.94059405940595,0);
writeText(10.0,543,373.26732673267327,0);
writeText(0,613.5,0,0);
writeText(50,610,17.136363636363637,0);
writeText(100,606.5,34.27272727272727,0);
writeText(150,606.5,51.40909090909091,0);
writeText(200,606.5,68.54545454545455,0);
writeText(250,606.5,85.68181818181817,0);
writeText(300,606.5,102.81818181818181,0);
writeText(350,606.5,119.95454545454545,0);
writeText(400,606.5,137.0909090909091,0);
writeText(450,606.5,154.22727272727272,0);
writeText(500,606.5,171.36363636363635,0);
writeText(550,606.5,188.5,0);
writeText(600,606.5,205.63636363636363,0);
writeText(650,606.5,222.77272727272725,0);
writeText(700,606.5,239.9090909090909,0);
writeText(750,606.5,257.04545454545456,0);
writeText(800,606.5,274.1818181818182,0);
writeText(850,606.5,291.3181818181818,0);
writeText(900,606.5,308.45454545454544,0);
writeText(950,606.5,325.59090909090907,0);
writeText(1000,603,342.7272727272727,0);
writeText(1050,603,359.8636363636364,0);
writeText(1100,603,377,0);
writeText(0.0,666.5,0,0);
writeText(2.0,666.5,50.266666666666666,0);
writeText(4.0,666.5,100.53333333333333,0);
writeText(6.0,666.5,150.8,0);
writeText(8.0,666.5,201.06666666666666,0);
writeText(10.0,663,251.33333333333331,0);
writeText(12.0,663,301.6,0);
writeText(14.0,663,351.8666666666667,0);
setLineColor(#000000);
moveTo(672,0);
lineTo(672,377);
moveTo(669,0);
lineTo(675,0);
moveTo(669,50.266666666666666);
lineTo(675,50.266666666666666);
moveTo(669,100.53333333333333);
lineTo(675,100.53333333333333);
moveTo(669,150.8);
lineTo(675,150.8);
moveTo(669,201.06666666666666);
lineTo(675,201.06666666666666);
moveTo(669,251.33333333333331);
lineTo(675,251.33333333333331);
moveTo(669,301.6);
lineTo(675,301.6);
moveTo(669,351.8666666666667);
lineTo(675,351.8666666666667);
writeText(12:00
12 Jan
2009,184,-9.5,0);
writeText(12:00
12 Jan
2009,460,-9.5,0);
writeText(0.0,0.5,0,0);
writeText(2.0,0.5,36.78048780487805,0);
writeText(4.0,0.5,73.5609756097561,0);
writeText(6.0,0.5,110.34146341463415,0);
writeText(8.0,0.5,147.1219512195122,0);
writeText(10.0,4,183.90243902439025,0);
writeText(12.0,4,220.6829268292683,0);
writeText(14.0,4,257.4634146341464,0);
writeText(16.0,4,294.2439024390244,0);
writeText(18.0,4,331.0243902439024,0);
writeText(20.0,4,367.8048780487805,0);
writeText(0.0,546.5,0,0);
writeText(1.0,546.5,37.32673267326733,0);
writeText(2.0,546.5,74.65346534653466,0);
writeText(3.0,546.5,111.98019801980199,0);
writeText(4.0,546.5,149.30693069306932,0);
writeText(5.0,546.5,186.63366336633663,0);
writeText(6.0,546.5,223.96039603960398,0);
writeText(7.0,546.5,261.2871287128713,0);
writeText(8.0,546.5,298.61386138613864,0);
writeText(9.0,546.5,335.94059405940595,0);
writeText(10.0,543,373.26732673267327,0);
writeText(0,613.5,0,0);
writeText(50,610,17.136363636363637,0);
writeText(100,606.5,34.27272727272727,0);
writeText(150,606.5,51.40909090909091,0);
writeText(200,606.5,68.54545454545455,0);
writeText(250,606.5,85.68181818181817,0);
writeText(300,606.5,102.81818181818181,0);
writeText(350,606.5,119.95454545454545,0);
writeText(400,606.5,137.0909090909091,0);
writeText(450,606.5,154.22727272727272,0);
writeText(500,606.5,171.36363636363635,0);
writeText(550,606.5,188.5,0);
writeText(600,606.5,205.63636363636363,0);
writeText(650,606.5,222.77272727272725,0);
writeText(700,606.5,239.9090909090909,0);
writeText(750,606.5,257.04545454545456,0);
writeText(800,606.5,274.1818181818182,0);
writeText(850,606.5,291.3181818181818,0);
writeText(900,606.5,308.45454545454544,0);
writeText(950,606.5,325.59090909090907,0);
writeText(1000,603,342.7272727272727,0);
writeText(1050,603,359.8636363636364,0);
writeText(1100,603,377,0);
writeText(0.0,666.5,0,0);
writeText(2.0,666.5,50.266666666666666,0);
writeText(4.0,666.5,100.53333333333333,0);
writeText(6.0,666.5,150.8,0);
writeText(8.0,666.5,201.06666666666666,0);
writeText(10.0,663,251.33333333333331,0);
writeText(12.0,663,301.6,0);
writeText(14.0,663,351.8666666666667,0);
setFillColor(#ffaaaa);
setLineColor(#ffaaaa);
setLineColor(#ffaaaa);
setFillColor(#00ff00);
setLineColor(#000000);
setLineColor(#0000ff);
setLineWidth(3);
setLineColor(#ff0000);
setLineWidth(3);
setLineColor(#000000);
setLineWidth(1);

