setFillColor(#000000);
drawRect(0,0,800,400);
fillArea();
setFillColor(#ffffff);
drawRect(0,0,800,400);
fillArea();
setLineColor(#eeeeee);
setLineWidth(0);
drawRect(60,25,715,340);
setLineColor(#000000);
moveTo(0,0);
lineTo(715,0);
moveTo(0,-4);
lineTo(0,0);
moveTo(47.66144635490819,-4);
lineTo(47.66144635490819,0);
moveTo(95.33594348921258,-4);
lineTo(95.33594348921258,0);
moveTo(142.99738984412076,-4);
lineTo(142.99738984412076,0);
moveTo(190.65883619902897,-4);
lineTo(190.65883619902897,0);
moveTo(238.32028255393715,-4);
lineTo(238.32028255393715,0);
moveTo(285.9947796882415,-4);
lineTo(285.9947796882415,0);
moveTo(333.65622604314973,-4);
lineTo(333.65622604314973,0);
moveTo(381.3307231774541,-4);
lineTo(381.3307231774541,0);
moveTo(428.9921695323623,-4);
lineTo(428.9921695323623,0);
moveTo(476.6666666666667,-4);
lineTo(476.6666666666667,0);
moveTo(524.328113021575,-4);
lineTo(524.328113021575,0);
moveTo(572.0026101558793,-4);
lineTo(572.0026101558793,0);
moveTo(619.6640565107875,-4);
lineTo(619.6640565107875,0);
moveTo(667.3385536450919,-4);
lineTo(667.3385536450919,0);
moveTo(715.0000000000001,-4);
lineTo(715.0000000000001,0);
writeText(1870,0,-9.5,0);
writeText(1880,47.66144635490819,-9.5,0);
writeText(1890,95.33594348921258,-9.5,0);
writeText(1900,142.99738984412076,-9.5,0);
writeText(1910,190.65883619902897,-9.5,0);
writeText(1920,238.32028255393715,-9.5,0);
writeText(1930,285.9947796882415,-9.5,0);
writeText(1940,333.65622604314973,-9.5,0);
writeText(1950,381.3307231774541,-9.5,0);
writeText(1960,428.9921695323623,-9.5,0);
writeText(1970,476.6666666666667,-9.5,0);
writeText(1980,524.328113021575,-9.5,0);
writeText(1990,572.0026101558793,-9.5,0);
writeText(2000,619.6640565107875,-9.5,0);
writeText(2010,667.3385536450919,-9.5,0);
writeText(2020,715.0000000000001,-9.5,0);
writeText(-1.00,9.5,0,0);
writeText(-0.50,9.5,85,0);
writeText(0.00,6,170,0);
writeText(0.50,6,255,0);
writeText(1.00,6,340,0);
setLineColor(#000000);
moveTo(0,0);
lineTo(0,340);
moveTo(-4,0);
lineTo(0,0);
moveTo(-4,85);
lineTo(0,85);
moveTo(-4,170);
lineTo(0,170);
moveTo(-4,255);
lineTo(0,255);
moveTo(-4,340);
lineTo(0,340);
writeText(1870,0,-9.5,0);
writeText(1880,47.66144635490819,-9.5,0);
writeText(1890,95.33594348921258,-9.5,0);
writeText(1900,142.99738984412076,-9.5,0);
writeText(1910,190.65883619902897,-9.5,0);
writeText(1920,238.32028255393715,-9.5,0);
writeText(1930,285.9947796882415,-9.5,0);
writeText(1940,333.65622604314973,-9.5,0);
writeText(1950,381.3307231774541,-9.5,0);
writeText(1960,428.9921695323623,-9.5,0);
writeText(1970,476.6666666666667,-9.5,0);
writeText(1980,524.328113021575,-9.5,0);
writeText(1990,572.0026101558793,-9.5,0);
writeText(2000,619.6640565107875,-9.5,0);
writeText(2010,667.3385536450919,-9.5,0);
writeText(2020,715.0000000000001,-9.5,0);
writeText(-1.00,9.5,0,0);
writeText(-0.50,9.5,85,0);
writeText(0.00,6,170,0);
writeText(0.50,6,255,0);
writeText(1.00,6,340,0);
setFillColor(#6194c8);
setLineColor(#000000);
drawRect(47.66144635490819,170,NaN,-27.82899999999998);
drawRect(52.43803161391597,170,NaN,-18.937999999999988);
drawRect(57.201566093527546,170,NaN,-21.573000000000008);
drawRect(61.965100573139125,170,NaN,-30.05600000000001);
drawRect(66.7286350527507,170,NaN,-40.375);
drawRect(71.50522031175848,170,NaN,-35.61500000000001);
drawRect(76.26875479137007,170,NaN,-32.486999999999995);
drawRect(81.03228927098165,170,NaN,-44.879999999999995);
drawRect(85.79582375059323,170,NaN,-30.107);
drawRect(90.572409009601,170,NaN,-16.540999999999997);
drawRect(95.33594348921258,170,NaN,-52.971999999999994);
drawRect(100.09947796882416,170,NaN,-47.328);
drawRect(104.86301244843574,170,NaN,-53.44800000000001);
drawRect(109.63959770744351,170,NaN,-60.19700000000002);
drawRect(114.40313218705509,170,NaN,-53.141999999999996);
drawRect(119.16666666666667,170,NaN,-42.772000000000006);
drawRect(123.93020114627825,170,NaN,-18.73399999999998);
drawRect(128.70678640528604,170,NaN,-25.942000000000007);
drawRect(133.4703208848976,170,NaN,-48.02499999999999);
drawRect(138.2338553645092,170,NaN,-27.794999999999987);
drawRect(142.99738984412076,170,NaN,-20.281000000000006);
drawRect(147.76092432373235,170,NaN,-30.25999999999999);
drawRect(152.52445880334392,170,NaN,-45.22);
drawRect(157.2879932829555,170,NaN,-60.503);
drawRect(162.0515277625671,170,NaN,-70.958);
drawRect(166.82811302157486,170,NaN,-50.370999999999995);
drawRect(171.59164750118646,170,NaN,-41.81999999999999);
drawRect(176.35518198079802,170,NaN,-65.79);
drawRect(181.11871646040962,170,NaN,-73.729);
drawRect(185.89530171941738,170,NaN,-74.27300000000001);
drawRect(190.65883619902897,170,NaN,-71.17900000000002);
drawRect(195.42237067864053,170,NaN,-75.072);
drawRect(200.18590515825213,170,NaN,-65.55199999999999);
drawRect(204.96249041725991,170,NaN,-60.07799999999999);
drawRect(209.72602489687148,170,NaN,-32.53800000000001);
drawRect(214.48955937648307,170,NaN,-19.158999999999992);
drawRect(219.25309385609464,170,NaN,-53.07400000000001);
drawRect(224.02967911510243,170,NaN,-58.75200000000001);
drawRect(228.793213594714,170,NaN,-41.105999999999995);
drawRect(233.55674807432558,170,NaN,-44.42099999999999);
drawRect(238.32028255393715,170,NaN,-40.120000000000005);
drawRect(243.09686781294494,170,NaN,-28.49199999999999);
drawRect(247.8604022925565,170,NaN,-43.537000000000006);
drawRect(252.6239367721681,170,NaN,-39.71200000000002);
drawRect(257.3874712517797,170,NaN,-38.828);
drawRect(262.1640565107875,170,NaN,-27.08099999999999);
drawRect(266.92759099039904,170,NaN,-10.931000000000012);
drawRect(271.6911254700106,170,NaN,-22.287000000000006);
drawRect(276.45465994962217,170,NaN,-22.62700000000001);
drawRect(281.23124520862996,170,NaN,-43.09500000000001);
drawRect(285.9947796882415,170,NaN,-10.692999999999984);
drawRect(290.75831416785314,170,NaN,-6.324000000000012);
drawRect(295.5218486474647,170,NaN,-9.673000000000002);
drawRect(300.2984339064725,170,NaN,-33.91499999999999);
drawRect(305.06196838608406,170,NaN,-9.332999999999998);
drawRect(309.8255028656956,170,NaN,-14.603000000000009);
drawRect(314.58903734530725,170,NaN,-10.132000000000005);
drawRect(319.365622604315,170,NaN,8.823000000000008);
drawRect(324.1291570839266,170,NaN,13.65100000000001);
drawRect(328.89269156353816,170,NaN,11.203000000000003);
drawRect(333.65622604314973,170,NaN,18.937999999999988);
drawRect(338.4328113021575,170,NaN,27.77799999999999);
drawRect(343.1963457817691,170,NaN,19.75400000000002);
drawRect(347.95988026138065,170,NaN,19.04000000000002);
drawRect(352.72341474099227,170,NaN,37.484999999999985);
drawRect(357.50000000000006,170,NaN,15.623000000000019);
drawRect(362.2635344796116,170,NaN,-7.275999999999982);
drawRect(367.0270689592232,170,NaN,-7.377999999999986);
drawRect(371.79060343883475,170,NaN,-9.332999999999998);
drawRect(376.56718869784254,170,NaN,-11.576999999999998);
drawRect(381.3307231774541,170,NaN,-26.843000000000018);
drawRect(386.0942576570657,170,NaN,-0.2720000000000198);
drawRect(390.8577921366773,170,NaN,7.021000000000015);
drawRect(395.6343773956851,170,NaN,20.11100000000002);
drawRect(400.39791187529664,170,NaN,-16.218000000000018);
drawRect(405.1614463549082,170,NaN,-18.989000000000004);
drawRect(409.92498083451983,170,NaN,-28.96799999999999);
drawRect(414.70156609352756,170,NaN,12.036000000000001);
drawRect(419.4651005731392,170,NaN,20.70599999999999);
drawRect(424.22863505275075,170,NaN,13.344999999999999);
drawRect(428.9921695323623,170,NaN,4.946999999999974);
drawRect(433.7687547913701,170,NaN,17.968999999999994);
drawRect(438.53228927098166,170,NaN,22.491000000000014);
drawRect(443.29582375059323,170,NaN,25.568000000000012);
drawRect(448.05935823020485,170,NaN,-19.363);
drawRect(452.8359434892126,170,NaN,-8.245000000000005);
drawRect(457.5994779688242,170,NaN,1.5980000000000132);
drawRect(462.36301244843577,170,NaN,4.181999999999988);
drawRect(467.12654692804733,170,NaN,2.022999999999996);
drawRect(471.9031321870551,170,NaN,19.839);
drawRect(476.6666666666667,170,NaN,12.069999999999993);
drawRect(481.4302011462783,170,NaN,-4.896000000000015);
drawRect(486.1937356258899,170,NaN,9.860000000000014);
drawRect(490.97032088489766,170,NaN,32.827);
drawRect(495.7338553645092,170,NaN,-8.652999999999992);
drawRect(500.4973898441208,170,NaN,3.195999999999998);
drawRect(505.26092432373235,170,NaN,-12.631);
drawRect(510.03750958274014,170,NaN,30.430000000000007);
drawRect(514.8010440623517,170,NaN,17.017000000000024);
drawRect(519.5645785419633,170,NaN,31.739000000000004);
drawRect(524.328113021575,170,NaN,39.218999999999994);
drawRect(529.1046982805826,170,NaN,46.30799999999999);
drawRect(533.8682327601942,170,NaN,26.061000000000007);
drawRect(538.6317672398059,170,NaN,54.043000000000006);
drawRect(543.3953017194174,170,NaN,21.52200000000002);
drawRect(548.1718869784252,170,NaN,18.326000000000022);
drawRect(552.9354214580368,170,NaN,33.47300000000001);
drawRect(557.6989559376483,170,NaN,56.03200000000001);
drawRect(562.4624904172599,170,NaN,57.953);
drawRect(567.2390756762677,170,NaN,45.16900000000001);
drawRect(572.0026101558793,170,NaN,67.91499999999999);
drawRect(576.7661446354908,170,NaN,64.107);
drawRect(581.5296791151025,170,NaN,39.93300000000002);
drawRect(586.3062643741102,170,NaN,44.94800000000001);
drawRect(591.0697988537217,170,NaN,55.36899999999997);
drawRect(595.8333333333334,170,NaN,76.26199999999997);
drawRect(600.596867812945,170,NaN,54.02600000000001);
drawRect(605.3734530719528,170,NaN,86.97200000000004);
drawRect(610.1369875515643,170,NaN,107.219);
drawRect(614.9005220311759,170,NaN,76.99300000000002);
drawRect(619.6640565107875,170,NaN,72.709);
drawRect(624.4406417697952,170,NaN,93.41500000000002);
drawRect(629.2041762494068,170,NaN,103.97200000000004);
drawRect(633.9677107290184,170,NaN,105.45099999999996);
drawRect(638.73124520863,170,NaN,97.85200000000003);
drawRect(643.5078304676377,170,NaN,110.05799999999999);
drawRect(648.2713649472494,170,NaN,100.74200000000002);
drawRect(653.0348994268609,170,NaN,99.72199999999998);
drawRect(657.7984339064725,170,NaN,86.445);
drawRect(662.5750191654803,170,NaN,100.77600000000001);
drawRect(667.3385536450919,170,NaN,111.48600000000005);
drawRect(672.1020881247034,170,NaN,90.79700000000003);

