setFillColor(#000000);
drawRect(0,0,800,500);
fillArea();
setFillColor(#cccccc);
drawRect(5,5,790,490);
fillArea();
setLineColor(#eeeeee);
setLineWidth(0);
drawRect(48,45,707,435);
setLineColor(#000000);
moveTo(0,0);
lineTo(707,0);
setLineColor(#000000);
moveTo(0,0);
lineTo(0,435);
setFillColor(#00ff00);
setLineColor(#00ff00);
moveTo(0,62.914485000000006);
lineTo(7.07,63.11045249999999);
lineTo(7.07,206.625);
lineTo(0,206.625);
fillArea();
moveTo(7.07,63.11045249999999);
lineTo(14.14,56.792512499999994);
lineTo(14.14,206.625);
lineTo(7.07,206.625);
fillArea();
moveTo(14.14,56.792512499999994);
lineTo(21.21,38.7113025);
lineTo(21.21,206.625);
lineTo(14.14,206.625);
fillArea();
moveTo(21.21,38.7113025);
lineTo(28.28,37.32822);
lineTo(28.28,206.625);
lineTo(21.21,206.625);
fillArea();
moveTo(28.28,37.32822);
lineTo(35.35,54.5983725);
lineTo(35.35,206.625);
lineTo(28.28,206.625);
fillArea();
moveTo(35.35,54.5983725);
lineTo(42.42,71.73867750000001);
lineTo(42.42,206.625);
lineTo(35.35,206.625);
fillArea();
moveTo(42.42,71.73867750000001);
lineTo(49.49,61.3430475);
lineTo(49.49,206.625);
lineTo(42.42,206.625);
fillArea();
moveTo(49.49,61.3430475);
lineTo(56.56,52.849455000000006);
lineTo(56.56,206.625);
lineTo(49.49,206.625);
fillArea();
moveTo(56.56,52.849455000000006);
lineTo(63.63,55.94643750000001);
lineTo(63.63,206.625);
lineTo(56.56,206.625);
fillArea();
moveTo(98.98,63.17505000000001);
lineTo(106.05000000000001,72.58062);
lineTo(106.05000000000001,206.625);
lineTo(98.98,206.625);
fillArea();
moveTo(106.05000000000001,72.58062);
lineTo(113.12,83.7264075);
lineTo(113.12,206.625);
lineTo(106.05000000000001,206.625);
fillArea();
moveTo(113.12,83.7264075);
lineTo(120.19,69.208935);
lineTo(120.19,206.625);
lineTo(113.12,206.625);
fillArea();
moveTo(120.19,69.208935);
lineTo(127.26,75.46445250000001);
lineTo(127.26,206.625);
lineTo(120.19,206.625);
fillArea();
moveTo(127.26,75.46445250000001);
lineTo(134.33,88.262805);
lineTo(134.33,206.625);
lineTo(127.26,206.625);
fillArea();
moveTo(134.33,88.262805);
lineTo(141.4,74.44394249999999);
lineTo(141.4,206.625);
lineTo(134.33,206.625);
fillArea();
moveTo(141.4,74.44394249999999);
lineTo(148.47,73.66812);
lineTo(148.47,206.625);
lineTo(141.4,206.625);
fillArea();
moveTo(148.47,73.66812);
lineTo(155.54000000000002,79.685475);
lineTo(155.54000000000002,206.625);
lineTo(148.47,206.625);
fillArea();
moveTo(155.54000000000002,79.685475);
lineTo(162.61,87.718185);
lineTo(162.61,206.625);
lineTo(155.54000000000002,206.625);
fillArea();
moveTo(162.61,87.718185);
lineTo(169.68,86.7144225);
lineTo(169.68,206.625);
lineTo(162.61,206.625);
fillArea();
moveTo(169.68,86.7144225);
lineTo(176.75,84.86415);
lineTo(176.75,206.625);
lineTo(169.68,206.625);
fillArea();
moveTo(176.75,84.86415);
lineTo(183.82,79.19523);
lineTo(183.82,206.625);
lineTo(176.75,206.625);
fillArea();
moveTo(183.82,79.19523);
lineTo(190.89000000000001,81.86591250000001);
lineTo(190.89000000000001,206.625);
lineTo(183.82,206.625);
fillArea();
moveTo(190.89000000000001,81.86591250000001);
lineTo(197.96,95.8059225);
lineTo(197.96,206.625);
lineTo(190.89000000000001,206.625);
fillArea();
moveTo(197.96,95.8059225);
lineTo(205.03,87.386715);
lineTo(205.03,206.625);
lineTo(197.96,206.625);
fillArea();
moveTo(205.03,87.386715);
lineTo(212.10000000000002,75.55428);
lineTo(212.10000000000002,206.625);
lineTo(205.03,206.625);
fillArea();
moveTo(212.10000000000002,75.55428);
lineTo(219.17000000000002,79.9553925);
lineTo(219.17000000000002,206.625);
lineTo(212.10000000000002,206.625);
fillArea();
moveTo(219.17000000000002,79.9553925);
lineTo(226.24,81.6597225);
lineTo(226.24,206.625);
lineTo(219.17000000000002,206.625);
fillArea();
moveTo(226.24,81.6597225);
lineTo(233.31,85.0131375);
lineTo(233.31,206.625);
lineTo(226.24,206.625);
fillArea();
moveTo(233.31,85.0131375);
lineTo(240.38,86.4290625);
lineTo(240.38,206.625);
lineTo(233.31,206.625);
fillArea();
moveTo(240.38,86.4290625);
lineTo(247.45000000000002,94.218825);
lineTo(247.45000000000002,206.625);
lineTo(240.38,206.625);
fillArea();
moveTo(247.45000000000002,94.218825);
lineTo(254.52,97.31819999999999);
lineTo(254.52,206.625);
lineTo(247.45000000000002,206.625);
fillArea();
moveTo(254.52,97.31819999999999);
lineTo(261.59000000000003,90.30991499999999);
lineTo(261.59000000000003,206.625);
lineTo(254.52,206.625);
fillArea();
moveTo(261.59000000000003,90.30991499999999);
lineTo(268.66,92.1097275);
lineTo(268.66,206.625);
lineTo(261.59000000000003,206.625);
fillArea();
moveTo(268.66,92.1097275);
lineTo(275.73,104.63468250000001);
lineTo(275.73,206.625);
lineTo(268.66,206.625);
fillArea();
moveTo(296.94,104.20881750000001);
lineTo(304.01,99.801615);
lineTo(304.01,206.625);
lineTo(296.94,206.625);
fillArea();
moveTo(304.01,99.801615);
lineTo(311.08000000000004,100.9758975);
lineTo(311.08000000000004,206.625);
lineTo(304.01,206.625);
fillArea();
moveTo(311.08000000000004,100.9758975);
lineTo(318.15000000000003,114.9581025);
lineTo(318.15000000000003,206.625);
lineTo(311.08000000000004,206.625);
fillArea();
moveTo(318.15000000000003,114.9581025);
lineTo(325.22,106.2363525);
lineTo(325.22,206.625);
lineTo(318.15000000000003,206.625);
fillArea();
moveTo(325.22,106.2363525);
lineTo(332.29,101.50986);
lineTo(332.29,206.625);
lineTo(325.22,206.625);
fillArea();
moveTo(332.29,101.50986);
lineTo(339.36,103.96587);
lineTo(339.36,206.625);
lineTo(332.29,206.625);
fillArea();
moveTo(339.36,103.96587);
lineTo(346.43,93.64245000000001);
lineTo(346.43,206.625);
lineTo(339.36,206.625);
fillArea();
moveTo(346.43,93.64245000000001);
lineTo(353.5,111.6377475);
lineTo(353.5,206.625);
lineTo(346.43,206.625);
fillArea();
moveTo(353.5,111.6377475);
lineTo(360.57,117.7812525);
lineTo(360.57,206.625);
lineTo(353.5,206.625);
fillArea();
moveTo(360.57,117.7812525);
lineTo(367.64,100.77993);
lineTo(367.64,206.625);
lineTo(360.57,206.625);
fillArea();
moveTo(367.64,100.77993);
lineTo(374.71000000000004,118.89615749999999);
lineTo(374.71000000000004,206.625);
lineTo(367.64,206.625);
fillArea();
moveTo(374.71000000000004,118.89615749999999);
lineTo(381.78000000000003,120.90389999999998);
lineTo(381.78000000000003,206.625);
lineTo(374.71000000000004,206.625);
fillArea();
moveTo(381.78000000000003,120.90389999999998);
lineTo(388.85,113.00473500000001);
lineTo(388.85,206.625);
lineTo(381.78000000000003,206.625);
fillArea();
moveTo(388.85,113.00473500000001);
lineTo(395.92,118.781535);
lineTo(395.92,206.625);
lineTo(388.85,206.625);
fillArea();
moveTo(395.92,118.781535);
lineTo(402.99,125.74088250000001);
lineTo(402.99,206.625);
lineTo(395.92,206.625);
fillArea();
moveTo(402.99,125.74088250000001);
lineTo(410.06,116.7298575);
lineTo(410.06,206.625);
lineTo(402.99,206.625);
fillArea();
moveTo(410.06,116.7298575);
lineTo(417.13,131.5272525);
lineTo(417.13,206.625);
lineTo(410.06,206.625);
fillArea();
moveTo(417.13,131.5272525);
lineTo(424.20000000000005,121.73039999999999);
lineTo(424.20000000000005,206.625);
lineTo(417.13,206.625);
fillArea();
moveTo(424.20000000000005,121.73039999999999);
lineTo(431.27000000000004,117.05697749999999);
lineTo(431.27000000000004,206.625);
lineTo(424.20000000000005,206.625);
fillArea();
moveTo(431.27000000000004,117.05697749999999);
lineTo(438.34000000000003,117.15028499999998);
lineTo(438.34000000000003,206.625);
lineTo(431.27000000000004,206.625);
fillArea();
moveTo(438.34000000000003,117.15028499999998);
lineTo(445.41,118.89246);
lineTo(445.41,206.625);
lineTo(438.34000000000003,206.625);
fillArea();
moveTo(445.41,118.89246);
lineTo(452.48,109.76159249999999);
lineTo(452.48,206.625);
lineTo(445.41,206.625);
fillArea();
moveTo(452.48,109.76159249999999);
lineTo(459.55,113.93019749999999);
lineTo(459.55,206.625);
lineTo(452.48,206.625);
fillArea();
moveTo(459.55,113.93019749999999);
lineTo(466.62,118.78371000000001);
lineTo(466.62,206.625);
lineTo(459.55,206.625);
fillArea();
moveTo(466.62,118.78371000000001);
lineTo(473.69,130.386465);
lineTo(473.69,206.625);
lineTo(466.62,206.625);
fillArea();
moveTo(473.69,130.386465);
lineTo(480.76,135.9285825);
lineTo(480.76,206.625);
lineTo(473.69,206.625);
fillArea();
moveTo(480.76,135.9285825);
lineTo(487.83000000000004,130.395165);
lineTo(487.83000000000004,206.625);
lineTo(480.76,206.625);
fillArea();
moveTo(572.6700000000001,194.7431925);
lineTo(579.74,181.948755);
lineTo(579.74,206.625);
lineTo(572.6700000000001,206.625);
fillArea();
moveTo(579.74,181.948755);
lineTo(586.8100000000001,159.689805);
lineTo(586.8100000000001,206.625);
lineTo(579.74,206.625);
fillArea();
moveTo(586.8100000000001,159.689805);
lineTo(593.88,174.032625);
lineTo(593.88,206.625);
lineTo(586.8100000000001,206.625);
fillArea();
moveTo(593.88,174.032625);
lineTo(600.95,191.74626);
lineTo(600.95,206.625);
lineTo(593.88,206.625);
fillArea();
moveTo(600.95,191.74626);
lineTo(608.02,198.35304);
lineTo(608.02,206.625);
lineTo(600.95,206.625);
fillArea();
moveTo(608.02,198.35304);
lineTo(615.09,211.41217500000002);
lineTo(615.09,206.625);
lineTo(608.02,206.625);
fillArea();
moveTo(615.09,211.41217500000002);
lineTo(622.1600000000001,206.916885);
lineTo(622.1600000000001,206.625);
lineTo(615.09,206.625);
fillArea();
moveTo(622.1600000000001,206.916885);
lineTo(629.23,214.7323125);
lineTo(629.23,206.625);
lineTo(622.1600000000001,206.625);
fillArea();
moveTo(629.23,214.7323125);
lineTo(636.3000000000001,222.7323975);
lineTo(636.3000000000001,206.625);
lineTo(629.23,206.625);
fillArea();
moveTo(636.3000000000001,222.7323975);
lineTo(643.37,220.7979525);
lineTo(643.37,206.625);
lineTo(636.3000000000001,206.625);
fillArea();
moveTo(643.37,220.7979525);
lineTo(650.44,172.5468825);
lineTo(650.44,206.625);
lineTo(643.37,206.625);
fillArea();
moveTo(650.44,172.5468825);
lineTo(657.51,193.98042);
lineTo(657.51,206.625);
lineTo(650.44,206.625);
fillArea();
moveTo(657.51,193.98042);
lineTo(664.58,215.4448425);
lineTo(664.58,206.625);
lineTo(657.51,206.625);
fillArea();
moveTo(664.58,215.4448425);
lineTo(671.65,216.52299);
lineTo(671.65,206.625);
lineTo(664.58,206.625);
fillArea();
moveTo(671.65,216.52299);
lineTo(678.72,229.2556575);
lineTo(678.72,206.625);
lineTo(671.65,206.625);
fillArea();
moveTo(678.72,229.2556575);
lineTo(685.7900000000001,233.8322925);
lineTo(685.7900000000001,206.625);
lineTo(678.72,206.625);
fillArea();
moveTo(685.7900000000001,233.8322925);
lineTo(692.86,243.7742175);
lineTo(692.86,206.625);
lineTo(685.7900000000001,206.625);
fillArea();
moveTo(692.86,243.7742175);
lineTo(699.9300000000001,247.498905);
lineTo(699.9300000000001,206.625);
lineTo(692.86,206.625);
fillArea();
moveTo(699.9300000000001,247.498905);
lineTo(707,253.63327499999997);
lineTo(707,206.625);
lineTo(699.9300000000001,206.625);
fillArea();
setLineColor(#ff00ff);
moveTo(0,62.914485000000006);
lineTo(7.07,63.11045249999999);
moveTo(7.07,63.11045249999999);
lineTo(14.14,56.792512499999994);
moveTo(14.14,56.792512499999994);
lineTo(21.21,38.7113025);
moveTo(21.21,38.7113025);
lineTo(28.28,37.32822);
moveTo(28.28,37.32822);
lineTo(35.35,54.5983725);
moveTo(35.35,54.5983725);
lineTo(42.42,71.73867750000001);
moveTo(42.42,71.73867750000001);
lineTo(49.49,61.3430475);
moveTo(49.49,61.3430475);
lineTo(56.56,52.849455000000006);
moveTo(56.56,52.849455000000006);
lineTo(63.63,55.94643750000001);
moveTo(98.98,63.17505000000001);
lineTo(106.05000000000001,72.58062);
moveTo(106.05000000000001,72.58062);
lineTo(113.12,83.7264075);
moveTo(113.12,83.7264075);
lineTo(120.19,69.208935);
moveTo(120.19,69.208935);
lineTo(127.26,75.46445250000001);
moveTo(127.26,75.46445250000001);
lineTo(134.33,88.262805);
moveTo(134.33,88.262805);
lineTo(141.4,74.44394249999999);
moveTo(141.4,74.44394249999999);
lineTo(148.47,73.66812);
moveTo(148.47,73.66812);
lineTo(155.54000000000002,79.685475);
moveTo(155.54000000000002,79.685475);
lineTo(162.61,87.718185);
moveTo(162.61,87.718185);
lineTo(169.68,86.7144225);
moveTo(169.68,86.7144225);
lineTo(176.75,84.86415);
moveTo(176.75,84.86415);
lineTo(183.82,79.19523);
moveTo(183.82,79.19523);
lineTo(190.89000000000001,81.86591250000001);
moveTo(190.89000000000001,81.86591250000001);
lineTo(197.96,95.8059225);
moveTo(197.96,95.8059225);
lineTo(205.03,87.386715);
moveTo(205.03,87.386715);
lineTo(212.10000000000002,75.55428);
moveTo(212.10000000000002,75.55428);
lineTo(219.17000000000002,79.9553925);
moveTo(219.17000000000002,79.9553925);
lineTo(226.24,81.6597225);
moveTo(226.24,81.6597225);
lineTo(233.31,85.0131375);
moveTo(233.31,85.0131375);
lineTo(240.38,86.4290625);
moveTo(240.38,86.4290625);
lineTo(247.45000000000002,94.218825);
moveTo(247.45000000000002,94.218825);
lineTo(254.52,97.31819999999999);
moveTo(254.52,97.31819999999999);
lineTo(261.59000000000003,90.30991499999999);
moveTo(261.59000000000003,90.30991499999999);
lineTo(268.66,92.1097275);
moveTo(268.66,92.1097275);
lineTo(275.73,104.63468250000001);
moveTo(296.94,104.20881750000001);
lineTo(304.01,99.801615);
moveTo(304.01,99.801615);
lineTo(311.08000000000004,100.9758975);
moveTo(311.08000000000004,100.9758975);
lineTo(318.15000000000003,114.9581025);
moveTo(318.15000000000003,114.9581025);
lineTo(325.22,106.2363525);
moveTo(325.22,106.2363525);
lineTo(332.29,101.50986);
moveTo(332.29,101.50986);
lineTo(339.36,103.96587);
moveTo(339.36,103.96587);
lineTo(346.43,93.64245000000001);
moveTo(346.43,93.64245000000001);
lineTo(353.5,111.6377475);
moveTo(353.5,111.6377475);
lineTo(360.57,117.7812525);
moveTo(360.57,117.7812525);
lineTo(367.64,100.77993);
moveTo(367.64,100.77993);
lineTo(374.71000000000004,118.89615749999999);
moveTo(374.71000000000004,118.89615749999999);
lineTo(381.78000000000003,120.90389999999998);
moveTo(381.78000000000003,120.90389999999998);
lineTo(388.85,113.00473500000001);
moveTo(388.85,113.00473500000001);
lineTo(395.92,118.781535);
moveTo(395.92,118.781535);
lineTo(402.99,125.74088250000001);
moveTo(402.99,125.74088250000001);
lineTo(410.06,116.7298575);
moveTo(410.06,116.7298575);
lineTo(417.13,131.5272525);
moveTo(417.13,131.5272525);
lineTo(424.20000000000005,121.73039999999999);
moveTo(424.20000000000005,121.73039999999999);
lineTo(431.27000000000004,117.05697749999999);
moveTo(431.27000000000004,117.05697749999999);
lineTo(438.34000000000003,117.15028499999998);
moveTo(438.34000000000003,117.15028499999998);
lineTo(445.41,118.89246);
moveTo(445.41,118.89246);
lineTo(452.48,109.76159249999999);
moveTo(452.48,109.76159249999999);
lineTo(459.55,113.93019749999999);
moveTo(459.55,113.93019749999999);
lineTo(466.62,118.78371000000001);
moveTo(466.62,118.78371000000001);
lineTo(473.69,130.386465);
moveTo(473.69,130.386465);
lineTo(480.76,135.9285825);
moveTo(480.76,135.9285825);
lineTo(487.83000000000004,130.395165);
moveTo(572.6700000000001,194.7431925);
lineTo(579.74,181.948755);
moveTo(579.74,181.948755);
lineTo(586.8100000000001,159.689805);
moveTo(586.8100000000001,159.689805);
lineTo(593.88,174.032625);
moveTo(593.88,174.032625);
lineTo(600.95,191.74626);
moveTo(600.95,191.74626);
lineTo(608.02,198.35304);
moveTo(608.02,198.35304);
lineTo(615.09,211.41217500000002);
moveTo(615.09,211.41217500000002);
lineTo(622.1600000000001,206.916885);
moveTo(622.1600000000001,206.916885);
lineTo(629.23,214.7323125);
moveTo(629.23,214.7323125);
lineTo(636.3000000000001,222.7323975);
moveTo(636.3000000000001,222.7323975);
lineTo(643.37,220.7979525);
moveTo(643.37,220.7979525);
lineTo(650.44,172.5468825);
moveTo(650.44,172.5468825);
lineTo(657.51,193.98042);
moveTo(657.51,193.98042);
lineTo(664.58,215.4448425);
moveTo(664.58,215.4448425);
lineTo(671.65,216.52299);
moveTo(671.65,216.52299);
lineTo(678.72,229.2556575);
moveTo(678.72,229.2556575);
lineTo(685.7900000000001,233.8322925);
moveTo(685.7900000000001,233.8322925);
lineTo(692.86,243.7742175);
moveTo(692.86,243.7742175);
lineTo(699.9300000000001,247.498905);
moveTo(699.9300000000001,247.498905);
lineTo(707,253.63327499999997);

