setFillColor(#000000);
drawRect(0,0,800,500);
fillArea();
setFillColor(#cccccc);
drawRect(5,5,790,490);
fillArea();
setLineColor(#eeeeee);
setLineWidth(0);
drawRect(48,45,707,435);
setLineColor(#ff0000);
moveTo(20,217.5);
lineTo(687,217.5);
moveTo(20,214.5);
lineTo(20,220.5);
moveTo(86.7,214.5);
lineTo(86.7,220.5);
moveTo(153.4,214.5);
lineTo(153.4,220.5);
moveTo(220.10000000000002,214.5);
lineTo(220.10000000000002,220.5);
moveTo(286.8,214.5);
lineTo(286.8,220.5);
moveTo(353.5,214.5);
lineTo(353.5,220.5);
moveTo(420.20000000000005,214.5);
lineTo(420.20000000000005,220.5);
moveTo(486.90000000000003,214.5);
lineTo(486.90000000000003,220.5);
moveTo(553.6,214.5);
lineTo(553.6,220.5);
moveTo(620.3000000000001,214.5);
lineTo(620.3000000000001,220.5);
moveTo(687,214.5);
lineTo(687,220.5);
writeText(0,20,208,0);
writeText(1,86.7,208,0);
writeText(2,153.4,208,0);
writeText(3,220.10000000000002,208,0);
writeText(4,286.8,208,0);
writeText(5,353.5,208,0);
writeText(6,420.20000000000005,208,0);
writeText(7,486.90000000000003,208,0);
writeText(8,553.6,208,0);
writeText(9,620.3000000000001,208,0);
writeText(10,687,208,0);
writeText(0,0,-9.5,0);
writeText(1,70.7,-9.5,0);
writeText(2,141.4,-9.5,0);
writeText(3,212.10000000000002,-9.5,0);
writeText(4,282.8,-9.5,0);
writeText(5,353.5,-9.5,0);
writeText(6,424.20000000000005,-9.5,0);
writeText(7,494.90000000000003,-9.5,0);
writeText(8,565.6,-9.5,0);
writeText(9,636.3000000000001,-9.5,0);
writeText(10,707,-9.5,0);
writeText(0,-4.5,0,0);
writeText(1,-4.5,41.5,0);
writeText(2,-4.5,83,0);
writeText(3,-4.5,124.5,0);
writeText(4,-4.5,166,0);
writeText(5,-4.5,207.5,0);
writeText(6,-4.5,249,0);
writeText(7,-4.5,290.5,0);
writeText(8,-4.5,332,0);
writeText(9,-4.5,373.5,0);
writeText(10,-1,415,0);
writeText(0,349,0,0);
writeText(1,349,41.5,0);
writeText(2,349,83,0);
writeText(3,349,124.5,0);
writeText(4,349,166,0);
writeText(5,349,207.5,0);
writeText(6,349,249,0);
writeText(7,349,290.5,0);
writeText(8,349,332,0);
writeText(9,349,373.5,0);
writeText(10,352.5,415,0);
writeText(0,708.5,0,0);
writeText(1,708.5,41.5,0);
writeText(2,708.5,83,0);
writeText(3,708.5,124.5,0);
writeText(4,708.5,166,0);
writeText(5,708.5,207.5,0);
writeText(6,708.5,249,0);
writeText(7,708.5,290.5,0);
writeText(8,708.5,332,0);
writeText(9,708.5,373.5,0);
writeText(10,705,415,0);
setLineColor(#000000);
moveTo(0,0);
lineTo(707,0);
moveTo(0,-3);
lineTo(0,3);
moveTo(70.7,-3);
lineTo(70.7,3);
moveTo(141.4,-3);
lineTo(141.4,3);
moveTo(212.10000000000002,-3);
lineTo(212.10000000000002,3);
moveTo(282.8,-3);
lineTo(282.8,3);
moveTo(353.5,-3);
lineTo(353.5,3);
moveTo(424.20000000000005,-3);
lineTo(424.20000000000005,3);
moveTo(494.90000000000003,-3);
lineTo(494.90000000000003,3);
moveTo(565.6,-3);
lineTo(565.6,3);
moveTo(636.3000000000001,-3);
lineTo(636.3000000000001,3);
moveTo(707,-3);
lineTo(707,3);
writeText(0,20,208,0);
writeText(1,86.7,208,0);
writeText(2,153.4,208,0);
writeText(3,220.10000000000002,208,0);
writeText(4,286.8,208,0);
writeText(5,353.5,208,0);
writeText(6,420.20000000000005,208,0);
writeText(7,486.90000000000003,208,0);
writeText(8,553.6,208,0);
writeText(9,620.3000000000001,208,0);
writeText(10,687,208,0);
writeText(0,0,-9.5,0);
writeText(1,70.7,-9.5,0);
writeText(2,141.4,-9.5,0);
writeText(3,212.10000000000002,-9.5,0);
writeText(4,282.8,-9.5,0);
writeText(5,353.5,-9.5,0);
writeText(6,424.20000000000005,-9.5,0);
writeText(7,494.90000000000003,-9.5,0);
writeText(8,565.6,-9.5,0);
writeText(9,636.3000000000001,-9.5,0);
writeText(10,707,-9.5,0);
writeText(0,-4.5,0,0);
writeText(1,-4.5,41.5,0);
writeText(2,-4.5,83,0);
writeText(3,-4.5,124.5,0);
writeText(4,-4.5,166,0);
writeText(5,-4.5,207.5,0);
writeText(6,-4.5,249,0);
writeText(7,-4.5,290.5,0);
writeText(8,-4.5,332,0);
writeText(9,-4.5,373.5,0);
writeText(10,-1,415,0);
writeText(0,349,0,0);
writeText(1,349,41.5,0);
writeText(2,349,83,0);
writeText(3,349,124.5,0);
writeText(4,349,166,0);
writeText(5,349,207.5,0);
writeText(6,349,249,0);
writeText(7,349,290.5,0);
writeText(8,349,332,0);
writeText(9,349,373.5,0);
writeText(10,352.5,415,0);
writeText(0,708.5,0,0);
writeText(1,708.5,41.5,0);
writeText(2,708.5,83,0);
writeText(3,708.5,124.5,0);
writeText(4,708.5,166,0);
writeText(5,708.5,207.5,0);
writeText(6,708.5,249,0);
writeText(7,708.5,290.5,0);
writeText(8,708.5,332,0);
writeText(9,708.5,373.5,0);
writeText(10,705,415,0);
setLineColor(#000000);
moveTo(0,0);
lineTo(0,415);
moveTo(-3,0);
lineTo(3,0);
moveTo(-3,41.5);
lineTo(3,41.5);
moveTo(-3,83);
lineTo(3,83);
moveTo(-3,124.5);
lineTo(3,124.5);
moveTo(-3,166);
lineTo(3,166);
moveTo(-3,207.5);
lineTo(3,207.5);
moveTo(-3,249);
lineTo(3,249);
moveTo(-3,290.5);
lineTo(3,290.5);
moveTo(-3,332);
lineTo(3,332);
moveTo(-3,373.5);
lineTo(3,373.5);
moveTo(-3,415);
lineTo(3,415);
writeText(0,20,208,0);
writeText(1,86.7,208,0);
writeText(2,153.4,208,0);
writeText(3,220.10000000000002,208,0);
writeText(4,286.8,208,0);
writeText(5,353.5,208,0);
writeText(6,420.20000000000005,208,0);
writeText(7,486.90000000000003,208,0);
writeText(8,553.6,208,0);
writeText(9,620.3000000000001,208,0);
writeText(10,687,208,0);
writeText(0,0,-9.5,0);
writeText(1,70.7,-9.5,0);
writeText(2,141.4,-9.5,0);
writeText(3,212.10000000000002,-9.5,0);
writeText(4,282.8,-9.5,0);
writeText(5,353.5,-9.5,0);
writeText(6,424.20000000000005,-9.5,0);
writeText(7,494.90000000000003,-9.5,0);
writeText(8,565.6,-9.5,0);
writeText(9,636.3000000000001,-9.5,0);
writeText(10,707,-9.5,0);
writeText(0,-4.5,0,0);
writeText(1,-4.5,41.5,0);
writeText(2,-4.5,83,0);
writeText(3,-4.5,124.5,0);
writeText(4,-4.5,166,0);
writeText(5,-4.5,207.5,0);
writeText(6,-4.5,249,0);
writeText(7,-4.5,290.5,0);
writeText(8,-4.5,332,0);
writeText(9,-4.5,373.5,0);
writeText(10,-1,415,0);
writeText(0,349,0,0);
writeText(1,349,41.5,0);
writeText(2,349,83,0);
writeText(3,349,124.5,0);
writeText(4,349,166,0);
writeText(5,349,207.5,0);
writeText(6,349,249,0);
writeText(7,349,290.5,0);
writeText(8,349,332,0);
writeText(9,349,373.5,0);
writeText(10,352.5,415,0);
writeText(0,708.5,0,0);
writeText(1,708.5,41.5,0);
writeText(2,708.5,83,0);
writeText(3,708.5,124.5,0);
writeText(4,708.5,166,0);
writeText(5,708.5,207.5,0);
writeText(6,708.5,249,0);
writeText(7,708.5,290.5,0);
writeText(8,708.5,332,0);
writeText(9,708.5,373.5,0);
writeText(10,705,415,0);
setLineColor(#000000);
moveTo(353.5,0);
lineTo(353.5,415);
moveTo(350.5,0);
lineTo(356.5,0);
moveTo(350.5,41.5);
lineTo(356.5,41.5);
moveTo(350.5,83);
lineTo(356.5,83);
moveTo(350.5,124.5);
lineTo(356.5,124.5);
moveTo(350.5,166);
lineTo(356.5,166);
moveTo(350.5,207.5);
lineTo(356.5,207.5);
moveTo(350.5,249);
lineTo(356.5,249);
moveTo(350.5,290.5);
lineTo(356.5,290.5);
moveTo(350.5,332);
lineTo(356.5,332);
moveTo(350.5,373.5);
lineTo(356.5,373.5);
moveTo(350.5,415);
lineTo(356.5,415);
writeText(0,20,208,0);
writeText(1,86.7,208,0);
writeText(2,153.4,208,0);
writeText(3,220.10000000000002,208,0);
writeText(4,286.8,208,0);
writeText(5,353.5,208,0);
writeText(6,420.20000000000005,208,0);
writeText(7,486.90000000000003,208,0);
writeText(8,553.6,208,0);
writeText(9,620.3000000000001,208,0);
writeText(10,687,208,0);
writeText(0,0,-9.5,0);
writeText(1,70.7,-9.5,0);
writeText(2,141.4,-9.5,0);
writeText(3,212.10000000000002,-9.5,0);
writeText(4,282.8,-9.5,0);
writeText(5,353.5,-9.5,0);
writeText(6,424.20000000000005,-9.5,0);
writeText(7,494.90000000000003,-9.5,0);
writeText(8,565.6,-9.5,0);
writeText(9,636.3000000000001,-9.5,0);
writeText(10,707,-9.5,0);
writeText(0,-4.5,0,0);
writeText(1,-4.5,41.5,0);
writeText(2,-4.5,83,0);
writeText(3,-4.5,124.5,0);
writeText(4,-4.5,166,0);
writeText(5,-4.5,207.5,0);
writeText(6,-4.5,249,0);
writeText(7,-4.5,290.5,0);
writeText(8,-4.5,332,0);
writeText(9,-4.5,373.5,0);
writeText(10,-1,415,0);
writeText(0,349,0,0);
writeText(1,349,41.5,0);
writeText(2,349,83,0);
writeText(3,349,124.5,0);
writeText(4,349,166,0);
writeText(5,349,207.5,0);
writeText(6,349,249,0);
writeText(7,349,290.5,0);
writeText(8,349,332,0);
writeText(9,349,373.5,0);
writeText(10,352.5,415,0);
writeText(0,708.5,0,0);
writeText(1,708.5,41.5,0);
writeText(2,708.5,83,0);
writeText(3,708.5,124.5,0);
writeText(4,708.5,166,0);
writeText(5,708.5,207.5,0);
writeText(6,708.5,249,0);
writeText(7,708.5,290.5,0);
writeText(8,708.5,332,0);
writeText(9,708.5,373.5,0);
writeText(10,705,415,0);
setLineColor(#000000);
moveTo(707,0);
lineTo(707,415);
moveTo(704,0);
lineTo(710,0);
moveTo(704,41.5);
lineTo(710,41.5);
moveTo(704,83);
lineTo(710,83);
moveTo(704,124.5);
lineTo(710,124.5);
moveTo(704,166);
lineTo(710,166);
moveTo(704,207.5);
lineTo(710,207.5);
moveTo(704,249);
lineTo(710,249);
moveTo(704,290.5);
lineTo(710,290.5);
moveTo(704,332);
lineTo(710,332);
moveTo(704,373.5);
lineTo(710,373.5);
moveTo(704,415);
lineTo(710,415);
writeText(0,20,208,0);
writeText(1,86.7,208,0);
writeText(2,153.4,208,0);
writeText(3,220.10000000000002,208,0);
writeText(4,286.8,208,0);
writeText(5,353.5,208,0);
writeText(6,420.20000000000005,208,0);
writeText(7,486.90000000000003,208,0);
writeText(8,553.6,208,0);
writeText(9,620.3000000000001,208,0);
writeText(10,687,208,0);
writeText(0,0,-9.5,0);
writeText(1,70.7,-9.5,0);
writeText(2,141.4,-9.5,0);
writeText(3,212.10000000000002,-9.5,0);
writeText(4,282.8,-9.5,0);
writeText(5,353.5,-9.5,0);
writeText(6,424.20000000000005,-9.5,0);
writeText(7,494.90000000000003,-9.5,0);
writeText(8,565.6,-9.5,0);
writeText(9,636.3000000000001,-9.5,0);
writeText(10,707,-9.5,0);
writeText(0,-4.5,0,0);
writeText(1,-4.5,41.5,0);
writeText(2,-4.5,83,0);
writeText(3,-4.5,124.5,0);
writeText(4,-4.5,166,0);
writeText(5,-4.5,207.5,0);
writeText(6,-4.5,249,0);
writeText(7,-4.5,290.5,0);
writeText(8,-4.5,332,0);
writeText(9,-4.5,373.5,0);
writeText(10,-1,415,0);
writeText(0,349,0,0);
writeText(1,349,41.5,0);
writeText(2,349,83,0);
writeText(3,349,124.5,0);
writeText(4,349,166,0);
writeText(5,349,207.5,0);
writeText(6,349,249,0);
writeText(7,349,290.5,0);
writeText(8,349,332,0);
writeText(9,349,373.5,0);
writeText(10,352.5,415,0);
writeText(0,708.5,0,0);
writeText(1,708.5,41.5,0);
writeText(2,708.5,83,0);
writeText(3,708.5,124.5,0);
writeText(4,708.5,166,0);
writeText(5,708.5,207.5,0);
writeText(6,708.5,249,0);
writeText(7,708.5,290.5,0);
writeText(8,708.5,332,0);
writeText(9,708.5,373.5,0);
writeText(10,705,415,0);
setLineColor(#000000);
setLineWidth(1);
moveTo(86.7,83);
lineTo(220.10000000000002,166);
lineTo(353.5,249);

