setFillColor(#000000);
drawRect(0,0,800,500);
fillArea();
setFillColor(#cccccc);
drawRect(5,5,790,490);
fillArea();
setLineColor(#eeeeee);
setLineWidth(0);
drawRect(48,45,707,435);
setLineColor(#000000);
moveTo(0,0);
lineTo(707,0);
moveTo(0,-5);
lineTo(0,5);
moveTo(35.35,-5);
lineTo(35.35,5);
moveTo(70.7,-5);
lineTo(70.7,5);
moveTo(106.05000000000001,-5);
lineTo(106.05000000000001,5);
moveTo(141.4,-5);
lineTo(141.4,5);
moveTo(176.75,-5);
lineTo(176.75,5);
moveTo(212.10000000000002,-5);
lineTo(212.10000000000002,5);
moveTo(247.45000000000002,-5);
lineTo(247.45000000000002,5);
moveTo(282.8,-5);
lineTo(282.8,5);
moveTo(318.15000000000003,-5);
lineTo(318.15000000000003,5);
moveTo(353.5,-5);
lineTo(353.5,5);
moveTo(388.85,-5);
lineTo(388.85,5);
moveTo(424.20000000000005,-5);
lineTo(424.20000000000005,5);
moveTo(459.55,-5);
lineTo(459.55,5);
moveTo(494.90000000000003,-5);
lineTo(494.90000000000003,5);
moveTo(530.25,-5);
lineTo(530.25,5);
moveTo(565.6,-5);
lineTo(565.6,5);
moveTo(600.95,-5);
lineTo(600.95,5);
moveTo(636.3000000000001,-5);
lineTo(636.3000000000001,5);
moveTo(671.65,-5);
lineTo(671.65,5);
moveTo(707,-5);
lineTo(707,5);
writeText(1900,10,-10,45);
writeText(1905,45.35,-10,45);
writeText(1910,80.7,-10,45);
writeText(1915,116.05000000000001,-10,45);
writeText(1920,151.4,-10,45);
writeText(1925,186.75,-10,45);
writeText(1930,222.10000000000002,-10,45);
writeText(1935,257.45000000000005,-10,45);
writeText(1940,292.8,-10,45);
writeText(1945,328.15000000000003,-10,45);
writeText(1950,363.5,-10,45);
writeText(1955,398.85,-10,45);
writeText(1960,434.20000000000005,-10,45);
writeText(1965,469.55,-10,45);
writeText(1970,504.90000000000003,-10,45);
writeText(1975,540.25,-10,45);
writeText(1980,575.6,-10,45);
writeText(1985,610.95,-10,45);
writeText(1990,646.3000000000001,-10,45);
writeText(1995,681.65,-10,45);
writeText(2000,717,-10,45);
writeText(-1.00,0,0,0);
writeText(-0.50,0,108.75,0);
writeText(0.00,0,217.5,0);
writeText(0.50,0,326.25,0);
writeText(1.00,0,435,0);
setLineColor(#000000);
moveTo(0,0);
lineTo(0,435);
moveTo(-3,0);
lineTo(3,0);
moveTo(-3,108.75);
lineTo(3,108.75);
moveTo(-3,217.5);
lineTo(3,217.5);
moveTo(-3,326.25);
lineTo(3,326.25);
moveTo(-3,435);
lineTo(3,435);
writeText(1900,10,-10,45);
writeText(1905,45.35,-10,45);
writeText(1910,80.7,-10,45);
writeText(1915,116.05000000000001,-10,45);
writeText(1920,151.4,-10,45);
writeText(1925,186.75,-10,45);
writeText(1930,222.10000000000002,-10,45);
writeText(1935,257.45000000000005,-10,45);
writeText(1940,292.8,-10,45);
writeText(1945,328.15000000000003,-10,45);
writeText(1950,363.5,-10,45);
writeText(1955,398.85,-10,45);
writeText(1960,434.20000000000005,-10,45);
writeText(1965,469.55,-10,45);
writeText(1970,504.90000000000003,-10,45);
writeText(1975,540.25,-10,45);
writeText(1980,575.6,-10,45);
writeText(1985,610.95,-10,45);
writeText(1990,646.3000000000001,-10,45);
writeText(1995,681.65,-10,45);
writeText(2000,717,-10,45);
writeText(-1.00,0,0,0);
writeText(-0.50,0,108.75,0);
writeText(0.00,0,217.5,0);
writeText(0.50,0,326.25,0);
writeText(1.00,0,435,0);
setLineColor(#ff00ff);
setLineWidth(3);
moveTo(0,62.914485000000006);
lineTo(7.07,63.11045249999999);
lineTo(14.14,56.792512499999994);
lineTo(21.21,38.7113025);
lineTo(28.28,37.32822);
lineTo(35.35,54.5983725);
lineTo(42.42,71.73867750000001);
lineTo(49.49,61.3430475);
lineTo(56.56,52.849455000000006);
lineTo(63.63,55.94643750000001);
moveTo(98.98,63.17505000000001);
lineTo(106.05000000000001,72.58062);
lineTo(113.12,83.7264075);
lineTo(120.19,69.208935);
lineTo(127.26,75.46445250000001);
lineTo(134.33,88.262805);
lineTo(141.4,74.44394249999999);
lineTo(148.47,73.66812);
lineTo(155.54000000000002,79.685475);
lineTo(162.61,87.718185);
lineTo(169.68,86.7144225);
lineTo(176.75,84.86415);
lineTo(183.82,79.19523);
lineTo(190.89000000000001,81.86591250000001);
lineTo(197.96,95.8059225);
lineTo(205.03,87.386715);
lineTo(212.10000000000002,75.55428);
lineTo(219.17000000000002,79.9553925);
lineTo(226.24,81.6597225);
lineTo(233.31,85.0131375);
lineTo(240.38,86.4290625);
lineTo(247.45000000000002,94.218825);
lineTo(254.52,97.31819999999999);
lineTo(261.59000000000003,90.30991499999999);
lineTo(268.66,92.1097275);
lineTo(275.73,104.63468250000001);
moveTo(296.94,104.20881750000001);
lineTo(304.01,99.801615);
lineTo(311.08000000000004,100.9758975);
lineTo(318.15000000000003,114.9581025);
lineTo(325.22,106.2363525);
lineTo(332.29,101.50986);
lineTo(339.36,103.96587);
lineTo(346.43,93.64245000000001);
lineTo(353.5,111.6377475);
lineTo(360.57,117.7812525);
lineTo(367.64,100.77993);
lineTo(374.71000000000004,118.89615749999999);
lineTo(381.78000000000003,120.90389999999998);
lineTo(388.85,113.00473500000001);
lineTo(395.92,118.781535);
lineTo(402.99,125.74088250000001);
lineTo(410.06,116.7298575);
lineTo(417.13,131.5272525);
lineTo(424.20000000000005,121.73039999999999);
lineTo(431.27000000000004,117.05697749999999);
lineTo(438.34000000000003,117.15028499999998);
lineTo(445.41,118.89246);
lineTo(452.48,109.76159249999999);
lineTo(459.55,113.93019749999999);
lineTo(466.62,118.78371000000001);
lineTo(473.69,130.386465);
lineTo(480.76,135.9285825);
lineTo(487.83000000000004,130.395165);
moveTo(572.6700000000001,194.7431925);
lineTo(579.74,181.948755);
lineTo(586.8100000000001,159.689805);
lineTo(593.88,174.032625);
lineTo(600.95,191.74626);
lineTo(608.02,198.35304);
lineTo(615.09,211.41217500000002);
lineTo(622.1600000000001,206.916885);
lineTo(629.23,214.7323125);
lineTo(636.3000000000001,222.7323975);
lineTo(643.37,220.7979525);
lineTo(650.44,172.5468825);
lineTo(657.51,193.98042);
lineTo(664.58,215.4448425);
lineTo(671.65,216.52299);
lineTo(678.72,229.2556575);
lineTo(685.7900000000001,233.8322925);
lineTo(692.86,243.7742175);
lineTo(699.9300000000001,247.498905);
lineTo(707,253.63327499999997);
setLineColor(#000000);
setLineWidth(2);
setFillColor(#ffffff);
circle(0,62.914485000000006,3);
fillArea();
circle(7.07,63.11045249999999,3);
fillArea();
circle(14.14,56.792512499999994,3);
fillArea();
circle(21.21,38.7113025,3);
fillArea();
circle(28.28,37.32822,3);
fillArea();
circle(35.35,54.5983725,3);
fillArea();
circle(42.42,71.73867750000001,3);
fillArea();
circle(49.49,61.3430475,3);
fillArea();
circle(56.56,52.849455000000006,3);
fillArea();
circle(63.63,55.94643750000001,3);
fillArea();
circle(98.98,63.17505000000001,3);
fillArea();
circle(106.05000000000001,72.58062,3);
fillArea();
circle(113.12,83.7264075,3);
fillArea();
circle(120.19,69.208935,3);
fillArea();
circle(127.26,75.46445250000001,3);
fillArea();
circle(134.33,88.262805,3);
fillArea();
circle(141.4,74.44394249999999,3);
fillArea();
circle(148.47,73.66812,3);
fillArea();
circle(155.54000000000002,79.685475,3);
fillArea();
circle(162.61,87.718185,3);
fillArea();
circle(169.68,86.7144225,3);
fillArea();
circle(176.75,84.86415,3);
fillArea();
circle(183.82,79.19523,3);
fillArea();
circle(190.89000000000001,81.86591250000001,3);
fillArea();
circle(197.96,95.8059225,3);
fillArea();
circle(205.03,87.386715,3);
fillArea();
circle(212.10000000000002,75.55428,3);
fillArea();
circle(219.17000000000002,79.9553925,3);
fillArea();
circle(226.24,81.6597225,3);
fillArea();
circle(233.31,85.0131375,3);
fillArea();
circle(240.38,86.4290625,3);
fillArea();
circle(247.45000000000002,94.218825,3);
fillArea();
circle(254.52,97.31819999999999,3);
fillArea();
circle(261.59000000000003,90.30991499999999,3);
fillArea();
circle(268.66,92.1097275,3);
fillArea();
circle(275.73,104.63468250000001,3);
fillArea();
circle(296.94,104.20881750000001,3);
fillArea();
circle(304.01,99.801615,3);
fillArea();
circle(311.08000000000004,100.9758975,3);
fillArea();
circle(318.15000000000003,114.9581025,3);
fillArea();
circle(325.22,106.2363525,3);
fillArea();
circle(332.29,101.50986,3);
fillArea();
circle(339.36,103.96587,3);
fillArea();
circle(346.43,93.64245000000001,3);
fillArea();
circle(353.5,111.6377475,3);
fillArea();
circle(360.57,117.7812525,3);
fillArea();
circle(367.64,100.77993,3);
fillArea();
circle(374.71000000000004,118.89615749999999,3);
fillArea();
circle(381.78000000000003,120.90389999999998,3);
fillArea();
circle(388.85,113.00473500000001,3);
fillArea();
circle(395.92,118.781535,3);
fillArea();
circle(402.99,125.74088250000001,3);
fillArea();
circle(410.06,116.7298575,3);
fillArea();
circle(417.13,131.5272525,3);
fillArea();
circle(424.20000000000005,121.73039999999999,3);
fillArea();
circle(431.27000000000004,117.05697749999999,3);
fillArea();
circle(438.34000000000003,117.15028499999998,3);
fillArea();
circle(445.41,118.89246,3);
fillArea();
circle(452.48,109.76159249999999,3);
fillArea();
circle(459.55,113.93019749999999,3);
fillArea();
circle(466.62,118.78371000000001,3);
fillArea();
circle(473.69,130.386465,3);
fillArea();
circle(480.76,135.9285825,3);
fillArea();
circle(487.83000000000004,130.395165,3);
fillArea();
circle(572.6700000000001,194.7431925,3);
fillArea();
circle(579.74,181.948755,3);
fillArea();
circle(586.8100000000001,159.689805,3);
fillArea();
circle(593.88,174.032625,3);
fillArea();
circle(600.95,191.74626,3);
fillArea();
circle(608.02,198.35304,3);
fillArea();
circle(615.09,211.41217500000002,3);
fillArea();
circle(622.1600000000001,206.916885,3);
fillArea();
circle(629.23,214.7323125,3);
fillArea();
circle(636.3000000000001,222.7323975,3);
fillArea();
circle(643.37,220.7979525,3);
fillArea();
circle(650.44,172.5468825,3);
fillArea();
circle(657.51,193.98042,3);
fillArea();
circle(664.58,215.4448425,3);
fillArea();
circle(671.65,216.52299,3);
fillArea();
circle(678.72,229.2556575,3);
fillArea();
circle(685.7900000000001,233.8322925,3);
fillArea();
circle(692.86,243.7742175,3);
fillArea();
circle(699.9300000000001,247.498905,3);
fillArea();
circle(707,253.63327499999997,3);
fillArea();

