setFillColor(#000000);
drawRect(0,0,800,300);
fillArea();
setFillColor(#cccccc);
drawRect(5,5,790,290);
fillArea();
setLineColor(#eeeeee);
setLineWidth(0);
drawRect(48,45,707,235);
setLineColor(#000000);
moveTo(0,0);
lineTo(707,0);
moveTo(0,-5);
lineTo(0,5);
moveTo(35.35,-5);
lineTo(35.35,5);
moveTo(70.7,-5);
lineTo(70.7,5);
moveTo(106.05000000000001,-5);
lineTo(106.05000000000001,5);
moveTo(141.4,-5);
lineTo(141.4,5);
moveTo(176.75,-5);
lineTo(176.75,5);
moveTo(212.10000000000002,-5);
lineTo(212.10000000000002,5);
moveTo(247.45000000000002,-5);
lineTo(247.45000000000002,5);
moveTo(282.8,-5);
lineTo(282.8,5);
moveTo(318.15000000000003,-5);
lineTo(318.15000000000003,5);
moveTo(353.5,-5);
lineTo(353.5,5);
moveTo(388.85,-5);
lineTo(388.85,5);
moveTo(424.20000000000005,-5);
lineTo(424.20000000000005,5);
moveTo(459.55,-5);
lineTo(459.55,5);
moveTo(494.90000000000003,-5);
lineTo(494.90000000000003,5);
moveTo(530.25,-5);
lineTo(530.25,5);
moveTo(565.6,-5);
lineTo(565.6,5);
moveTo(600.95,-5);
lineTo(600.95,5);
moveTo(636.3000000000001,-5);
lineTo(636.3000000000001,5);
moveTo(671.65,-5);
lineTo(671.65,5);
moveTo(707,-5);
lineTo(707,5);
writeText(1900,10,-10,45);
writeText(1905,45.35,-10,45);
writeText(1910,80.7,-10,45);
writeText(1915,116.05000000000001,-10,45);
writeText(1920,151.4,-10,45);
writeText(1925,186.75,-10,45);
writeText(1930,222.10000000000002,-10,45);
writeText(1935,257.45000000000005,-10,45);
writeText(1940,292.8,-10,45);
writeText(1945,328.15000000000003,-10,45);
writeText(1950,363.5,-10,45);
writeText(1955,398.85,-10,45);
writeText(1960,434.20000000000005,-10,45);
writeText(1965,469.55,-10,45);
writeText(1970,504.90000000000003,-10,45);
writeText(1975,540.25,-10,45);
writeText(1980,575.6,-10,45);
writeText(1985,610.95,-10,45);
writeText(1990,646.3000000000001,-10,45);
writeText(1995,681.65,-10,45);
writeText(2000,717,-10,45);
writeText(-1.00,0,0,0);
writeText(-0.50,0,58.75,0);
writeText(0.00,0,117.5,0);
writeText(0.50,0,176.25,0);
writeText(1.00,0,235,0);
setLineColor(#000000);
moveTo(0,0);
lineTo(0,235);
moveTo(-3,0);
lineTo(3,0);
moveTo(-3,58.75);
lineTo(3,58.75);
moveTo(-3,117.5);
lineTo(3,117.5);
moveTo(-3,176.25);
lineTo(3,176.25);
moveTo(-3,235);
lineTo(3,235);
writeText(1900,10,-10,45);
writeText(1905,45.35,-10,45);
writeText(1910,80.7,-10,45);
writeText(1915,116.05000000000001,-10,45);
writeText(1920,151.4,-10,45);
writeText(1925,186.75,-10,45);
writeText(1930,222.10000000000002,-10,45);
writeText(1935,257.45000000000005,-10,45);
writeText(1940,292.8,-10,45);
writeText(1945,328.15000000000003,-10,45);
writeText(1950,363.5,-10,45);
writeText(1955,398.85,-10,45);
writeText(1960,434.20000000000005,-10,45);
writeText(1965,469.55,-10,45);
writeText(1970,504.90000000000003,-10,45);
writeText(1975,540.25,-10,45);
writeText(1980,575.6,-10,45);
writeText(1985,610.95,-10,45);
writeText(1990,646.3000000000001,-10,45);
writeText(1995,681.65,-10,45);
writeText(2000,717,-10,45);
writeText(-1.00,0,0,0);
writeText(-0.50,0,58.75,0);
writeText(0.00,0,117.5,0);
writeText(0.50,0,176.25,0);
writeText(1.00,0,235,0);
setLineColor(#ff00ff);
setLineWidth(3);
moveTo(0,33.988285000000005);
lineTo(7.07,34.09415249999999);
lineTo(14.14,30.681012499999998);
lineTo(21.21,20.9130025);
lineTo(28.28,20.16582);
lineTo(35.35,29.4956725);
lineTo(42.42,38.7553775);
lineTo(49.49,33.1393475);
lineTo(56.56,28.550855000000006);
lineTo(63.63,30.223937500000005);
moveTo(98.98,34.12905000000001);
lineTo(106.05000000000001,39.21022);
lineTo(113.12,45.2315075);
lineTo(120.19,37.388735);
lineTo(127.26,40.7681525);
lineTo(134.33,47.682205);
lineTo(141.4,40.2168425);
lineTo(148.47,39.79772);
lineTo(155.54000000000002,43.048474999999996);
lineTo(162.61,47.38798500000001);
lineTo(169.68,46.8457225);
lineTo(176.75,45.846149999999994);
lineTo(183.82,42.78363);
lineTo(190.89000000000001,44.2264125);
lineTo(197.96,51.7572225);
lineTo(205.03,47.208915);
lineTo(212.10000000000002,40.816680000000005);
lineTo(219.17000000000002,43.1942925);
lineTo(226.24,44.115022499999995);
lineTo(233.31,45.926637500000005);
lineTo(240.38,46.6915625);
lineTo(247.45000000000002,50.89982499999999);
lineTo(254.52,52.57419999999999);
lineTo(261.59000000000003,48.788115);
lineTo(268.66,49.7604275);
lineTo(275.73,56.5267825);
moveTo(296.94,56.2967175);
lineTo(304.01,53.915815);
lineTo(311.08000000000004,54.5501975);
lineTo(318.15000000000003,62.1038025);
lineTo(325.22,57.3920525);
lineTo(332.29,54.838660000000004);
lineTo(339.36,56.16547);
lineTo(346.43,50.58845);
lineTo(353.5,60.310047499999996);
lineTo(360.57,63.6289525);
lineTo(367.64,54.44433);
lineTo(374.71000000000004,64.2312575);
lineTo(381.78000000000003,65.31589999999998);
lineTo(388.85,61.04853500000001);
lineTo(395.92,64.169335);
lineTo(402.99,67.9289825);
lineTo(410.06,63.060957499999994);
lineTo(417.13,71.0549525);
lineTo(424.20000000000005,65.7624);
lineTo(431.27000000000004,63.23767749999999);
lineTo(438.34000000000003,63.288084999999995);
lineTo(445.41,64.22926);
lineTo(452.48,59.29649249999999);
lineTo(459.55,61.548497499999996);
lineTo(466.62,64.17051000000001);
lineTo(473.69,70.438665);
lineTo(480.76,73.4326825);
lineTo(487.83000000000004,70.443365);
moveTo(572.6700000000001,105.2060925);
lineTo(579.74,98.294155);
lineTo(586.8100000000001,86.269205);
lineTo(593.88,94.01762500000001);
lineTo(600.95,103.58706000000001);
lineTo(608.02,107.15624);
lineTo(615.09,114.21117500000001);
lineTo(622.1600000000001,111.782685);
lineTo(629.23,116.0048125);
lineTo(636.3000000000001,120.3266975);
lineTo(643.37,119.2816525);
lineTo(650.44,93.2149825);
lineTo(657.51,104.79402);
lineTo(664.58,116.3897425);
lineTo(671.65,116.97219);
lineTo(678.72,123.8507575);
lineTo(685.7900000000001,126.3231925);
lineTo(692.86,131.6941175);
lineTo(699.9300000000001,133.706305);
lineTo(707,137.020275);
setLineColor(#000000);
setLineWidth(2);
setFillColor(#ffffff);
circle(0,33.988285000000005,3);
fillArea();
circle(7.07,34.09415249999999,3);
fillArea();
circle(14.14,30.681012499999998,3);
fillArea();
circle(21.21,20.9130025,3);
fillArea();
circle(28.28,20.16582,3);
fillArea();
circle(35.35,29.4956725,3);
fillArea();
circle(42.42,38.7553775,3);
fillArea();
circle(49.49,33.1393475,3);
fillArea();
circle(56.56,28.550855000000006,3);
fillArea();
circle(63.63,30.223937500000005,3);
fillArea();
circle(98.98,34.12905000000001,3);
fillArea();
circle(106.05000000000001,39.21022,3);
fillArea();
circle(113.12,45.2315075,3);
fillArea();
circle(120.19,37.388735,3);
fillArea();
circle(127.26,40.7681525,3);
fillArea();
circle(134.33,47.682205,3);
fillArea();
circle(141.4,40.2168425,3);
fillArea();
circle(148.47,39.79772,3);
fillArea();
circle(155.54000000000002,43.048474999999996,3);
fillArea();
circle(162.61,47.38798500000001,3);
fillArea();
circle(169.68,46.8457225,3);
fillArea();
circle(176.75,45.846149999999994,3);
fillArea();
circle(183.82,42.78363,3);
fillArea();
circle(190.89000000000001,44.2264125,3);
fillArea();
circle(197.96,51.7572225,3);
fillArea();
circle(205.03,47.208915,3);
fillArea();
circle(212.10000000000002,40.816680000000005,3);
fillArea();
circle(219.17000000000002,43.1942925,3);
fillArea();
circle(226.24,44.115022499999995,3);
fillArea();
circle(233.31,45.926637500000005,3);
fillArea();
circle(240.38,46.6915625,3);
fillArea();
circle(247.45000000000002,50.89982499999999,3);
fillArea();
circle(254.52,52.57419999999999,3);
fillArea();
circle(261.59000000000003,48.788115,3);
fillArea();
circle(268.66,49.7604275,3);
fillArea();
circle(275.73,56.5267825,3);
fillArea();
circle(296.94,56.2967175,3);
fillArea();
circle(304.01,53.915815,3);
fillArea();
circle(311.08000000000004,54.5501975,3);
fillArea();
circle(318.15000000000003,62.1038025,3);
fillArea();
circle(325.22,57.3920525,3);
fillArea();
circle(332.29,54.838660000000004,3);
fillArea();
circle(339.36,56.16547,3);
fillArea();
circle(346.43,50.58845,3);
fillArea();
circle(353.5,60.310047499999996,3);
fillArea();
circle(360.57,63.6289525,3);
fillArea();
circle(367.64,54.44433,3);
fillArea();
circle(374.71000000000004,64.2312575,3);
fillArea();
circle(381.78000000000003,65.31589999999998,3);
fillArea();
circle(388.85,61.04853500000001,3);
fillArea();
circle(395.92,64.169335,3);
fillArea();
circle(402.99,67.9289825,3);
fillArea();
circle(410.06,63.060957499999994,3);
fillArea();
circle(417.13,71.0549525,3);
fillArea();
circle(424.20000000000005,65.7624,3);
fillArea();
circle(431.27000000000004,63.23767749999999,3);
fillArea();
circle(438.34000000000003,63.288084999999995,3);
fillArea();
circle(445.41,64.22926,3);
fillArea();
circle(452.48,59.29649249999999,3);
fillArea();
circle(459.55,61.548497499999996,3);
fillArea();
circle(466.62,64.17051000000001,3);
fillArea();
circle(473.69,70.438665,3);
fillArea();
circle(480.76,73.4326825,3);
fillArea();
circle(487.83000000000004,70.443365,3);
fillArea();
circle(572.6700000000001,105.2060925,3);
fillArea();
circle(579.74,98.294155,3);
fillArea();
circle(586.8100000000001,86.269205,3);
fillArea();
circle(593.88,94.01762500000001,3);
fillArea();
circle(600.95,103.58706000000001,3);
fillArea();
circle(608.02,107.15624,3);
fillArea();
circle(615.09,114.21117500000001,3);
fillArea();
circle(622.1600000000001,111.782685,3);
fillArea();
circle(629.23,116.0048125,3);
fillArea();
circle(636.3000000000001,120.3266975,3);
fillArea();
circle(643.37,119.2816525,3);
fillArea();
circle(650.44,93.2149825,3);
fillArea();
circle(657.51,104.79402,3);
fillArea();
circle(664.58,116.3897425,3);
fillArea();
circle(671.65,116.97219,3);
fillArea();
circle(678.72,123.8507575,3);
fillArea();
circle(685.7900000000001,126.3231925,3);
fillArea();
circle(692.86,131.6941175,3);
fillArea();
circle(699.9300000000001,133.706305,3);
fillArea();
circle(707,137.020275,3);
fillArea();

