setFillColor(#000000);
drawRect(0,0,800,500);
fillArea();
setFillColor(#cccccc);
drawRect(5,5,790,490);
fillArea();
setLineColor(#eeeeee);
setLineWidth(0);
drawRect(48,45,707,435);
setLineColor(#000000);
moveTo(0,0);
lineTo(707,0);
moveTo(0,-5);
lineTo(0,5);
moveTo(101,-5);
lineTo(101,5);
moveTo(202,-5);
lineTo(202,5);
moveTo(303,-5);
lineTo(303,5);
moveTo(404,-5);
lineTo(404,5);
moveTo(505,-5);
lineTo(505,5);
moveTo(606,-5);
lineTo(606,5);
moveTo(707,-5);
lineTo(707,5);
writeText(Jun 1,10,-10,45);
writeText(Jun 2,111,-10,45);
writeText(Jun 3,212,-10,45);
writeText(Jun 4,313,-10,45);
writeText(Jun 5,414,-10,45);
writeText(Jun 6,515,-10,45);
writeText(Jun 7,616,-10,45);
writeText(Jun 8,717,-10,45);
writeText(20.00,0,0,0);
writeText(30.00,0,54.375,0);
writeText(40.00,0,108.75,0);
writeText(50.00,0,163.125,0);
writeText(60.00,0,217.5,0);
writeText(70.00,0,271.875,0);
writeText(80.00,0,326.25,0);
writeText(90.00,0,380.625,0);
writeText(100.00,0,435,0);
setLineColor(#000000);
moveTo(0,0);
lineTo(0,435);
moveTo(-3,0);
lineTo(3,0);
moveTo(-3,54.375);
lineTo(3,54.375);
moveTo(-3,108.75);
lineTo(3,108.75);
moveTo(-3,163.125);
lineTo(3,163.125);
moveTo(-3,217.5);
lineTo(3,217.5);
moveTo(-3,271.875);
lineTo(3,271.875);
moveTo(-3,326.25);
lineTo(3,326.25);
moveTo(-3,380.625);
lineTo(3,380.625);
moveTo(-3,435);
lineTo(3,435);
writeText(Jun 1,10,-10,45);
writeText(Jun 2,111,-10,45);
writeText(Jun 3,212,-10,45);
writeText(Jun 4,313,-10,45);
writeText(Jun 5,414,-10,45);
writeText(Jun 6,515,-10,45);
writeText(Jun 7,616,-10,45);
writeText(Jun 8,717,-10,45);
writeText(20.00,0,0,0);
writeText(30.00,0,54.375,0);
writeText(40.00,0,108.75,0);
writeText(50.00,0,163.125,0);
writeText(60.00,0,217.5,0);
writeText(70.00,0,271.875,0);
writeText(80.00,0,326.25,0);
writeText(90.00,0,380.625,0);
writeText(100.00,0,435,0);
setLineColor(#ff00ff);
setLineWidth(3);
setLineColor(#000000);
setLineWidth(2);
setFillColor(#ffffff);

