setFillColor(#000000);
drawRect(0,0,800,500);
fillArea();
setFillColor(#cccccc);
drawRect(5,5,790,490);
fillArea();
setLineColor(#eeeeee);
setLineWidth(0);
drawRect(48,45,707,435);
setLineColor(#000000);
moveTo(0,0);
lineTo(707,0);
moveTo(0,-5);
lineTo(0,5);
moveTo(35.35,-5);
lineTo(35.35,5);
moveTo(70.7,-5);
lineTo(70.7,5);
moveTo(106.05000000000001,-5);
lineTo(106.05000000000001,5);
moveTo(141.4,-5);
lineTo(141.4,5);
moveTo(176.75,-5);
lineTo(176.75,5);
moveTo(212.10000000000002,-5);
lineTo(212.10000000000002,5);
moveTo(247.45000000000002,-5);
lineTo(247.45000000000002,5);
moveTo(282.8,-5);
lineTo(282.8,5);
moveTo(318.15000000000003,-5);
lineTo(318.15000000000003,5);
moveTo(353.5,-5);
lineTo(353.5,5);
moveTo(388.85,-5);
lineTo(388.85,5);
moveTo(424.20000000000005,-5);
lineTo(424.20000000000005,5);
moveTo(459.55,-5);
lineTo(459.55,5);
moveTo(494.90000000000003,-5);
lineTo(494.90000000000003,5);
moveTo(530.25,-5);
lineTo(530.25,5);
moveTo(565.6,-5);
lineTo(565.6,5);
moveTo(600.95,-5);
lineTo(600.95,5);
moveTo(636.3000000000001,-5);
lineTo(636.3000000000001,5);
moveTo(671.65,-5);
lineTo(671.65,5);
moveTo(707,-5);
lineTo(707,5);
writeText(1900,10,-10,45);
writeText(1905,45.35,-10,45);
writeText(1910,80.7,-10,45);
writeText(1915,116.05000000000001,-10,45);
writeText(1920,151.4,-10,45);
writeText(1925,186.75,-10,45);
writeText(1930,222.10000000000002,-10,45);
writeText(1935,257.45000000000005,-10,45);
writeText(1940,292.8,-10,45);
writeText(1945,328.15000000000003,-10,45);
writeText(1950,363.5,-10,45);
writeText(1955,398.85,-10,45);
writeText(1960,434.20000000000005,-10,45);
writeText(1965,469.55,-10,45);
writeText(1970,504.90000000000003,-10,45);
writeText(1975,540.25,-10,45);
writeText(1980,575.6,-10,45);
writeText(1985,610.95,-10,45);
writeText(1990,646.3000000000001,-10,45);
writeText(1995,681.65,-10,45);
writeText(2000,717,-10,45);
writeText(-1.00,0,0,0);
writeText(-0.50,0,108.75,0);
writeText(0.00,0,217.5,0);
writeText(0.50,0,326.25,0);
writeText(1.00,0,435,0);
setLineColor(#000000);
moveTo(0,0);
lineTo(0,435);
moveTo(-3,0);
lineTo(3,0);
moveTo(-3,108.75);
lineTo(3,108.75);
moveTo(-3,217.5);
lineTo(3,217.5);
moveTo(-3,326.25);
lineTo(3,326.25);
moveTo(-3,435);
lineTo(3,435);
writeText(1900,10,-10,45);
writeText(1905,45.35,-10,45);
writeText(1910,80.7,-10,45);
writeText(1915,116.05000000000001,-10,45);
writeText(1920,151.4,-10,45);
writeText(1925,186.75,-10,45);
writeText(1930,222.10000000000002,-10,45);
writeText(1935,257.45000000000005,-10,45);
writeText(1940,292.8,-10,45);
writeText(1945,328.15000000000003,-10,45);
writeText(1950,363.5,-10,45);
writeText(1955,398.85,-10,45);
writeText(1960,434.20000000000005,-10,45);
writeText(1965,469.55,-10,45);
writeText(1970,504.90000000000003,-10,45);
writeText(1975,540.25,-10,45);
writeText(1980,575.6,-10,45);
writeText(1985,610.95,-10,45);
writeText(1990,646.3000000000001,-10,45);
writeText(1995,681.65,-10,45);
writeText(2000,717,-10,45);
writeText(-1.00,0,0,0);
writeText(-0.50,0,108.75,0);
writeText(0.00,0,217.5,0);
writeText(0.50,0,326.25,0);
writeText(1.00,0,435,0);
setLineColor(#ff00ff);
setLineWidth(3);
setLineColor(#000000);
setLineWidth(2);
setFillColor(#ffffff);

