setFillColor(#000000);
drawRect(0,0,800,500);
fillArea();
setFillColor(#cccccc);
drawRect(5,5,790,490);
fillArea();
setLineColor(#eeeeee);
setLineWidth(0);
drawRect(48,45,707,435);
setLineColor(#000000);
moveTo(0,0);
lineTo(707,0);
moveTo(0,-3);
lineTo(0,3);
moveTo(35.35,-3);
lineTo(35.35,3);
moveTo(70.7,-3);
lineTo(70.7,3);
moveTo(106.05000000000001,-3);
lineTo(106.05000000000001,3);
moveTo(141.4,-3);
lineTo(141.4,3);
moveTo(176.75,-3);
lineTo(176.75,3);
moveTo(212.10000000000002,-3);
lineTo(212.10000000000002,3);
moveTo(247.45000000000002,-3);
lineTo(247.45000000000002,3);
moveTo(282.8,-3);
lineTo(282.8,3);
moveTo(318.15000000000003,-3);
lineTo(318.15000000000003,3);
moveTo(353.5,-3);
lineTo(353.5,3);
moveTo(388.85,-3);
lineTo(388.85,3);
moveTo(424.20000000000005,-3);
lineTo(424.20000000000005,3);
moveTo(459.55,-3);
lineTo(459.55,3);
moveTo(494.90000000000003,-3);
lineTo(494.90000000000003,3);
moveTo(530.25,-3);
lineTo(530.25,3);
moveTo(565.6,-3);
lineTo(565.6,3);
moveTo(600.95,-3);
lineTo(600.95,3);
moveTo(636.3000000000001,-3);
lineTo(636.3000000000001,3);
moveTo(671.65,-3);
lineTo(671.65,3);
moveTo(707,-3);
lineTo(707,3);
writeText(1900,0,-9.5,0);
writeText(1905,35.35,-9.5,0);
writeText(1910,70.7,-9.5,0);
writeText(1915,106.05000000000001,-9.5,0);
writeText(1920,141.4,-9.5,0);
writeText(1925,176.75,-9.5,0);
writeText(1930,212.10000000000002,-9.5,0);
writeText(1935,247.45000000000002,-9.5,0);
writeText(1940,282.8,-9.5,0);
writeText(1945,318.15000000000003,-9.5,0);
writeText(1950,353.5,-9.5,0);
writeText(1955,388.85,-9.5,0);
writeText(1960,424.20000000000005,-9.5,0);
writeText(1965,459.55,-9.5,0);
writeText(1970,494.90000000000003,-9.5,0);
writeText(1975,530.25,-9.5,0);
writeText(1980,565.6,-9.5,0);
writeText(1985,600.95,-9.5,0);
writeText(1990,636.3000000000001,-9.5,0);
writeText(1995,671.65,-9.5,0);
writeText(2000,707,-9.5,0);
writeText(-1,-1,0,0);
writeText(0,-4.5,21.749999999999996,0);
writeText(0,-4.5,43.49999999999999,0);
writeText(0,-4.5,65.24999999999999,0);
writeText(0,-4.5,86.99999999999999,0);
writeText(0,-4.5,108.74999999999997,0);
writeText(0,-4.5,130.49999999999997,0);
writeText(0,-4.5,152.24999999999997,0);
writeText(0,-4.5,173.99999999999997,0);
writeText(0,-4.5,195.74999999999997,0);
writeText(0,-4.5,217.49999999999997,0);
writeText(0,-4.5,239.24999999999997,0);
writeText(0,-4.5,261,0);
writeText(0,-4.5,282.74999999999994,0);
writeText(0,-4.5,304.5,0);
writeText(0,-4.5,326.25,0);
writeText(0,-4.5,347.99999999999994,0);
writeText(0,-4.5,369.74999999999994,0);
writeText(0,-4.5,391.49999999999994,0);
writeText(0,-4.5,413.25,0);
writeText(0,-4.5,434.99999999999994,0);
setLineColor(#000000);
moveTo(0,0);
lineTo(0,435);
moveTo(-3,0);
lineTo(3,0);
moveTo(-3,21.749999999999996);
lineTo(3,21.749999999999996);
moveTo(-3,43.49999999999999);
lineTo(3,43.49999999999999);
moveTo(-3,65.24999999999999);
lineTo(3,65.24999999999999);
moveTo(-3,86.99999999999999);
lineTo(3,86.99999999999999);
moveTo(-3,108.74999999999997);
lineTo(3,108.74999999999997);
moveTo(-3,130.49999999999997);
lineTo(3,130.49999999999997);
moveTo(-3,152.24999999999997);
lineTo(3,152.24999999999997);
moveTo(-3,173.99999999999997);
lineTo(3,173.99999999999997);
moveTo(-3,195.74999999999997);
lineTo(3,195.74999999999997);
moveTo(-3,217.49999999999997);
lineTo(3,217.49999999999997);
moveTo(-3,239.24999999999997);
lineTo(3,239.24999999999997);
moveTo(-3,261);
lineTo(3,261);
moveTo(-3,282.74999999999994);
lineTo(3,282.74999999999994);
moveTo(-3,304.5);
lineTo(3,304.5);
moveTo(-3,326.25);
lineTo(3,326.25);
moveTo(-3,347.99999999999994);
lineTo(3,347.99999999999994);
moveTo(-3,369.74999999999994);
lineTo(3,369.74999999999994);
moveTo(-3,391.49999999999994);
lineTo(3,391.49999999999994);
moveTo(-3,413.25);
lineTo(3,413.25);
moveTo(-3,434.99999999999994);
lineTo(3,434.99999999999994);
writeText(1900,0,-9.5,0);
writeText(1905,35.35,-9.5,0);
writeText(1910,70.7,-9.5,0);
writeText(1915,106.05000000000001,-9.5,0);
writeText(1920,141.4,-9.5,0);
writeText(1925,176.75,-9.5,0);
writeText(1930,212.10000000000002,-9.5,0);
writeText(1935,247.45000000000002,-9.5,0);
writeText(1940,282.8,-9.5,0);
writeText(1945,318.15000000000003,-9.5,0);
writeText(1950,353.5,-9.5,0);
writeText(1955,388.85,-9.5,0);
writeText(1960,424.20000000000005,-9.5,0);
writeText(1965,459.55,-9.5,0);
writeText(1970,494.90000000000003,-9.5,0);
writeText(1975,530.25,-9.5,0);
writeText(1980,565.6,-9.5,0);
writeText(1985,600.95,-9.5,0);
writeText(1990,636.3000000000001,-9.5,0);
writeText(1995,671.65,-9.5,0);
writeText(2000,707,-9.5,0);
writeText(-1,-1,0,0);
writeText(0,-4.5,21.749999999999996,0);
writeText(0,-4.5,43.49999999999999,0);
writeText(0,-4.5,65.24999999999999,0);
writeText(0,-4.5,86.99999999999999,0);
writeText(0,-4.5,108.74999999999997,0);
writeText(0,-4.5,130.49999999999997,0);
writeText(0,-4.5,152.24999999999997,0);
writeText(0,-4.5,173.99999999999997,0);
writeText(0,-4.5,195.74999999999997,0);
writeText(0,-4.5,217.49999999999997,0);
writeText(0,-4.5,239.24999999999997,0);
writeText(0,-4.5,261,0);
writeText(0,-4.5,282.74999999999994,0);
writeText(0,-4.5,304.5,0);
writeText(0,-4.5,326.25,0);
writeText(0,-4.5,347.99999999999994,0);
writeText(0,-4.5,369.74999999999994,0);
writeText(0,-4.5,391.49999999999994,0);
writeText(0,-4.5,413.25,0);
writeText(0,-4.5,434.99999999999994,0);
setFillColor(#00ff00);
setLineColor(#ff00ff);
drawRect(0,65.25000000000001,7.07,-2.335515000000008);
drawRect(7.07,65.25000000000001,7.07,-2.1395475000000275);
drawRect(14.14,65.25000000000001,7.07,-8.45748750000002);
drawRect(21.21,65.25000000000001,7.07,-26.538697500000012);
drawRect(28.28,65.25000000000001,7.07,-27.921780000000012);
drawRect(35.35,65.25000000000001,7.07,-10.65162750000001);
drawRect(42.42,65.25000000000001,7.07,6.488677499999994);
drawRect(49.49,65.25000000000001,7.07,-3.906952500000017);
drawRect(56.56,65.25000000000001,7.07,-12.400545000000008);
drawRect(63.63,65.25000000000001,7.07,-9.303562500000005);
drawRect(98.98,65.25000000000001,7.07,-2.074950000000001);
drawRect(106.05000000000001,65.25000000000001,7.07,7.330619999999982);
drawRect(113.12,65.25000000000001,7.07,18.47640749999998);
drawRect(120.19,65.25000000000001,7.07,3.9589349999999826);
drawRect(127.26,65.25000000000001,7.07,10.214452499999993);
drawRect(134.33,65.25000000000001,7.07,23.012804999999986);
drawRect(141.4,65.25000000000001,7.07,9.193942499999977);
drawRect(148.47,65.25000000000001,7.07,8.418119999999988);
drawRect(155.54000000000002,65.25000000000001,7.07,14.435474999999983);
drawRect(162.61,65.25000000000001,7.07,22.46818499999999);
drawRect(169.68,65.25000000000001,7.07,21.464422499999984);
drawRect(176.75,65.25000000000001,7.07,19.61414999999998);
drawRect(183.82,65.25000000000001,7.07,13.945229999999981);
drawRect(190.89000000000001,65.25000000000001,7.07,16.615912499999993);
drawRect(197.96,65.25000000000001,7.07,30.55592249999998);
drawRect(205.03,65.25000000000001,7.07,22.13671499999998);
drawRect(212.10000000000002,65.25000000000001,7.07,10.304279999999991);
drawRect(219.17000000000002,65.25000000000001,7.07,14.705392499999988);
drawRect(226.24,65.25000000000001,7.07,16.409722499999987);
drawRect(233.31,65.25000000000001,7.07,19.763137499999985);
drawRect(240.38,65.25000000000001,7.07,21.179062499999986);
drawRect(247.45000000000002,65.25000000000001,7.07,28.96882499999998);
drawRect(254.52,65.25000000000001,7.07,32.068199999999976);
drawRect(261.59000000000003,65.25000000000001,7.07,25.059914999999975);
drawRect(268.66,65.25000000000001,7.07,26.85972749999999);
drawRect(275.73,65.25000000000001,7.07,39.3846825);
drawRect(296.94,65.25000000000001,7.07,38.958817499999995);
drawRect(304.01,65.25000000000001,7.07,34.551614999999984);
drawRect(311.08000000000004,65.25000000000001,7.07,35.72589749999999);
drawRect(318.15000000000003,65.25000000000001,7.07,49.70810249999998);
drawRect(325.22,65.25000000000001,7.07,40.98635249999998);
drawRect(332.29,65.25000000000001,7.07,36.25985999999999);
drawRect(339.36,65.25000000000001,7.07,38.71586999999998);
drawRect(346.43,65.25000000000001,7.07,28.392449999999997);
drawRect(353.5,65.25000000000001,7.07,46.38774749999999);
drawRect(360.57,65.25000000000001,7.07,52.53125249999998);
drawRect(367.64,65.25000000000001,7.07,35.52992999999998);
drawRect(374.71000000000004,65.25000000000001,7.07,53.64615749999997);
drawRect(381.78000000000003,65.25000000000001,7.07,55.653899999999965);
drawRect(388.85,65.25000000000001,7.07,47.754735);
drawRect(395.92,65.25000000000001,7.07,53.53153499999999);
drawRect(402.99,65.25000000000001,7.07,60.4908825);
drawRect(410.06,65.25000000000001,7.07,51.47985749999998);
drawRect(417.13,65.25000000000001,7.07,66.27725249999999);
drawRect(424.20000000000005,65.25000000000001,7.07,56.480399999999975);
drawRect(431.27000000000004,65.25000000000001,7.07,51.806977499999974);
drawRect(438.34000000000003,65.25000000000001,7.07,51.90028499999997);
drawRect(445.41,65.25000000000001,7.07,53.642459999999986);
drawRect(452.48,65.25000000000001,7.07,44.51159249999998);
drawRect(459.55,65.25000000000001,7.07,48.68019749999998);
drawRect(466.62,65.25000000000001,7.07,53.53371);
drawRect(473.69,65.25000000000001,7.07,65.13646499999997);
drawRect(480.76,65.25000000000001,7.07,70.67858249999999);
drawRect(487.83000000000004,65.25000000000001,7.07,65.14516499999998);
drawRect(572.6700000000001,65.25000000000001,7.07,129.49319249999996);
drawRect(579.74,65.25000000000001,7.07,116.69875499999999);
drawRect(586.8100000000001,65.25000000000001,7.07,94.43980499999999);
drawRect(593.88,65.25000000000001,7.07,108.78262499999998);
drawRect(600.95,65.25000000000001,7.07,126.49625999999999);
drawRect(608.02,65.25000000000001,7.07,133.10303999999996);
drawRect(615.09,65.25000000000001,7.07,146.162175);
drawRect(622.1600000000001,65.25000000000001,7.07,141.66688499999998);
drawRect(629.23,65.25000000000001,7.07,149.48231249999998);
drawRect(636.3000000000001,65.25000000000001,7.07,157.4823975);
drawRect(643.37,65.25000000000001,7.07,155.5479525);
drawRect(650.44,65.25000000000001,7.07,107.2968825);
drawRect(657.51,65.25000000000001,7.07,128.73041999999998);
drawRect(664.58,65.25000000000001,7.07,150.1948425);
drawRect(671.65,65.25000000000001,7.07,151.27299);
drawRect(678.72,65.25000000000001,7.07,164.00565749999998);
drawRect(685.7900000000001,65.25000000000001,7.07,168.5822925);
drawRect(692.86,65.25000000000001,7.07,178.52421749999996);
drawRect(699.9300000000001,65.25000000000001,7.07,182.24890499999998);
drawRect(707,65.25000000000001,7.07,188.38327499999997);
MoveTo(7.07,62.914485000000006);
LineTo(0,62.914485000000006);
LineTo(0,65.25000000000001);
LineTo(7.07,65.25000000000001);
MoveTo(7.07,62.914485000000006);
LineTo(7.07,65.25000000000001);
MoveTo(7.07,63.11045249999999);
LineTo(14.14,63.11045249999999);
MoveTo(7.07,65.25000000000001);
LineTo(14.14,65.25000000000001);
MoveTo(14.14,56.792512499999994);
LineTo(14.14,65.25000000000001);
MoveTo(14.14,56.792512499999994);
LineTo(21.21,56.792512499999994);
MoveTo(14.14,65.25000000000001);
LineTo(21.21,65.25000000000001);
MoveTo(21.21,38.7113025);
LineTo(21.21,65.25000000000001);
MoveTo(21.21,38.7113025);
LineTo(28.28,38.7113025);
MoveTo(21.21,65.25000000000001);
LineTo(28.28,65.25000000000001);
MoveTo(28.28,37.32822);
LineTo(28.28,65.25000000000001);
MoveTo(28.28,37.32822);
LineTo(35.35,37.32822);
MoveTo(28.28,65.25000000000001);
LineTo(35.35,65.25000000000001);
MoveTo(35.35,37.32822);
LineTo(35.35,65.25000000000001);
MoveTo(35.35,54.5983725);
LineTo(42.42,54.5983725);
MoveTo(35.35,65.25000000000001);
LineTo(42.42,65.25000000000001);
MoveTo(42.42,54.5983725);
LineTo(42.42,71.73867750000001);
MoveTo(42.42,71.73867750000001);
LineTo(49.49,71.73867750000001);
MoveTo(42.42,65.25000000000001);
LineTo(49.49,65.25000000000001);
MoveTo(49.49,61.3430475);
LineTo(49.49,71.73867750000001);
MoveTo(49.49,61.3430475);
LineTo(56.56,61.3430475);
MoveTo(49.49,65.25000000000001);
LineTo(56.56,65.25000000000001);
MoveTo(56.56,52.849455000000006);
LineTo(56.56,65.25000000000001);
MoveTo(56.56,52.849455000000006);
LineTo(63.63,52.849455000000006);
MoveTo(56.56,65.25000000000001);
LineTo(63.63,65.25000000000001);
MoveTo(63.63,52.849455000000006);
LineTo(63.63,65.25000000000001);
MoveTo(63.63,55.94643750000001);
LineTo(70.7,55.94643750000001);
MoveTo(63.63,65.25000000000001);
LineTo(70.7,65.25000000000001);
MoveTo(70.7,55.94643750000001);
LineTo(70.7,65.25000000000001);
MoveTo(106.05000000000001,63.17505000000001);
LineTo(98.98,63.17505000000001);
LineTo(98.98,65.25000000000001);
LineTo(106.05000000000001,65.25000000000001);
MoveTo(106.05000000000001,63.17505000000001);
LineTo(106.05000000000001,72.58062);
MoveTo(106.05000000000001,72.58062);
LineTo(113.12,72.58062);
MoveTo(106.05000000000001,65.25000000000001);
LineTo(113.12,65.25000000000001);
MoveTo(113.12,65.25000000000001);
LineTo(113.12,83.7264075);
MoveTo(113.12,83.7264075);
LineTo(120.19,83.7264075);
MoveTo(113.12,65.25000000000001);
LineTo(120.19,65.25000000000001);
MoveTo(120.19,65.25000000000001);
LineTo(120.19,83.7264075);
MoveTo(120.19,69.208935);
LineTo(127.26,69.208935);
MoveTo(120.19,65.25000000000001);
LineTo(127.26,65.25000000000001);
MoveTo(127.26,65.25000000000001);
LineTo(127.26,75.46445250000001);
MoveTo(127.26,75.46445250000001);
LineTo(134.33,75.46445250000001);
MoveTo(127.26,65.25000000000001);
LineTo(134.33,65.25000000000001);
MoveTo(134.33,65.25000000000001);
LineTo(134.33,88.262805);
MoveTo(134.33,88.262805);
LineTo(141.4,88.262805);
MoveTo(134.33,65.25000000000001);
LineTo(141.4,65.25000000000001);
MoveTo(141.4,65.25000000000001);
LineTo(141.4,88.262805);
MoveTo(141.4,74.44394249999999);
LineTo(148.47,74.44394249999999);
MoveTo(141.4,65.25000000000001);
LineTo(148.47,65.25000000000001);
MoveTo(148.47,65.25000000000001);
LineTo(148.47,74.44394249999999);
MoveTo(148.47,73.66812);
LineTo(155.54000000000002,73.66812);
MoveTo(148.47,65.25000000000001);
LineTo(155.54000000000002,65.25000000000001);
MoveTo(155.54000000000002,65.25000000000001);
LineTo(155.54000000000002,79.685475);
MoveTo(155.54000000000002,79.685475);
LineTo(162.61,79.685475);
MoveTo(155.54000000000002,65.25000000000001);
LineTo(162.61,65.25000000000001);
MoveTo(162.61,65.25000000000001);
LineTo(162.61,87.718185);
MoveTo(162.61,87.718185);
LineTo(169.68,87.718185);
MoveTo(162.61,65.25000000000001);
LineTo(169.68,65.25000000000001);
MoveTo(169.68,65.25000000000001);
LineTo(169.68,87.718185);
MoveTo(169.68,86.7144225);
LineTo(176.75,86.7144225);
MoveTo(169.68,65.25000000000001);
LineTo(176.75,65.25000000000001);
MoveTo(176.75,65.25000000000001);
LineTo(176.75,86.7144225);
MoveTo(176.75,84.86415);
LineTo(183.82,84.86415);
MoveTo(176.75,65.25000000000001);
LineTo(183.82,65.25000000000001);
MoveTo(183.82,65.25000000000001);
LineTo(183.82,84.86415);
MoveTo(183.82,79.19523);
LineTo(190.89000000000001,79.19523);
MoveTo(183.82,65.25000000000001);
LineTo(190.89000000000001,65.25000000000001);
MoveTo(190.89000000000001,65.25000000000001);
LineTo(190.89000000000001,81.86591250000001);
MoveTo(190.89000000000001,81.86591250000001);
LineTo(197.96,81.86591250000001);
MoveTo(190.89000000000001,65.25000000000001);
LineTo(197.96,65.25000000000001);
MoveTo(197.96,65.25000000000001);
LineTo(197.96,95.8059225);
MoveTo(197.96,95.8059225);
LineTo(205.03,95.8059225);
MoveTo(197.96,65.25000000000001);
LineTo(205.03,65.25000000000001);
MoveTo(205.03,65.25000000000001);
LineTo(205.03,95.8059225);
MoveTo(205.03,87.386715);
LineTo(212.10000000000002,87.386715);
MoveTo(205.03,65.25000000000001);
LineTo(212.10000000000002,65.25000000000001);
MoveTo(212.10000000000002,65.25000000000001);
LineTo(212.10000000000002,87.386715);
MoveTo(212.10000000000002,75.55428);
LineTo(219.17000000000002,75.55428);
MoveTo(212.10000000000002,65.25000000000001);
LineTo(219.17000000000002,65.25000000000001);
MoveTo(219.17000000000002,65.25000000000001);
LineTo(219.17000000000002,79.9553925);
MoveTo(219.17000000000002,79.9553925);
LineTo(226.24,79.9553925);
MoveTo(219.17000000000002,65.25000000000001);
LineTo(226.24,65.25000000000001);
MoveTo(226.24,65.25000000000001);
LineTo(226.24,81.6597225);
MoveTo(226.24,81.6597225);
LineTo(233.31,81.6597225);
MoveTo(226.24,65.25000000000001);
LineTo(233.31,65.25000000000001);
MoveTo(233.31,65.25000000000001);
LineTo(233.31,85.0131375);
MoveTo(233.31,85.0131375);
LineTo(240.38,85.0131375);
MoveTo(233.31,65.25000000000001);
LineTo(240.38,65.25000000000001);
MoveTo(240.38,65.25000000000001);
LineTo(240.38,86.4290625);
MoveTo(240.38,86.4290625);
LineTo(247.45000000000002,86.4290625);
MoveTo(240.38,65.25000000000001);
LineTo(247.45000000000002,65.25000000000001);
MoveTo(247.45000000000002,65.25000000000001);
LineTo(247.45000000000002,94.218825);
MoveTo(247.45000000000002,94.218825);
LineTo(254.52,94.218825);
MoveTo(247.45000000000002,65.25000000000001);
LineTo(254.52,65.25000000000001);
MoveTo(254.52,65.25000000000001);
LineTo(254.52,97.31819999999999);
MoveTo(254.52,97.31819999999999);
LineTo(261.59000000000003,97.31819999999999);
MoveTo(254.52,65.25000000000001);
LineTo(261.59000000000003,65.25000000000001);
MoveTo(261.59000000000003,65.25000000000001);
LineTo(261.59000000000003,97.31819999999999);
MoveTo(261.59000000000003,90.30991499999999);
LineTo(268.66,90.30991499999999);
MoveTo(261.59000000000003,65.25000000000001);
LineTo(268.66,65.25000000000001);
MoveTo(268.66,65.25000000000001);
LineTo(268.66,92.1097275);
MoveTo(268.66,92.1097275);
LineTo(275.73,92.1097275);
MoveTo(268.66,65.25000000000001);
LineTo(275.73,65.25000000000001);
MoveTo(275.73,65.25000000000001);
LineTo(275.73,104.63468250000001);
MoveTo(275.73,104.63468250000001);
LineTo(282.8,104.63468250000001);
MoveTo(275.73,65.25000000000001);
LineTo(282.8,65.25000000000001);
MoveTo(282.8,104.63468250000001);
LineTo(282.8,65.25000000000001);
MoveTo(304.01,104.20881750000001);
LineTo(296.94,104.20881750000001);
LineTo(296.94,65.25000000000001);
LineTo(304.01,65.25000000000001);
MoveTo(304.01,65.25000000000001);
LineTo(304.01,104.20881750000001);
MoveTo(304.01,99.801615);
LineTo(311.08000000000004,99.801615);
MoveTo(304.01,65.25000000000001);
LineTo(311.08000000000004,65.25000000000001);
MoveTo(311.08000000000004,65.25000000000001);
LineTo(311.08000000000004,100.9758975);
MoveTo(311.08000000000004,100.9758975);
LineTo(318.15000000000003,100.9758975);
MoveTo(311.08000000000004,65.25000000000001);
LineTo(318.15000000000003,65.25000000000001);
MoveTo(318.15000000000003,65.25000000000001);
LineTo(318.15000000000003,114.9581025);
MoveTo(318.15000000000003,114.9581025);
LineTo(325.22,114.9581025);
MoveTo(318.15000000000003,65.25000000000001);
LineTo(325.22,65.25000000000001);
MoveTo(325.22,65.25000000000001);
LineTo(325.22,114.9581025);
MoveTo(325.22,106.2363525);
LineTo(332.29,106.2363525);
MoveTo(325.22,65.25000000000001);
LineTo(332.29,65.25000000000001);
MoveTo(332.29,65.25000000000001);
LineTo(332.29,106.2363525);
MoveTo(332.29,101.50986);
LineTo(339.36,101.50986);
MoveTo(332.29,65.25000000000001);
LineTo(339.36,65.25000000000001);
MoveTo(339.36,65.25000000000001);
LineTo(339.36,103.96587);
MoveTo(339.36,103.96587);
LineTo(346.43,103.96587);
MoveTo(339.36,65.25000000000001);
LineTo(346.43,65.25000000000001);
MoveTo(346.43,65.25000000000001);
LineTo(346.43,103.96587);
MoveTo(346.43,93.64245000000001);
LineTo(353.5,93.64245000000001);
MoveTo(346.43,65.25000000000001);
LineTo(353.5,65.25000000000001);
MoveTo(353.5,65.25000000000001);
LineTo(353.5,111.6377475);
MoveTo(353.5,111.6377475);
LineTo(360.57,111.6377475);
MoveTo(353.5,65.25000000000001);
LineTo(360.57,65.25000000000001);
MoveTo(360.57,65.25000000000001);
LineTo(360.57,117.7812525);
MoveTo(360.57,117.7812525);
LineTo(367.64,117.7812525);
MoveTo(360.57,65.25000000000001);
LineTo(367.64,65.25000000000001);
MoveTo(367.64,65.25000000000001);
LineTo(367.64,117.7812525);
MoveTo(367.64,100.77993);
LineTo(374.71000000000004,100.77993);
MoveTo(367.64,65.25000000000001);
LineTo(374.71000000000004,65.25000000000001);
MoveTo(374.71000000000004,65.25000000000001);
LineTo(374.71000000000004,118.89615749999999);
MoveTo(374.71000000000004,118.89615749999999);
LineTo(381.78000000000003,118.89615749999999);
MoveTo(374.71000000000004,65.25000000000001);
LineTo(381.78000000000003,65.25000000000001);
MoveTo(381.78000000000003,65.25000000000001);
LineTo(381.78000000000003,120.90389999999998);
MoveTo(381.78000000000003,120.90389999999998);
LineTo(388.85,120.90389999999998);
MoveTo(381.78000000000003,65.25000000000001);
LineTo(388.85,65.25000000000001);
MoveTo(388.85,65.25000000000001);
LineTo(388.85,120.90389999999998);
MoveTo(388.85,113.00473500000001);
LineTo(395.92,113.00473500000001);
MoveTo(388.85,65.25000000000001);
LineTo(395.92,65.25000000000001);
MoveTo(395.92,65.25000000000001);
LineTo(395.92,118.781535);
MoveTo(395.92,118.781535);
LineTo(402.99,118.781535);
MoveTo(395.92,65.25000000000001);
LineTo(402.99,65.25000000000001);
MoveTo(402.99,65.25000000000001);
LineTo(402.99,125.74088250000001);
MoveTo(402.99,125.74088250000001);
LineTo(410.06,125.74088250000001);
MoveTo(402.99,65.25000000000001);
LineTo(410.06,65.25000000000001);
MoveTo(410.06,65.25000000000001);
LineTo(410.06,125.74088250000001);
MoveTo(410.06,116.7298575);
LineTo(417.13,116.7298575);
MoveTo(410.06,65.25000000000001);
LineTo(417.13,65.25000000000001);
MoveTo(417.13,65.25000000000001);
LineTo(417.13,131.5272525);
MoveTo(417.13,131.5272525);
LineTo(424.20000000000005,131.5272525);
MoveTo(417.13,65.25000000000001);
LineTo(424.20000000000005,65.25000000000001);
MoveTo(424.20000000000005,65.25000000000001);
LineTo(424.20000000000005,131.5272525);
MoveTo(424.20000000000005,121.73039999999999);
LineTo(431.27000000000004,121.73039999999999);
MoveTo(424.20000000000005,65.25000000000001);
LineTo(431.27000000000004,65.25000000000001);
MoveTo(431.27000000000004,65.25000000000001);
LineTo(431.27000000000004,121.73039999999999);
MoveTo(431.27000000000004,117.05697749999999);
LineTo(438.34000000000003,117.05697749999999);
MoveTo(431.27000000000004,65.25000000000001);
LineTo(438.34000000000003,65.25000000000001);
MoveTo(438.34000000000003,65.25000000000001);
LineTo(438.34000000000003,117.15028499999998);
MoveTo(438.34000000000003,117.15028499999998);
LineTo(445.41,117.15028499999998);
MoveTo(438.34000000000003,65.25000000000001);
LineTo(445.41,65.25000000000001);
MoveTo(445.41,65.25000000000001);
LineTo(445.41,118.89246);
MoveTo(445.41,118.89246);
LineTo(452.48,118.89246);
MoveTo(445.41,65.25000000000001);
LineTo(452.48,65.25000000000001);
MoveTo(452.48,65.25000000000001);
LineTo(452.48,118.89246);
MoveTo(452.48,109.76159249999999);
LineTo(459.55,109.76159249999999);
MoveTo(452.48,65.25000000000001);
LineTo(459.55,65.25000000000001);
MoveTo(459.55,65.25000000000001);
LineTo(459.55,113.93019749999999);
MoveTo(459.55,113.93019749999999);
LineTo(466.62,113.93019749999999);
MoveTo(459.55,65.25000000000001);
LineTo(466.62,65.25000000000001);
MoveTo(466.62,65.25000000000001);
LineTo(466.62,118.78371000000001);
MoveTo(466.62,118.78371000000001);
LineTo(473.69,118.78371000000001);
MoveTo(466.62,65.25000000000001);
LineTo(473.69,65.25000000000001);
MoveTo(473.69,65.25000000000001);
LineTo(473.69,130.386465);
MoveTo(473.69,130.386465);
LineTo(480.76,130.386465);
MoveTo(473.69,65.25000000000001);
LineTo(480.76,65.25000000000001);
MoveTo(480.76,65.25000000000001);
LineTo(480.76,135.9285825);
MoveTo(480.76,135.9285825);
LineTo(487.83000000000004,135.9285825);
MoveTo(480.76,65.25000000000001);
LineTo(487.83000000000004,65.25000000000001);
MoveTo(487.83000000000004,65.25000000000001);
LineTo(487.83000000000004,135.9285825);
MoveTo(487.83000000000004,130.395165);
LineTo(494.90000000000003,130.395165);
MoveTo(487.83000000000004,65.25000000000001);
LineTo(494.90000000000003,65.25000000000001);
MoveTo(494.90000000000003,130.395165);
LineTo(494.90000000000003,65.25000000000001);
MoveTo(579.74,194.7431925);
LineTo(572.6700000000001,194.7431925);
LineTo(572.6700000000001,65.25000000000001);
LineTo(579.74,65.25000000000001);
MoveTo(579.74,65.25000000000001);
LineTo(579.74,194.7431925);
MoveTo(579.74,181.948755);
LineTo(586.8100000000001,181.948755);
MoveTo(579.74,65.25000000000001);
LineTo(586.8100000000001,65.25000000000001);
MoveTo(586.8100000000001,65.25000000000001);
LineTo(586.8100000000001,181.948755);
MoveTo(586.8100000000001,159.689805);
LineTo(593.88,159.689805);
MoveTo(586.8100000000001,65.25000000000001);
LineTo(593.88,65.25000000000001);
MoveTo(593.88,65.25000000000001);
LineTo(593.88,174.032625);
MoveTo(593.88,174.032625);
LineTo(600.95,174.032625);
MoveTo(593.88,65.25000000000001);
LineTo(600.95,65.25000000000001);
MoveTo(600.95,65.25000000000001);
LineTo(600.95,191.74626);
MoveTo(600.95,191.74626);
LineTo(608.02,191.74626);
MoveTo(600.95,65.25000000000001);
LineTo(608.02,65.25000000000001);
MoveTo(608.02,65.25000000000001);
LineTo(608.02,198.35304);
MoveTo(608.02,198.35304);
LineTo(615.09,198.35304);
MoveTo(608.02,65.25000000000001);
LineTo(615.09,65.25000000000001);
MoveTo(615.09,65.25000000000001);
LineTo(615.09,211.41217500000002);
MoveTo(615.09,211.41217500000002);
LineTo(622.1600000000001,211.41217500000002);
MoveTo(615.09,65.25000000000001);
LineTo(622.1600000000001,65.25000000000001);
MoveTo(622.1600000000001,65.25000000000001);
LineTo(622.1600000000001,211.41217500000002);
MoveTo(622.1600000000001,206.916885);
LineTo(629.23,206.916885);
MoveTo(622.1600000000001,65.25000000000001);
LineTo(629.23,65.25000000000001);
MoveTo(629.23,65.25000000000001);
LineTo(629.23,214.7323125);
MoveTo(629.23,214.7323125);
LineTo(636.3000000000001,214.7323125);
MoveTo(629.23,65.25000000000001);
LineTo(636.3000000000001,65.25000000000001);
MoveTo(636.3000000000001,65.25000000000001);
LineTo(636.3000000000001,222.7323975);
MoveTo(636.3000000000001,222.7323975);
LineTo(643.37,222.7323975);
MoveTo(636.3000000000001,65.25000000000001);
LineTo(643.37,65.25000000000001);
MoveTo(643.37,65.25000000000001);
LineTo(643.37,222.7323975);
MoveTo(643.37,220.7979525);
LineTo(650.44,220.7979525);
MoveTo(643.37,65.25000000000001);
LineTo(650.44,65.25000000000001);
MoveTo(650.44,65.25000000000001);
LineTo(650.44,220.7979525);
MoveTo(650.44,172.5468825);
LineTo(657.51,172.5468825);
MoveTo(650.44,65.25000000000001);
LineTo(657.51,65.25000000000001);
MoveTo(657.51,65.25000000000001);
LineTo(657.51,193.98042);
MoveTo(657.51,193.98042);
LineTo(664.58,193.98042);
MoveTo(657.51,65.25000000000001);
LineTo(664.58,65.25000000000001);
MoveTo(664.58,65.25000000000001);
LineTo(664.58,215.4448425);
MoveTo(664.58,215.4448425);
LineTo(671.65,215.4448425);
MoveTo(664.58,65.25000000000001);
LineTo(671.65,65.25000000000001);
MoveTo(671.65,65.25000000000001);
LineTo(671.65,216.52299);
MoveTo(671.65,216.52299);
LineTo(678.72,216.52299);
MoveTo(671.65,65.25000000000001);
LineTo(678.72,65.25000000000001);
MoveTo(678.72,65.25000000000001);
LineTo(678.72,229.2556575);
MoveTo(678.72,229.2556575);
LineTo(685.7900000000001,229.2556575);
MoveTo(678.72,65.25000000000001);
LineTo(685.7900000000001,65.25000000000001);
MoveTo(685.7900000000001,65.25000000000001);
LineTo(685.7900000000001,233.8322925);
MoveTo(685.7900000000001,233.8322925);
LineTo(692.86,233.8322925);
MoveTo(685.7900000000001,65.25000000000001);
LineTo(692.86,65.25000000000001);
MoveTo(692.86,65.25000000000001);
LineTo(692.86,243.7742175);
MoveTo(692.86,243.7742175);
LineTo(699.9300000000001,243.7742175);
MoveTo(692.86,65.25000000000001);
LineTo(699.9300000000001,65.25000000000001);
MoveTo(699.9300000000001,65.25000000000001);
LineTo(699.9300000000001,247.498905);
MoveTo(699.9300000000001,247.498905);
LineTo(707,247.498905);
MoveTo(699.9300000000001,65.25000000000001);
LineTo(707,65.25000000000001);
MoveTo(707,65.25000000000001);
LineTo(707,253.63327499999997);
MoveTo(707,253.63327499999997);
LineTo(714.07,253.63327499999997);
MoveTo(707,65.25000000000001);
LineTo(714.07,65.25000000000001);
MoveTo(714.07,253.63327499999997);
LineTo(714.07,65.25000000000001);

