setFillColor(#000000);
drawRect(2,2,996,396);
fillArea();
setFillColor(#ffffff);
drawRect(4,4,992,392);
fillArea();
setLineColor(#eeeeee);
setLineWidth(0);
drawRect(69,179,752,277);
setLineColor(#000000);
moveTo(0,0);
lineTo(752,0);
moveTo(62.66666666666666,-3);
lineTo(62.66666666666666,3);
moveTo(250.66666666666663,-3);
lineTo(250.66666666666663,3);
moveTo(438.66666666666663,-3);
lineTo(438.66666666666663,3);
moveTo(626.6666666666666,-3);
lineTo(626.6666666666666,3);
writeText(6:00
11 Jan
2009,62.66666666666666,-9.5,0);
writeText(12:00
12 Jan
2009,250.66666666666663,-9.5,0);
writeText(6:00
12 Jan
2009,438.66666666666663,-9.5,0);
writeText(12:00
12 Jan
2009,626.6666666666666,-9.5,0);
writeText(0.0,0.5,0,0);
writeText(2.0,0.5,27.024390243902438,0);
writeText(4.0,0.5,54.048780487804876,0);
writeText(6.0,0.5,81.07317073170731,0);
writeText(8.0,0.5,108.09756097560975,0);
writeText(10.0,4,135.1219512195122,0);
writeText(12.0,4,162.14634146341461,0);
writeText(14.0,4,189.17073170731706,0);
writeText(16.0,4,216.1951219512195,0);
writeText(18.0,4,243.21951219512195,0);
writeText(20.0,4,270.2439024390244,0);
writeText(0.0,746.5,0,0);
writeText(1.0,746.5,27.425742574257427,0);
writeText(2.0,746.5,54.851485148514854,0);
writeText(3.0,746.5,82.27722772277228,0);
writeText(4.0,746.5,109.70297029702971,0);
writeText(5.0,746.5,137.12871287128712,0);
writeText(6.0,746.5,164.55445544554456,0);
writeText(7.0,746.5,191.980198019802,0);
writeText(8.0,746.5,219.40594059405942,0);
writeText(9.0,746.5,246.83168316831683,0);
writeText(10.0,743,274.25742574257424,0);
writeText(0,813.5,0,0);
writeText(50,810,12.590909090909092,0);
writeText(100,806.5,25.181818181818183,0);
writeText(150,806.5,37.77272727272727,0);
writeText(200,806.5,50.36363636363637,0);
writeText(250,806.5,62.95454545454546,0);
writeText(300,806.5,75.54545454545455,0);
writeText(350,806.5,88.13636363636364,0);
writeText(400,806.5,100.72727272727273,0);
writeText(450,806.5,113.31818181818183,0);
writeText(500,806.5,125.90909090909092,0);
writeText(550,806.5,138.5,0);
writeText(600,806.5,151.0909090909091,0);
writeText(650,806.5,163.6818181818182,0);
writeText(700,806.5,176.27272727272728,0);
writeText(750,806.5,188.86363636363637,0);
writeText(800,806.5,201.45454545454547,0);
writeText(850,806.5,214.04545454545456,0);
writeText(900,806.5,226.63636363636365,0);
writeText(950,806.5,239.22727272727275,0);
writeText(1000,803,251.81818181818184,0);
writeText(1050,803,264.40909090909093,0);
writeText(1100,803,277,0);
writeText(0.0,866.5,0,0);
writeText(2.0,866.5,36.93333333333333,0);
writeText(4.0,866.5,73.86666666666666,0);
writeText(6.0,866.5,110.79999999999998,0);
writeText(8.0,866.5,147.73333333333332,0);
writeText(10.0,863,184.66666666666666,0);
writeText(12.0,863,221.59999999999997,0);
writeText(14.0,863,258.5333333333333,0);
setLineColor(#000000);
moveTo(0,0);
lineTo(0,277);
moveTo(-3,0);
lineTo(3,0);
moveTo(-3,27.024390243902438);
lineTo(3,27.024390243902438);
moveTo(-3,54.048780487804876);
lineTo(3,54.048780487804876);
moveTo(-3,81.07317073170731);
lineTo(3,81.07317073170731);
moveTo(-3,108.09756097560975);
lineTo(3,108.09756097560975);
moveTo(-3,135.1219512195122);
lineTo(3,135.1219512195122);
moveTo(-3,162.14634146341461);
lineTo(3,162.14634146341461);
moveTo(-3,189.17073170731706);
lineTo(3,189.17073170731706);
moveTo(-3,216.1951219512195);
lineTo(3,216.1951219512195);
moveTo(-3,243.21951219512195);
lineTo(3,243.21951219512195);
moveTo(-3,270.2439024390244);
lineTo(3,270.2439024390244);
writeText(6:00
11 Jan
2009,62.66666666666666,-9.5,0);
writeText(12:00
12 Jan
2009,250.66666666666663,-9.5,0);
writeText(6:00
12 Jan
2009,438.66666666666663,-9.5,0);
writeText(12:00
12 Jan
2009,626.6666666666666,-9.5,0);
writeText(0.0,0.5,0,0);
writeText(2.0,0.5,27.024390243902438,0);
writeText(4.0,0.5,54.048780487804876,0);
writeText(6.0,0.5,81.07317073170731,0);
writeText(8.0,0.5,108.09756097560975,0);
writeText(10.0,4,135.1219512195122,0);
writeText(12.0,4,162.14634146341461,0);
writeText(14.0,4,189.17073170731706,0);
writeText(16.0,4,216.1951219512195,0);
writeText(18.0,4,243.21951219512195,0);
writeText(20.0,4,270.2439024390244,0);
writeText(0.0,746.5,0,0);
writeText(1.0,746.5,27.425742574257427,0);
writeText(2.0,746.5,54.851485148514854,0);
writeText(3.0,746.5,82.27722772277228,0);
writeText(4.0,746.5,109.70297029702971,0);
writeText(5.0,746.5,137.12871287128712,0);
writeText(6.0,746.5,164.55445544554456,0);
writeText(7.0,746.5,191.980198019802,0);
writeText(8.0,746.5,219.40594059405942,0);
writeText(9.0,746.5,246.83168316831683,0);
writeText(10.0,743,274.25742574257424,0);
writeText(0,813.5,0,0);
writeText(50,810,12.590909090909092,0);
writeText(100,806.5,25.181818181818183,0);
writeText(150,806.5,37.77272727272727,0);
writeText(200,806.5,50.36363636363637,0);
writeText(250,806.5,62.95454545454546,0);
writeText(300,806.5,75.54545454545455,0);
writeText(350,806.5,88.13636363636364,0);
writeText(400,806.5,100.72727272727273,0);
writeText(450,806.5,113.31818181818183,0);
writeText(500,806.5,125.90909090909092,0);
writeText(550,806.5,138.5,0);
writeText(600,806.5,151.0909090909091,0);
writeText(650,806.5,163.6818181818182,0);
writeText(700,806.5,176.27272727272728,0);
writeText(750,806.5,188.86363636363637,0);
writeText(800,806.5,201.45454545454547,0);
writeText(850,806.5,214.04545454545456,0);
writeText(900,806.5,226.63636363636365,0);
writeText(950,806.5,239.22727272727275,0);
writeText(1000,803,251.81818181818184,0);
writeText(1050,803,264.40909090909093,0);
writeText(1100,803,277,0);
writeText(0.0,866.5,0,0);
writeText(2.0,866.5,36.93333333333333,0);
writeText(4.0,866.5,73.86666666666666,0);
writeText(6.0,866.5,110.79999999999998,0);
writeText(8.0,866.5,147.73333333333332,0);
writeText(10.0,863,184.66666666666666,0);
writeText(12.0,863,221.59999999999997,0);
writeText(14.0,863,258.5333333333333,0);
setLineColor(#000000);
moveTo(752,0);
lineTo(752,277);
moveTo(749,0);
lineTo(755,0);
moveTo(749,27.425742574257427);
lineTo(755,27.425742574257427);
moveTo(749,54.851485148514854);
lineTo(755,54.851485148514854);
moveTo(749,82.27722772277228);
lineTo(755,82.27722772277228);
moveTo(749,109.70297029702971);
lineTo(755,109.70297029702971);
moveTo(749,137.12871287128712);
lineTo(755,137.12871287128712);
moveTo(749,164.55445544554456);
lineTo(755,164.55445544554456);
moveTo(749,191.980198019802);
lineTo(755,191.980198019802);
moveTo(749,219.40594059405942);
lineTo(755,219.40594059405942);
moveTo(749,246.83168316831683);
lineTo(755,246.83168316831683);
moveTo(749,274.25742574257424);
lineTo(755,274.25742574257424);
writeText(6:00
11 Jan
2009,62.66666666666666,-9.5,0);
writeText(12:00
12 Jan
2009,250.66666666666663,-9.5,0);
writeText(6:00
12 Jan
2009,438.66666666666663,-9.5,0);
writeText(12:00
12 Jan
2009,626.6666666666666,-9.5,0);
writeText(0.0,0.5,0,0);
writeText(2.0,0.5,27.024390243902438,0);
writeText(4.0,0.5,54.048780487804876,0);
writeText(6.0,0.5,81.07317073170731,0);
writeText(8.0,0.5,108.09756097560975,0);
writeText(10.0,4,135.1219512195122,0);
writeText(12.0,4,162.14634146341461,0);
writeText(14.0,4,189.17073170731706,0);
writeText(16.0,4,216.1951219512195,0);
writeText(18.0,4,243.21951219512195,0);
writeText(20.0,4,270.2439024390244,0);
writeText(0.0,746.5,0,0);
writeText(1.0,746.5,27.425742574257427,0);
writeText(2.0,746.5,54.851485148514854,0);
writeText(3.0,746.5,82.27722772277228,0);
writeText(4.0,746.5,109.70297029702971,0);
writeText(5.0,746.5,137.12871287128712,0);
writeText(6.0,746.5,164.55445544554456,0);
writeText(7.0,746.5,191.980198019802,0);
writeText(8.0,746.5,219.40594059405942,0);
writeText(9.0,746.5,246.83168316831683,0);
writeText(10.0,743,274.25742574257424,0);
writeText(0,813.5,0,0);
writeText(50,810,12.590909090909092,0);
writeText(100,806.5,25.181818181818183,0);
writeText(150,806.5,37.77272727272727,0);
writeText(200,806.5,50.36363636363637,0);
writeText(250,806.5,62.95454545454546,0);
writeText(300,806.5,75.54545454545455,0);
writeText(350,806.5,88.13636363636364,0);
writeText(400,806.5,100.72727272727273,0);
writeText(450,806.5,113.31818181818183,0);
writeText(500,806.5,125.90909090909092,0);
writeText(550,806.5,138.5,0);
writeText(600,806.5,151.0909090909091,0);
writeText(650,806.5,163.6818181818182,0);
writeText(700,806.5,176.27272727272728,0);
writeText(750,806.5,188.86363636363637,0);
writeText(800,806.5,201.45454545454547,0);
writeText(850,806.5,214.04545454545456,0);
writeText(900,806.5,226.63636363636365,0);
writeText(950,806.5,239.22727272727275,0);
writeText(1000,803,251.81818181818184,0);
writeText(1050,803,264.40909090909093,0);
writeText(1100,803,277,0);
writeText(0.0,866.5,0,0);
writeText(2.0,866.5,36.93333333333333,0);
writeText(4.0,866.5,73.86666666666666,0);
writeText(6.0,866.5,110.79999999999998,0);
writeText(8.0,866.5,147.73333333333332,0);
writeText(10.0,863,184.66666666666666,0);
writeText(12.0,863,221.59999999999997,0);
writeText(14.0,863,258.5333333333333,0);
setLineColor(#000000);
moveTo(812,0);
lineTo(812,277);
moveTo(809,0);
lineTo(815,0);
moveTo(809,12.590909090909092);
lineTo(815,12.590909090909092);
moveTo(809,25.181818181818183);
lineTo(815,25.181818181818183);
moveTo(809,37.77272727272727);
lineTo(815,37.77272727272727);
moveTo(809,50.36363636363637);
lineTo(815,50.36363636363637);
moveTo(809,62.95454545454546);
lineTo(815,62.95454545454546);
moveTo(809,75.54545454545455);
lineTo(815,75.54545454545455);
moveTo(809,88.13636363636364);
lineTo(815,88.13636363636364);
moveTo(809,100.72727272727273);
lineTo(815,100.72727272727273);
moveTo(809,113.31818181818183);
lineTo(815,113.31818181818183);
moveTo(809,125.90909090909092);
lineTo(815,125.90909090909092);
moveTo(809,138.5);
lineTo(815,138.5);
moveTo(809,151.0909090909091);
lineTo(815,151.0909090909091);
moveTo(809,163.6818181818182);
lineTo(815,163.6818181818182);
moveTo(809,176.27272727272728);
lineTo(815,176.27272727272728);
moveTo(809,188.86363636363637);
lineTo(815,188.86363636363637);
moveTo(809,201.45454545454547);
lineTo(815,201.45454545454547);
moveTo(809,214.04545454545456);
lineTo(815,214.04545454545456);
moveTo(809,226.63636363636365);
lineTo(815,226.63636363636365);
moveTo(809,239.22727272727275);
lineTo(815,239.22727272727275);
moveTo(809,251.81818181818184);
lineTo(815,251.81818181818184);
moveTo(809,264.40909090909093);
lineTo(815,264.40909090909093);
moveTo(809,277);
lineTo(815,277);
writeText(6:00
11 Jan
2009,62.66666666666666,-9.5,0);
writeText(12:00
12 Jan
2009,250.66666666666663,-9.5,0);
writeText(6:00
12 Jan
2009,438.66666666666663,-9.5,0);
writeText(12:00
12 Jan
2009,626.6666666666666,-9.5,0);
writeText(0.0,0.5,0,0);
writeText(2.0,0.5,27.024390243902438,0);
writeText(4.0,0.5,54.048780487804876,0);
writeText(6.0,0.5,81.07317073170731,0);
writeText(8.0,0.5,108.09756097560975,0);
writeText(10.0,4,135.1219512195122,0);
writeText(12.0,4,162.14634146341461,0);
writeText(14.0,4,189.17073170731706,0);
writeText(16.0,4,216.1951219512195,0);
writeText(18.0,4,243.21951219512195,0);
writeText(20.0,4,270.2439024390244,0);
writeText(0.0,746.5,0,0);
writeText(1.0,746.5,27.425742574257427,0);
writeText(2.0,746.5,54.851485148514854,0);
writeText(3.0,746.5,82.27722772277228,0);
writeText(4.0,746.5,109.70297029702971,0);
writeText(5.0,746.5,137.12871287128712,0);
writeText(6.0,746.5,164.55445544554456,0);
writeText(7.0,746.5,191.980198019802,0);
writeText(8.0,746.5,219.40594059405942,0);
writeText(9.0,746.5,246.83168316831683,0);
writeText(10.0,743,274.25742574257424,0);
writeText(0,813.5,0,0);
writeText(50,810,12.590909090909092,0);
writeText(100,806.5,25.181818181818183,0);
writeText(150,806.5,37.77272727272727,0);
writeText(200,806.5,50.36363636363637,0);
writeText(250,806.5,62.95454545454546,0);
writeText(300,806.5,75.54545454545455,0);
writeText(350,806.5,88.13636363636364,0);
writeText(400,806.5,100.72727272727273,0);
writeText(450,806.5,113.31818181818183,0);
writeText(500,806.5,125.90909090909092,0);
writeText(550,806.5,138.5,0);
writeText(600,806.5,151.0909090909091,0);
writeText(650,806.5,163.6818181818182,0);
writeText(700,806.5,176.27272727272728,0);
writeText(750,806.5,188.86363636363637,0);
writeText(800,806.5,201.45454545454547,0);
writeText(850,806.5,214.04545454545456,0);
writeText(900,806.5,226.63636363636365,0);
writeText(950,806.5,239.22727272727275,0);
writeText(1000,803,251.81818181818184,0);
writeText(1050,803,264.40909090909093,0);
writeText(1100,803,277,0);
writeText(0.0,866.5,0,0);
writeText(2.0,866.5,36.93333333333333,0);
writeText(4.0,866.5,73.86666666666666,0);
writeText(6.0,866.5,110.79999999999998,0);
writeText(8.0,866.5,147.73333333333332,0);
writeText(10.0,863,184.66666666666666,0);
writeText(12.0,863,221.59999999999997,0);
writeText(14.0,863,258.5333333333333,0);
setLineColor(#000000);
moveTo(872,0);
lineTo(872,277);
moveTo(869,0);
lineTo(875,0);
moveTo(869,36.93333333333333);
lineTo(875,36.93333333333333);
moveTo(869,73.86666666666666);
lineTo(875,73.86666666666666);
moveTo(869,110.79999999999998);
lineTo(875,110.79999999999998);
moveTo(869,147.73333333333332);
lineTo(875,147.73333333333332);
moveTo(869,184.66666666666666);
lineTo(875,184.66666666666666);
moveTo(869,221.59999999999997);
lineTo(875,221.59999999999997);
moveTo(869,258.5333333333333);
lineTo(875,258.5333333333333);
writeText(6:00
11 Jan
2009,62.66666666666666,-9.5,0);
writeText(12:00
12 Jan
2009,250.66666666666663,-9.5,0);
writeText(6:00
12 Jan
2009,438.66666666666663,-9.5,0);
writeText(12:00
12 Jan
2009,626.6666666666666,-9.5,0);
writeText(0.0,0.5,0,0);
writeText(2.0,0.5,27.024390243902438,0);
writeText(4.0,0.5,54.048780487804876,0);
writeText(6.0,0.5,81.07317073170731,0);
writeText(8.0,0.5,108.09756097560975,0);
writeText(10.0,4,135.1219512195122,0);
writeText(12.0,4,162.14634146341461,0);
writeText(14.0,4,189.17073170731706,0);
writeText(16.0,4,216.1951219512195,0);
writeText(18.0,4,243.21951219512195,0);
writeText(20.0,4,270.2439024390244,0);
writeText(0.0,746.5,0,0);
writeText(1.0,746.5,27.425742574257427,0);
writeText(2.0,746.5,54.851485148514854,0);
writeText(3.0,746.5,82.27722772277228,0);
writeText(4.0,746.5,109.70297029702971,0);
writeText(5.0,746.5,137.12871287128712,0);
writeText(6.0,746.5,164.55445544554456,0);
writeText(7.0,746.5,191.980198019802,0);
writeText(8.0,746.5,219.40594059405942,0);
writeText(9.0,746.5,246.83168316831683,0);
writeText(10.0,743,274.25742574257424,0);
writeText(0,813.5,0,0);
writeText(50,810,12.590909090909092,0);
writeText(100,806.5,25.181818181818183,0);
writeText(150,806.5,37.77272727272727,0);
writeText(200,806.5,50.36363636363637,0);
writeText(250,806.5,62.95454545454546,0);
writeText(300,806.5,75.54545454545455,0);
writeText(350,806.5,88.13636363636364,0);
writeText(400,806.5,100.72727272727273,0);
writeText(450,806.5,113.31818181818183,0);
writeText(500,806.5,125.90909090909092,0);
writeText(550,806.5,138.5,0);
writeText(600,806.5,151.0909090909091,0);
writeText(650,806.5,163.6818181818182,0);
writeText(700,806.5,176.27272727272728,0);
writeText(750,806.5,188.86363636363637,0);
writeText(800,806.5,201.45454545454547,0);
writeText(850,806.5,214.04545454545456,0);
writeText(900,806.5,226.63636363636365,0);
writeText(950,806.5,239.22727272727275,0);
writeText(1000,803,251.81818181818184,0);
writeText(1050,803,264.40909090909093,0);
writeText(1100,803,277,0);
writeText(0.0,866.5,0,0);
writeText(2.0,866.5,36.93333333333333,0);
writeText(4.0,866.5,73.86666666666666,0);
writeText(6.0,866.5,110.79999999999998,0);
writeText(8.0,866.5,147.73333333333332,0);
writeText(10.0,863,184.66666666666666,0);
writeText(12.0,863,221.59999999999997,0);
writeText(14.0,863,258.5333333333333,0);
setFillColor(#ffaaaa);
setLineColor(#ffaaaa);
setLineColor(#ffaaaa);
setFillColor(#00ff00);
setLineColor(#000000);
setLineColor(#0000ff);
setLineWidth(3);
setLineColor(#ff0000);
setLineWidth(3);
setLineColor(#000000);
setLineWidth(1);

