setFillColor(#000000);
drawRect(0,0,800,400);
fillArea();
setFillColor(#ffffff);
drawRect(0,0,800,400);
fillArea();
setLineColor(#eeeeee);
setLineWidth(0);
drawRect(60,25,715,340);
setLineColor(#000000);
moveTo(0,0);
lineTo(715,0);
moveTo(63.55652226819177,-4);
lineTo(63.55652226819177,0);
moveTo(142.991299586274,-4);
lineTo(142.991299586274,0);
moveTo(222.42607690435628,-4);
lineTo(222.42607690435628,0);
moveTo(301.9043562910684,-4);
lineTo(301.9043562910684,0);
moveTo(381.3391336091506,-4);
lineTo(381.3391336091506,0);
moveTo(460.77391092723286,-4);
lineTo(460.77391092723286,0);
moveTo(540.2086882453151,-4);
lineTo(540.2086882453151,0);
moveTo(619.6869676320272,-4);
lineTo(619.6869676320272,0);
moveTo(699.1217449501095,-4);
lineTo(699.1217449501095,0);
writeText(1970,63.55652226819177,-9.5,0);
writeText(1975,142.991299586274,-9.5,0);
writeText(1980,222.42607690435628,-9.5,0);
writeText(1985,301.9043562910684,-9.5,0);
writeText(1990,381.3391336091506,-9.5,0);
writeText(1995,460.77391092723286,-9.5,0);
writeText(2000,540.2086882453151,-9.5,0);
writeText(2005,619.6869676320272,-9.5,0);
writeText(2010,699.1217449501095,-9.5,0);
writeText(-4.00,9.5,0,0);
writeText(-2.00,9.5,85,0);
writeText(0.00,6,170,0);
writeText(2.00,6,255,0);
writeText(4.00,6,340,0);
setLineColor(#000000);
moveTo(0,0);
lineTo(0,340);
moveTo(-4,0);
lineTo(0,0);
moveTo(-4,85);
lineTo(0,85);
moveTo(-4,170);
lineTo(0,170);
moveTo(-4,255);
lineTo(0,255);
moveTo(-4,340);
lineTo(0,340);
writeText(1970,63.55652226819177,-9.5,0);
writeText(1975,142.991299586274,-9.5,0);
writeText(1980,222.42607690435628,-9.5,0);
writeText(1985,301.9043562910684,-9.5,0);
writeText(1990,381.3391336091506,-9.5,0);
writeText(1995,460.77391092723286,-9.5,0);
writeText(2000,540.2086882453151,-9.5,0);
writeText(2005,619.6869676320272,-9.5,0);
writeText(2010,699.1217449501095,-9.5,0);
writeText(-4.00,9.5,0,0);
writeText(-2.00,9.5,85,0);
writeText(0.00,6,170,0);
writeText(2.00,6,255,0);
writeText(4.00,6,340,0);
setFillColor(#663333);
setLineColor(#000000);
drawRect(16.878255049890484,170,NaN,95.93359249999997);
drawRect(32.75651009978097,170,NaN,-125.43509500000002);
drawRect(48.678267218301286,170,NaN,14.818517500000013);
drawRect(64.55652226819177,170,NaN,88.44785499999995);
drawRect(80.43477731808225,170,NaN,77.25446000000002);
drawRect(96.31303236797274,170,NaN,16.40449000000001);
drawRect(112.23478948649306,170,NaN,2.1288675000000126);
drawRect(128.11304453638354,170,NaN,-25.706634999999977);
drawRect(143.991299586274,170,NaN,27.643062500000013);
drawRect(159.8695546361645,170,NaN,-2.2074925000000007);
drawRect(175.7913117546848,170,NaN,-12.720589999999987);
drawRect(191.6695668045753,170,NaN,49.746504999999985);
drawRect(207.54782185446578,170,NaN,141.51705249999998);
drawRect(223.42607690435628,170,NaN,99.04357249999998);
drawRect(239.34783402287658,170,NaN,99.06970999999999);
drawRect(255.22608907276708,170,NaN,17.446335000000005);
drawRect(271.10434412265755,170,NaN,-22.48704749999999);
drawRect(286.982599172548,170,NaN,2.285607499999969);
drawRect(302.9043562910684,170,NaN,112.17348000000004);
drawRect(318.78261134095885,170,NaN,-27.717352500000004);
drawRect(334.6608663908493,170,NaN,63.950897499999996);
drawRect(350.5391214407398,170,NaN,-57.154679999999985);
drawRect(366.46087855926015,170,NaN,-63.0130075);
drawRect(382.3391336091506,170,NaN,-133.55276500000002);
drawRect(398.2173886590411,170,NaN,-75.4213925);
drawRect(414.09564370893156,170,NaN,-89.41269);
drawRect(430.0174008274519,170,NaN,-72.9079425);
drawRect(445.8956558773424,170,NaN,-51.406639999999996);
drawRect(461.77391092723286,170,NaN,-8.191959999999995);
drawRect(477.65216597712333,170,NaN,70.54583499999998);
drawRect(493.5739230956437,170,NaN,-33.975307499999985);
drawRect(509.45217814553416,170,NaN,14.456120000000027);
drawRect(525.3304331954247,170,NaN,-47.570674999999994);
drawRect(541.2086882453151,170,NaN,-70.97019750000001);
drawRect(557.1304453638354,170,NaN,-42.2807425);
drawRect(573.0087004137259,170,NaN,-80.26839);
drawRect(588.8869554636165,170,NaN,19.459474999999998);
drawRect(604.7652105135069,170,NaN,-86.5275775);
drawRect(620.6869676320272,170,NaN,-32.16548750000001);
drawRect(636.5652226819177,170,NaN,-21.627867500000008);
drawRect(652.4434777318082,170,NaN,-86.59579000000001);
drawRect(668.3217327816986,170,NaN,-106.1193125);
drawRect(684.243489900219,170,NaN,-60.56148);
drawRect(700.1217449501095,170,NaN,-52.11740999999999);
drawRect(715.9999999999999,170,NaN,7.548892500000022);

