setFillColor(#000000);
drawRect(0,0,800,400);
fillArea();
setFillColor(#ffffff);
drawRect(0,0,800,400);
fillArea();
setLineColor(#eeeeee);
setLineWidth(0);
drawRect(55,25,720,340);
setLineColor(#000000);
moveTo(0,0);
lineTo(720,0);
moveTo(20.55694618272841,-4);
lineTo(20.55694618272841,0);
moveTo(61.727158948685855,-4);
lineTo(61.727158948685855,0);
moveTo(102.84105131414267,-4);
lineTo(102.84105131414267,0);
moveTo(144.01126408010012,-4);
lineTo(144.01126408010012,0);
moveTo(185.12515644555694,-4);
lineTo(185.12515644555694,0);
moveTo(226.29536921151438,-4);
lineTo(226.29536921151438,0);
moveTo(267.4092615769712,-4);
lineTo(267.4092615769712,0);
moveTo(308.5794743429287,-4);
lineTo(308.5794743429287,0);
moveTo(349.69336670838544,-4);
lineTo(349.69336670838544,0);
moveTo(390.86357947434294,-4);
lineTo(390.86357947434294,0);
moveTo(431.9774718397997,-4);
lineTo(431.9774718397997,0);
moveTo(473.1476846057572,-4);
lineTo(473.1476846057572,0);
moveTo(514.261576971214,-4);
lineTo(514.261576971214,0);
moveTo(555.4317897371715,-4);
lineTo(555.4317897371715,0);
moveTo(596.5456821026282,-4);
lineTo(596.5456821026282,0);
moveTo(637.7158948685857,-4);
lineTo(637.7158948685857,0);
moveTo(678.8297872340426,-4);
lineTo(678.8297872340426,0);
moveTo(720,-4);
lineTo(720,0);
writeText(1976,20.55694618272841,-9.5,0);
writeText(1978,61.727158948685855,-9.5,0);
writeText(1980,102.84105131414267,-9.5,0);
writeText(1982,144.01126408010012,-9.5,0);
writeText(1984,185.12515644555694,-9.5,0);
writeText(1986,226.29536921151438,-9.5,0);
writeText(1988,267.4092615769712,-9.5,0);
writeText(1990,308.5794743429287,-9.5,0);
writeText(1992,349.69336670838544,-9.5,0);
writeText(1994,390.86357947434294,-9.5,0);
writeText(1996,431.9774718397997,-9.5,0);
writeText(1998,473.1476846057572,-9.5,0);
writeText(2000,514.261576971214,-9.5,0);
writeText(2002,555.4317897371715,-9.5,0);
writeText(2004,596.5456821026282,-9.5,0);
writeText(2006,637.7158948685857,-9.5,0);
writeText(2008,678.8297872340426,-9.5,0);
writeText(2010,720,-9.5,0);
writeText(-15.00,13,0,0);
writeText(-10.00,13,85,0);
writeText(-5.00,9.5,170,0);
writeText(0.00,6,255,0);
writeText(5.00,6,340,0);
setLineColor(#000000);
moveTo(0,0);
lineTo(0,340);
moveTo(-4,0);
lineTo(0,0);
moveTo(-4,85);
lineTo(0,85);
moveTo(-4,170);
lineTo(0,170);
moveTo(-4,255);
lineTo(0,255);
moveTo(-4,340);
lineTo(0,340);
writeText(1976,20.55694618272841,-9.5,0);
writeText(1978,61.727158948685855,-9.5,0);
writeText(1980,102.84105131414267,-9.5,0);
writeText(1982,144.01126408010012,-9.5,0);
writeText(1984,185.12515644555694,-9.5,0);
writeText(1986,226.29536921151438,-9.5,0);
writeText(1988,267.4092615769712,-9.5,0);
writeText(1990,308.5794743429287,-9.5,0);
writeText(1992,349.69336670838544,-9.5,0);
writeText(1994,390.86357947434294,-9.5,0);
writeText(1996,431.9774718397997,-9.5,0);
writeText(1998,473.1476846057572,-9.5,0);
writeText(2000,514.261576971214,-9.5,0);
writeText(2002,555.4317897371715,-9.5,0);
writeText(2004,596.5456821026282,-9.5,0);
writeText(2006,637.7158948685857,-9.5,0);
writeText(2008,678.8297872340426,-9.5,0);
writeText(2010,720,-9.5,0);
writeText(-15.00,13,0,0);
writeText(-10.00,13,85,0);
writeText(-5.00,9.5,170,0);
writeText(0.00,6,255,0);
writeText(5.00,6,340,0);
setFillColor(#5bc69a);
setLineColor(#5bc69a);
moveTo(82.28410513141426,255);
lineTo(102.84105131414267,252.28);
lineTo(102.84105131414267,0);
lineTo(82.28410513141426,0);
fillArea();
moveTo(102.84105131414267,252.28);
lineTo(123.45431789737171,251.26);
lineTo(123.45431789737171,0);
lineTo(102.84105131414267,0);
fillArea();
moveTo(123.45431789737171,251.26);
lineTo(144.01126408010012,243.10000000000002);
lineTo(144.01126408010012,0);
lineTo(123.45431789737171,0);
fillArea();
moveTo(144.01126408010012,243.10000000000002);
lineTo(164.56821026282853,245.14);
lineTo(164.56821026282853,0);
lineTo(144.01126408010012,0);
fillArea();
moveTo(164.56821026282853,245.14);
lineTo(185.12515644555694,244.29);
lineTo(185.12515644555694,0);
lineTo(164.56821026282853,0);
fillArea();
moveTo(185.12515644555694,244.29);
lineTo(205.73842302878597,237.83);
lineTo(205.73842302878597,0);
lineTo(185.12515644555694,0);
fillArea();
moveTo(205.73842302878597,237.83);
lineTo(226.29536921151438,228.48);
lineTo(226.29536921151438,0);
lineTo(205.73842302878597,0);
fillArea();
moveTo(226.29536921151438,228.48);
lineTo(246.8523153942428,229.67);
lineTo(246.8523153942428,0);
lineTo(226.29536921151438,0);
fillArea();
moveTo(246.8523153942428,229.67);
lineTo(267.4092615769712,220.83);
lineTo(267.4092615769712,0);
lineTo(246.8523153942428,0);
fillArea();
moveTo(267.4092615769712,220.83);
lineTo(288.02252816020024,221.34);
lineTo(288.02252816020024,0);
lineTo(267.4092615769712,0);
fillArea();
moveTo(288.02252816020024,221.34);
lineTo(308.5794743429287,217.09);
lineTo(308.5794743429287,0);
lineTo(288.02252816020024,0);
fillArea();
moveTo(308.5794743429287,217.09);
lineTo(329.13642052565706,208.08);
lineTo(329.13642052565706,0);
lineTo(308.5794743429287,0);
fillArea();
moveTo(329.13642052565706,208.08);
lineTo(349.69336670838544,206.04000000000002);
lineTo(349.69336670838544,0);
lineTo(329.13642052565706,0);
fillArea();
moveTo(349.69336670838544,206.04000000000002);
lineTo(370.3066332916145,205.87);
lineTo(370.3066332916145,0);
lineTo(349.69336670838544,0);
fillArea();
moveTo(370.3066332916145,205.87);
lineTo(390.86357947434294,197.03);
lineTo(390.86357947434294,0);
lineTo(370.3066332916145,0);
fillArea();
moveTo(390.86357947434294,197.03);
lineTo(411.4205256570713,194.31);
lineTo(411.4205256570713,0);
lineTo(390.86357947434294,0);
fillArea();
moveTo(411.4205256570713,194.31);
lineTo(431.9774718397997,186.83);
lineTo(431.9774718397997,0);
lineTo(411.4205256570713,0);
fillArea();
moveTo(431.9774718397997,186.83);
lineTo(452.59073842302877,177.48000000000002);
lineTo(452.59073842302877,0);
lineTo(431.9774718397997,0);
fillArea();
moveTo(452.59073842302877,177.48000000000002);
lineTo(473.1476846057572,164.39);
lineTo(473.1476846057572,0);
lineTo(452.59073842302877,0);
fillArea();
moveTo(473.1476846057572,164.39);
lineTo(493.7046307884856,156.39999999999998);
lineTo(493.7046307884856,0);
lineTo(473.1476846057572,0);
fillArea();
moveTo(493.7046307884856,156.39999999999998);
lineTo(514.261576971214,155.55);
lineTo(514.261576971214,0);
lineTo(493.7046307884856,0);
fillArea();
moveTo(514.261576971214,155.55);
lineTo(534.874843554443,152.83);
lineTo(534.874843554443,0);
lineTo(514.261576971214,0);
fillArea();
moveTo(534.874843554443,152.83);
lineTo(555.4317897371715,141.10000000000002);
lineTo(555.4317897371715,0);
lineTo(534.874843554443,0);
fillArea();
moveTo(555.4317897371715,141.10000000000002);
lineTo(575.9887359198998,120.02);
lineTo(575.9887359198998,0);
lineTo(555.4317897371715,0);
fillArea();
moveTo(575.9887359198998,120.02);
lineTo(596.5456821026282,107.27000000000001);
lineTo(596.5456821026282,0);
lineTo(575.9887359198998,0);
fillArea();
moveTo(596.5456821026282,107.27000000000001);
lineTo(617.1589486858574,97.75);
lineTo(617.1589486858574,0);
lineTo(596.5456821026282,0);
fillArea();
moveTo(617.1589486858574,97.75);
lineTo(637.7158948685857,76.41499999999999);
lineTo(637.7158948685857,0);
lineTo(617.1589486858574,0);
fillArea();
moveTo(637.7158948685857,76.41499999999999);
lineTo(658.2728410513141,64.97399999999999);
lineTo(658.2728410513141,0);
lineTo(637.7158948685857,0);
fillArea();
moveTo(658.2728410513141,64.97399999999999);
lineTo(678.8297872340426,58.361);
lineTo(678.8297872340426,0);
lineTo(658.2728410513141,0);
fillArea();
setLineColor(#000000);
moveTo(82.28410513141426,255);
lineTo(102.84105131414267,252.28);
moveTo(102.84105131414267,252.28);
lineTo(123.45431789737171,251.26);
moveTo(123.45431789737171,251.26);
lineTo(144.01126408010012,243.10000000000002);
moveTo(144.01126408010012,243.10000000000002);
lineTo(164.56821026282853,245.14);
moveTo(164.56821026282853,245.14);
lineTo(185.12515644555694,244.29);
moveTo(185.12515644555694,244.29);
lineTo(205.73842302878597,237.83);
moveTo(205.73842302878597,237.83);
lineTo(226.29536921151438,228.48);
moveTo(226.29536921151438,228.48);
lineTo(246.8523153942428,229.67);
moveTo(246.8523153942428,229.67);
lineTo(267.4092615769712,220.83);
moveTo(267.4092615769712,220.83);
lineTo(288.02252816020024,221.34);
moveTo(288.02252816020024,221.34);
lineTo(308.5794743429287,217.09);
moveTo(308.5794743429287,217.09);
lineTo(329.13642052565706,208.08);
moveTo(329.13642052565706,208.08);
lineTo(349.69336670838544,206.04000000000002);
moveTo(349.69336670838544,206.04000000000002);
lineTo(370.3066332916145,205.87);
moveTo(370.3066332916145,205.87);
lineTo(390.86357947434294,197.03);
moveTo(390.86357947434294,197.03);
lineTo(411.4205256570713,194.31);
moveTo(411.4205256570713,194.31);
lineTo(431.9774718397997,186.83);
moveTo(431.9774718397997,186.83);
lineTo(452.59073842302877,177.48000000000002);
moveTo(452.59073842302877,177.48000000000002);
lineTo(473.1476846057572,164.39);
moveTo(473.1476846057572,164.39);
lineTo(493.7046307884856,156.39999999999998);
moveTo(493.7046307884856,156.39999999999998);
lineTo(514.261576971214,155.55);
moveTo(514.261576971214,155.55);
lineTo(534.874843554443,152.83);
moveTo(534.874843554443,152.83);
lineTo(555.4317897371715,141.10000000000002);
moveTo(555.4317897371715,141.10000000000002);
lineTo(575.9887359198998,120.02);
moveTo(575.9887359198998,120.02);
lineTo(596.5456821026282,107.27000000000001);
moveTo(596.5456821026282,107.27000000000001);
lineTo(617.1589486858574,97.75);
moveTo(617.1589486858574,97.75);
lineTo(637.7158948685857,76.41499999999999);
moveTo(637.7158948685857,76.41499999999999);
lineTo(658.2728410513141,64.97399999999999);
moveTo(658.2728410513141,64.97399999999999);
lineTo(678.8297872340426,58.361);

