setFillColor(#000000);
drawRect(0,0,800,400);
fillArea();
setFillColor(#ffffff);
drawRect(0,0,800,400);
fillArea();
setLineColor(#eeeeee);
setLineWidth(0);
drawRect(60,25,715,340);
setLineColor(#000000);
moveTo(0,0);
lineTo(715,0);
moveTo(23.048220436280136,-4);
lineTo(23.048220436280136,0);
moveTo(69.20780711825488,-4);
lineTo(69.20780711825488,0);
moveTo(115.30424799081516,-4);
lineTo(115.30424799081516,0);
moveTo(161.4638346727899,-4);
lineTo(161.4638346727899,0);
moveTo(207.56027554535015,-4);
lineTo(207.56027554535015,0);
moveTo(253.7198622273249,-4);
lineTo(253.7198622273249,0);
moveTo(299.81630309988515,-4);
lineTo(299.81630309988515,0);
moveTo(345.9758897818599,-4);
lineTo(345.9758897818599,0);
moveTo(392.07233065442017,-4);
lineTo(392.07233065442017,0);
moveTo(438.23191733639493,-4);
lineTo(438.23191733639493,0);
moveTo(484.3283582089552,-4);
lineTo(484.3283582089552,0);
moveTo(530.48794489093,-4);
lineTo(530.48794489093,0);
moveTo(576.5843857634902,-4);
lineTo(576.5843857634902,0);
moveTo(622.7439724454649,-4);
lineTo(622.7439724454649,0);
moveTo(668.8404133180252,-4);
lineTo(668.8404133180252,0);
moveTo(715,-4);
lineTo(715,0);
writeText(1980,23.048220436280136,-9.5,0);
writeText(1982,69.20780711825488,-9.5,0);
writeText(1984,115.30424799081516,-9.5,0);
writeText(1986,161.4638346727899,-9.5,0);
writeText(1988,207.56027554535015,-9.5,0);
writeText(1990,253.7198622273249,-9.5,0);
writeText(1992,299.81630309988515,-9.5,0);
writeText(1994,345.9758897818599,-9.5,0);
writeText(1996,392.07233065442017,-9.5,0);
writeText(1998,438.23191733639493,-9.5,0);
writeText(2000,484.3283582089552,-9.5,0);
writeText(2002,530.48794489093,-9.5,0);
writeText(2004,576.5843857634902,-9.5,0);
writeText(2006,622.7439724454649,-9.5,0);
writeText(2008,668.8404133180252,-9.5,0);
writeText(2010,715,-9.5,0);
writeText(4.0,2.5,0,0);
writeText(4.5,2.5,42.5,0);
writeText(5.0,2.5,85,0);
writeText(5.5,2.5,127.5,0);
writeText(6.0,2.5,170,0);
writeText(6.5,2.5,212.5,0);
writeText(7.0,2.5,255,0);
writeText(7.5,2.5,297.5,0);
writeText(8.0,2.5,340,0);
setLineColor(#000000);
moveTo(0,0);
lineTo(0,340);
moveTo(-4,0);
lineTo(0,0);
moveTo(-4,42.5);
lineTo(0,42.5);
moveTo(-4,85);
lineTo(0,85);
moveTo(-4,127.5);
lineTo(0,127.5);
moveTo(-4,170);
lineTo(0,170);
moveTo(-4,212.5);
lineTo(0,212.5);
moveTo(-4,255);
lineTo(0,255);
moveTo(-4,297.5);
lineTo(0,297.5);
moveTo(-4,340);
lineTo(0,340);
writeText(1980,23.048220436280136,-9.5,0);
writeText(1982,69.20780711825488,-9.5,0);
writeText(1984,115.30424799081516,-9.5,0);
writeText(1986,161.4638346727899,-9.5,0);
writeText(1988,207.56027554535015,-9.5,0);
writeText(1990,253.7198622273249,-9.5,0);
writeText(1992,299.81630309988515,-9.5,0);
writeText(1994,345.9758897818599,-9.5,0);
writeText(1996,392.07233065442017,-9.5,0);
writeText(1998,438.23191733639493,-9.5,0);
writeText(2000,484.3283582089552,-9.5,0);
writeText(2002,530.48794489093,-9.5,0);
writeText(2004,576.5843857634902,-9.5,0);
writeText(2006,622.7439724454649,-9.5,0);
writeText(2008,668.8404133180252,-9.5,0);
writeText(2010,715,-9.5,0);
writeText(4.0,2.5,0,0);
writeText(4.5,2.5,42.5,0);
writeText(5.0,2.5,85,0);
writeText(5.5,2.5,127.5,0);
writeText(6.0,2.5,170,0);
writeText(6.5,2.5,212.5,0);
writeText(7.0,2.5,255,0);
writeText(7.5,2.5,297.5,0);
writeText(8.0,2.5,340,0);
setFillColor(#8fc6ff);
setLineColor(#8fc6ff);
moveTo(15.34443168771527,272);
lineTo(38.45579793340987,327.24999999999994);
lineTo(38.45579793340987,0);
lineTo(15.34443168771527,0);
fillArea();
moveTo(38.45579793340987,327.24999999999994);
lineTo(61.50401836969001,276.25);
lineTo(61.50401836969001,0);
lineTo(38.45579793340987,0);
fillArea();
moveTo(61.50401836969001,276.25);
lineTo(84.55223880597015,293.25);
lineTo(84.55223880597015,0);
lineTo(61.50401836969001,0);
fillArea();
moveTo(84.55223880597015,293.25);
lineTo(107.60045924225028,299.2);
lineTo(107.60045924225028,0);
lineTo(84.55223880597015,0);
fillArea();
moveTo(107.60045924225028,299.2);
lineTo(130.71182548794488,269.45);
lineTo(130.71182548794488,0);
lineTo(107.60045924225028,0);
fillArea();
moveTo(130.71182548794488,269.45);
lineTo(153.760045924225,249.04999999999998);
lineTo(153.760045924225,0);
lineTo(130.71182548794488,0);
fillArea();
moveTo(153.760045924225,249.04999999999998);
lineTo(176.80826636050517,300.9);
lineTo(176.80826636050517,0);
lineTo(153.760045924225,0);
fillArea();
moveTo(176.80826636050517,300.9);
lineTo(199.8564867967853,295.8);
lineTo(199.8564867967853,0);
lineTo(176.80826636050517,0);
fillArea();
moveTo(199.8564867967853,295.8);
lineTo(222.9678530424799,296.65000000000003);
lineTo(222.9678530424799,0);
lineTo(199.8564867967853,0);
fillArea();
moveTo(222.9678530424799,296.65000000000003);
lineTo(246.01607347876003,258.4);
lineTo(246.01607347876003,0);
lineTo(222.9678530424799,0);
fillArea();
moveTo(246.01607347876003,258.4);
lineTo(269.0642939150402,190.4);
lineTo(269.0642939150402,0);
lineTo(246.01607347876003,0);
fillArea();
moveTo(269.0642939150402,190.4);
lineTo(292.1125143513203,216.74999999999997);
lineTo(292.1125143513203,0);
lineTo(269.0642939150402,0);
fillArea();
moveTo(292.1125143513203,216.74999999999997);
lineTo(315.2238805970149,301.75);
lineTo(315.2238805970149,0);
lineTo(292.1125143513203,0);
fillArea();
moveTo(315.2238805970149,301.75);
lineTo(338.27210103329503,212.5);
lineTo(338.27210103329503,0);
lineTo(315.2238805970149,0);
fillArea();
moveTo(338.27210103329503,212.5);
lineTo(361.32032146957516,270.29999999999995);
lineTo(361.32032146957516,0);
lineTo(338.27210103329503,0);
fillArea();
moveTo(361.32032146957516,270.29999999999995);
lineTo(384.3685419058553,181.04999999999998);
lineTo(384.3685419058553,0);
lineTo(361.32032146957516,0);
fillArea();
moveTo(384.3685419058553,181.04999999999998);
lineTo(407.4799081515499,329.8);
lineTo(407.4799081515499,0);
lineTo(384.3685419058553,0);
fillArea();
moveTo(407.4799081515499,329.8);
lineTo(430.52812858783005,232.9);
lineTo(430.52812858783005,0);
lineTo(407.4799081515499,0);
fillArea();
moveTo(430.52812858783005,232.9);
lineTo(453.5763490241102,217.59999999999997);
lineTo(453.5763490241102,0);
lineTo(430.52812858783005,0);
fillArea();
moveTo(453.5763490241102,217.59999999999997);
lineTo(476.6245694603903,190.4);
lineTo(476.6245694603903,0);
lineTo(453.5763490241102,0);
fillArea();
moveTo(476.6245694603903,190.4);
lineTo(499.73593570608494,197.20000000000002);
lineTo(499.73593570608494,0);
lineTo(476.6245694603903,0);
fillArea();
moveTo(499.73593570608494,197.20000000000002);
lineTo(522.7841561423651,233.75);
lineTo(522.7841561423651,0);
lineTo(499.73593570608494,0);
fillArea();
moveTo(522.7841561423651,233.75);
lineTo(545.8323765786452,166.6);
lineTo(545.8323765786452,0);
lineTo(522.7841561423651,0);
fillArea();
moveTo(545.8323765786452,166.6);
lineTo(568.8805970149253,182.75000000000003);
lineTo(568.8805970149253,0);
lineTo(545.8323765786452,0);
fillArea();
moveTo(568.8805970149253,182.75000000000003);
lineTo(591.99196326062,174.24999999999997);
lineTo(591.99196326062,0);
lineTo(568.8805970149253,0);
fillArea();
moveTo(591.99196326062,174.24999999999997);
lineTo(615.0401836969,133.45000000000002);
lineTo(615.0401836969,0);
lineTo(591.99196326062,0);
fillArea();
moveTo(615.0401836969,133.45000000000002);
lineTo(638.0884041331802,163.2);
lineTo(638.0884041331802,0);
lineTo(615.0401836969,0);
fillArea();
moveTo(638.0884041331802,163.2);
lineTo(661.1366245694603,25.499999999999986);
lineTo(661.1366245694603,0);
lineTo(638.0884041331802,0);
fillArea();
moveTo(661.1366245694603,25.499999999999986);
lineTo(684.2479908151549,62.05000000000004);
lineTo(684.2479908151549,0);
lineTo(661.1366245694603,0);
fillArea();
moveTo(684.2479908151549,62.05000000000004);
lineTo(707.2962112514351,118.14999999999998);
lineTo(707.2962112514351,0);
lineTo(684.2479908151549,0);
fillArea();
setLineColor(#000000);
moveTo(15.34443168771527,272);
lineTo(38.45579793340987,327.24999999999994);
moveTo(38.45579793340987,327.24999999999994);
lineTo(61.50401836969001,276.25);
moveTo(61.50401836969001,276.25);
lineTo(84.55223880597015,293.25);
moveTo(84.55223880597015,293.25);
lineTo(107.60045924225028,299.2);
moveTo(107.60045924225028,299.2);
lineTo(130.71182548794488,269.45);
moveTo(130.71182548794488,269.45);
lineTo(153.760045924225,249.04999999999998);
moveTo(153.760045924225,249.04999999999998);
lineTo(176.80826636050517,300.9);
moveTo(176.80826636050517,300.9);
lineTo(199.8564867967853,295.8);
moveTo(199.8564867967853,295.8);
lineTo(222.9678530424799,296.65000000000003);
moveTo(222.9678530424799,296.65000000000003);
lineTo(246.01607347876003,258.4);
moveTo(246.01607347876003,258.4);
lineTo(269.0642939150402,190.4);
moveTo(269.0642939150402,190.4);
lineTo(292.1125143513203,216.74999999999997);
moveTo(292.1125143513203,216.74999999999997);
lineTo(315.2238805970149,301.75);
moveTo(315.2238805970149,301.75);
lineTo(338.27210103329503,212.5);
moveTo(338.27210103329503,212.5);
lineTo(361.32032146957516,270.29999999999995);
moveTo(361.32032146957516,270.29999999999995);
lineTo(384.3685419058553,181.04999999999998);
moveTo(384.3685419058553,181.04999999999998);
lineTo(407.4799081515499,329.8);
moveTo(407.4799081515499,329.8);
lineTo(430.52812858783005,232.9);
moveTo(430.52812858783005,232.9);
lineTo(453.5763490241102,217.59999999999997);
moveTo(453.5763490241102,217.59999999999997);
lineTo(476.6245694603903,190.4);
moveTo(476.6245694603903,190.4);
lineTo(499.73593570608494,197.20000000000002);
moveTo(499.73593570608494,197.20000000000002);
lineTo(522.7841561423651,233.75);
moveTo(522.7841561423651,233.75);
lineTo(545.8323765786452,166.6);
moveTo(545.8323765786452,166.6);
lineTo(568.8805970149253,182.75000000000003);
moveTo(568.8805970149253,182.75000000000003);
lineTo(591.99196326062,174.24999999999997);
moveTo(591.99196326062,174.24999999999997);
lineTo(615.0401836969,133.45000000000002);
moveTo(615.0401836969,133.45000000000002);
lineTo(638.0884041331802,163.2);
moveTo(638.0884041331802,163.2);
lineTo(661.1366245694603,25.499999999999986);
moveTo(661.1366245694603,25.499999999999986);
lineTo(684.2479908151549,62.05000000000004);
moveTo(684.2479908151549,62.05000000000004);
lineTo(707.2962112514351,118.14999999999998);

