setFillColor(#000000);
drawRect(0,0,800,400);
fillArea();
setFillColor(#ffffff);
drawRect(0,0,800,400);
fillArea();
setLineColor(#eeeeee);
setLineWidth(0);
drawRect(60,25,715,340);
setLineColor(#000000);
moveTo(0,0);
lineTo(715,0);
moveTo(0,-4);
lineTo(0,0);
moveTo(55.43423817305855,-4);
lineTo(55.43423817305855,0);
moveTo(110.85330135619839,-4);
lineTo(110.85330135619839,0);
moveTo(166.27236453933824,-4);
lineTo(166.27236453933824,0);
moveTo(221.69142772247807,-4);
lineTo(221.69142772247807,0);
moveTo(277.1256658955366,-4);
lineTo(277.1256658955366,0);
moveTo(332.5447290786765,-4);
lineTo(332.5447290786765,0);
moveTo(387.978967251735,-4);
lineTo(387.978967251735,0);
moveTo(443.39803043487484,-4);
lineTo(443.39803043487484,0);
moveTo(498.83226860793343,-4);
lineTo(498.83226860793343,0);
moveTo(554.2513317910732,-4);
lineTo(554.2513317910732,0);
moveTo(609.6855699641318,-4);
lineTo(609.6855699641318,0);
moveTo(665.1046331472717,-4);
lineTo(665.1046331472717,0);
writeText(1880,0,-9.5,0);
writeText(1890,55.43423817305855,-9.5,0);
writeText(1900,110.85330135619839,-9.5,0);
writeText(1910,166.27236453933824,-9.5,0);
writeText(1920,221.69142772247807,-9.5,0);
writeText(1930,277.1256658955366,-9.5,0);
writeText(1940,332.5447290786765,-9.5,0);
writeText(1950,387.978967251735,-9.5,0);
writeText(1960,443.39803043487484,-9.5,0);
writeText(1970,498.83226860793343,-9.5,0);
writeText(1980,554.2513317910732,-9.5,0);
writeText(1990,609.6855699641318,-9.5,0);
writeText(2000,665.1046331472717,-9.5,0);
writeText(-200.0,13,50.898203592814376,0);
writeText(-100.0,13,152.69461077844312,0);
writeText(0.0,2.5,254.49101796407186,0);
setLineColor(#000000);
moveTo(0,0);
lineTo(0,340);
moveTo(-4,50.898203592814376);
lineTo(0,50.898203592814376);
moveTo(-4,152.69461077844312);
lineTo(0,152.69461077844312);
moveTo(-4,254.49101796407186);
lineTo(0,254.49101796407186);
writeText(1880,0,-9.5,0);
writeText(1890,55.43423817305855,-9.5,0);
writeText(1900,110.85330135619839,-9.5,0);
writeText(1910,166.27236453933824,-9.5,0);
writeText(1920,221.69142772247807,-9.5,0);
writeText(1930,277.1256658955366,-9.5,0);
writeText(1940,332.5447290786765,-9.5,0);
writeText(1950,387.978967251735,-9.5,0);
writeText(1960,443.39803043487484,-9.5,0);
writeText(1970,498.83226860793343,-9.5,0);
writeText(1980,554.2513317910732,-9.5,0);
writeText(1990,609.6855699641318,-9.5,0);
writeText(2000,665.1046331472717,-9.5,0);
writeText(-200.0,13,50.898203592814376,0);
writeText(-100.0,13,152.69461077844312,0);
writeText(0.0,2.5,254.49101796407186,0);
setFillColor(#3299cc);
setLineColor(#3299cc);
moveTo(0,94.5688622754491);
lineTo(5.554046310248954,100.26946107784431);
lineTo(5.554046310248954,0);
lineTo(0,0);
fillArea();
moveTo(5.554046310248954,100.26946107784431);
lineTo(11.092917630579196,83.16766467065867);
lineTo(11.092917630579196,0);
lineTo(5.554046310248954,0);
fillArea();
moveTo(11.092917630579196,83.16766467065867);
lineTo(16.63178895090944,88.562874251497);
lineTo(16.63178895090944,0);
lineTo(11.092917630579196,0);
fillArea();
moveTo(16.63178895090944,88.562874251497);
lineTo(22.17066027123968,109.83832335329342);
lineTo(22.17066027123968,0);
lineTo(16.63178895090944,0);
fillArea();
moveTo(22.17066027123968,109.83832335329342);
lineTo(27.724706581488633,108.311377245509);
lineTo(27.724706581488633,0);
lineTo(22.17066027123968,0);
fillArea();
moveTo(27.724706581488633,108.311377245509);
lineTo(33.26357790181888,105.8682634730539);
lineTo(33.26357790181888,0);
lineTo(27.724706581488633,0);
fillArea();
moveTo(33.26357790181888,105.8682634730539);
lineTo(38.802449222149114,100.1676646706587);
lineTo(38.802449222149114,0);
lineTo(33.26357790181888,0);
fillArea();
moveTo(38.802449222149114,100.1676646706587);
lineTo(44.34132054247936,102.3053892215569);
lineTo(44.34132054247936,0);
lineTo(38.802449222149114,0);
fillArea();
moveTo(44.34132054247936,102.3053892215569);
lineTo(49.89536685272831,103.93413173652695);
lineTo(49.89536685272831,0);
lineTo(44.34132054247936,0);
fillArea();
moveTo(49.89536685272831,103.93413173652695);
lineTo(55.43423817305855,105.97005988023952);
lineTo(55.43423817305855,0);
lineTo(49.89536685272831,0);
fillArea();
moveTo(55.43423817305855,105.97005988023952);
lineTo(60.9731094933888,104.23952095808384);
lineTo(60.9731094933888,0);
lineTo(55.43423817305855,0);
fillArea();
moveTo(60.9731094933888,104.23952095808384);
lineTo(66.51198081371903,107.49700598802394);
lineTo(66.51198081371903,0);
lineTo(60.9731094933888,0);
fillArea();
moveTo(66.51198081371903,107.49700598802394);
lineTo(72.06602712396798,112.28143712574852);
lineTo(72.06602712396798,0);
lineTo(66.51198081371903,0);
fillArea();
moveTo(72.06602712396798,112.28143712574852);
lineTo(77.60489844429823,102.40718562874251);
lineTo(77.60489844429823,0);
lineTo(72.06602712396798,0);
fillArea();
moveTo(77.60489844429823,102.40718562874251);
lineTo(83.14376976462847,114.41916167664671);
lineTo(83.14376976462847,0);
lineTo(77.60489844429823,0);
fillArea();
moveTo(83.14376976462847,114.41916167664671);
lineTo(88.68264108495872,106.68263473053894);
lineTo(88.68264108495872,0);
lineTo(83.14376976462847,0);
fillArea();
moveTo(88.68264108495872,106.68263473053894);
lineTo(94.23668739520767,111.97604790419162);
lineTo(94.23668739520767,0);
lineTo(88.68264108495872,0);
fillArea();
moveTo(94.23668739520767,111.97604790419162);
lineTo(99.77555871553791,121.54491017964072);
lineTo(99.77555871553791,0);
lineTo(94.23668739520767,0);
fillArea();
moveTo(99.77555871553791,121.54491017964072);
lineTo(105.31443003586816,129.1796407185629);
lineTo(105.31443003586816,0);
lineTo(99.77555871553791,0);
fillArea();
moveTo(105.31443003586816,129.1796407185629);
lineTo(110.85330135619839,123.68263473053892);
lineTo(110.85330135619839,0);
lineTo(105.31443003586816,0);
fillArea();
moveTo(110.85330135619839,123.68263473053892);
lineTo(116.39217267652863,123.27544910179641);
lineTo(116.39217267652863,0);
lineTo(110.85330135619839,0);
fillArea();
moveTo(116.39217267652863,123.27544910179641);
lineTo(121.93104399685888,127.95808383233533);
lineTo(121.93104399685888,0);
lineTo(116.39217267652863,0);
fillArea();
moveTo(121.93104399685888,127.95808383233533);
lineTo(127.46991531718912,136.10179640718562);
lineTo(127.46991531718912,0);
lineTo(121.93104399685888,0);
fillArea();
moveTo(127.46991531718912,136.10179640718562);
lineTo(133.00878663751936,125.61676646706587);
lineTo(133.00878663751936,0);
lineTo(127.46991531718912,0);
fillArea();
moveTo(133.00878663751936,125.61676646706587);
lineTo(138.5628329477683,120.0179640718563);
lineTo(138.5628329477683,0);
lineTo(133.00878663751936,0);
fillArea();
moveTo(138.5628329477683,120.0179640718563);
lineTo(144.10170426809856,126.94011976047905);
lineTo(144.10170426809856,0);
lineTo(138.5628329477683,0);
fillArea();
moveTo(144.10170426809856,126.94011976047905);
lineTo(149.6405755884288,125.51497005988024);
lineTo(149.6405755884288,0);
lineTo(144.10170426809856,0);
fillArea();
moveTo(149.6405755884288,125.51497005988024);
lineTo(155.17944690875905,122.97005988023953);
lineTo(155.17944690875905,0);
lineTo(149.6405755884288,0);
fillArea();
moveTo(155.17944690875905,122.97005988023953);
lineTo(160.73349321900798,127.55089820359281);
lineTo(160.73349321900798,0);
lineTo(155.17944690875905,0);
fillArea();
moveTo(160.73349321900798,127.55089820359281);
lineTo(166.27236453933824,127.44910179640719);
lineTo(166.27236453933824,0);
lineTo(160.73349321900798,0);
fillArea();
moveTo(166.27236453933824,127.44910179640719);
lineTo(171.81123585966847,135.89820359281438);
lineTo(171.81123585966847,0);
lineTo(166.27236453933824,0);
fillArea();
moveTo(171.81123585966847,135.89820359281438);
lineTo(177.35010717999873,132.7425149700599);
lineTo(177.35010717999873,0);
lineTo(171.81123585966847,0);
fillArea();
moveTo(177.35010717999873,132.7425149700599);
lineTo(182.90415349024767,134.5748502994012);
lineTo(182.90415349024767,0);
lineTo(177.35010717999873,0);
fillArea();
moveTo(182.90415349024767,134.5748502994012);
lineTo(188.44302481057792,140.9880239520958);
lineTo(188.44302481057792,0);
lineTo(182.90415349024767,0);
fillArea();
moveTo(188.44302481057792,140.9880239520958);
lineTo(193.98189613090815,149.02994011976048);
lineTo(193.98189613090815,0);
lineTo(188.44302481057792,0);
fillArea();
moveTo(193.98189613090815,149.02994011976048);
lineTo(199.52076745123838,147.09580838323353);
lineTo(199.52076745123838,0);
lineTo(193.98189613090815,0);
fillArea();
moveTo(199.52076745123838,147.09580838323353);
lineTo(205.07481376148735,142.51497005988026);
lineTo(205.07481376148735,0);
lineTo(199.52076745123838,0);
fillArea();
moveTo(205.07481376148735,142.51497005988026);
lineTo(210.61368508181758,140.88622754491018);
lineTo(210.61368508181758,0);
lineTo(205.07481376148735,0);
fillArea();
moveTo(210.61368508181758,140.88622754491018);
lineTo(216.15255640214784,142.51497005988026);
lineTo(216.15255640214784,0);
lineTo(210.61368508181758,0);
fillArea();
moveTo(216.15255640214784,142.51497005988026);
lineTo(221.69142772247807,143.83832335329342);
lineTo(221.69142772247807,0);
lineTo(216.15255640214784,0);
fillArea();
moveTo(221.69142772247807,143.83832335329342);
lineTo(227.24547403272703,145.97604790419163);
lineTo(227.24547403272703,0);
lineTo(221.69142772247807,0);
fillArea();
moveTo(227.24547403272703,145.97604790419163);
lineTo(232.78434535305726,145.05988023952096);
lineTo(232.78434535305726,0);
lineTo(227.24547403272703,0);
fillArea();
moveTo(232.78434535305726,145.05988023952096);
lineTo(238.32321667338752,146.28143712574848);
lineTo(238.32321667338752,0);
lineTo(232.78434535305726,0);
fillArea();
moveTo(238.32321667338752,146.28143712574848);
lineTo(243.86208799371775,138.85029940119762);
lineTo(243.86208799371775,0);
lineTo(238.32321667338752,0);
fillArea();
moveTo(243.86208799371775,138.85029940119762);
lineTo(249.41613430396671,140.88622754491018);
lineTo(249.41613430396671,0);
lineTo(243.86208799371775,0);
fillArea();
moveTo(249.41613430396671,140.88622754491018);
lineTo(254.95500562429694,147.50299401197606);
lineTo(254.95500562429694,0);
lineTo(249.41613430396671,0);
fillArea();
moveTo(254.95500562429694,147.50299401197606);
lineTo(260.4938769446272,146.38323353293416);
lineTo(260.4938769446272,0);
lineTo(254.95500562429694,0);
fillArea();
moveTo(260.4938769446272,146.38323353293416);
lineTo(266.03274826495743,142.4131736526946);
lineTo(266.03274826495743,0);
lineTo(260.4938769446272,0);
fillArea();
moveTo(266.03274826495743,142.4131736526946);
lineTo(271.5867945752064,143.83832335329342);
lineTo(271.5867945752064,0);
lineTo(266.03274826495743,0);
fillArea();
moveTo(271.5867945752064,143.83832335329342);
lineTo(277.1256658955366,147.91017964071858);
lineTo(277.1256658955366,0);
lineTo(271.5867945752064,0);
fillArea();
moveTo(277.1256658955366,147.91017964071858);
lineTo(282.66453721586686,147.50299401197606);
lineTo(282.66453721586686,0);
lineTo(277.1256658955366,0);
fillArea();
moveTo(282.66453721586686,147.50299401197606);
lineTo(288.2034085361971,153.30538922155688);
lineTo(288.2034085361971,0);
lineTo(282.66453721586686,0);
fillArea();
moveTo(288.2034085361971,153.30538922155688);
lineTo(293.7574548464461,157.68263473053892);
lineTo(293.7574548464461,0);
lineTo(288.2034085361971,0);
fillArea();
moveTo(293.7574548464461,157.68263473053892);
lineTo(299.2963261667763,152.18562874251498);
lineTo(299.2963261667763,0);
lineTo(293.7574548464461,0);
fillArea();
moveTo(299.2963261667763,152.18562874251498);
lineTo(304.83519748710654,157.88622754491018);
lineTo(304.83519748710654,0);
lineTo(299.2963261667763,0);
fillArea();
moveTo(304.83519748710654,157.88622754491018);
lineTo(310.3740688074368,153.91616766467064);
lineTo(310.3740688074368,0);
lineTo(304.83519748710654,0);
fillArea();
moveTo(310.3740688074368,153.91616766467064);
lineTo(315.92811511768576,159.71856287425152);
lineTo(315.92811511768576,0);
lineTo(310.3740688074368,0);
fillArea();
moveTo(315.92811511768576,159.71856287425152);
lineTo(321.46698643801597,162.36526946107784);
lineTo(321.46698643801597,0);
lineTo(315.92811511768576,0);
fillArea();
moveTo(321.46698643801597,162.36526946107784);
lineTo(327.0058577583462,167.65868263473052);
lineTo(327.0058577583462,0);
lineTo(321.46698643801597,0);
fillArea();
moveTo(327.0058577583462,167.65868263473052);
lineTo(332.5447290786765,162.26347305389223);
lineTo(332.5447290786765,0);
lineTo(327.0058577583462,0);
fillArea();
moveTo(332.5447290786765,162.26347305389223);
lineTo(338.09877538892545,174.68263473053892);
lineTo(338.09877538892545,0);
lineTo(332.5447290786765,0);
fillArea();
moveTo(338.09877538892545,174.68263473053892);
lineTo(343.63764670925565,174.68263473053892);
lineTo(343.63764670925565,0);
lineTo(338.09877538892545,0);
fillArea();
moveTo(343.63764670925565,174.68263473053892);
lineTo(349.1765180295859,174.68263473053892);
lineTo(349.1765180295859,0);
lineTo(343.63764670925565,0);
fillArea();
moveTo(349.1765180295859,174.68263473053892);
lineTo(354.71538934991617,168.16766467065867);
lineTo(354.71538934991617,0);
lineTo(349.1765180295859,0);
fillArea();
moveTo(354.71538934991617,168.16766467065867);
lineTo(360.2694356601651,171.01796407185628);
lineTo(360.2694356601651,0);
lineTo(354.71538934991617,0);
fillArea();
moveTo(360.2694356601651,171.01796407185628);
lineTo(365.80830698049533,178.65269461077844);
lineTo(365.80830698049533,0);
lineTo(360.2694356601651,0);
fillArea();
moveTo(365.80830698049533,178.65269461077844);
lineTo(371.3471783008256,181.80838323353294);
lineTo(371.3471783008256,0);
lineTo(365.80830698049533,0);
fillArea();
moveTo(371.3471783008256,181.80838323353294);
lineTo(376.88604962115585,186.69461077844312);
lineTo(376.88604962115585,0);
lineTo(371.3471783008256,0);
fillArea();
moveTo(376.88604962115585,186.69461077844312);
lineTo(382.44009593140476,185.37125748502993);
lineTo(382.44009593140476,0);
lineTo(376.88604962115585,0);
fillArea();
moveTo(382.44009593140476,185.37125748502993);
lineTo(387.978967251735,187.6107784431138);
lineTo(387.978967251735,0);
lineTo(382.44009593140476,0);
fillArea();
moveTo(387.978967251735,187.6107784431138);
lineTo(393.5178385720653,197.2814371257485);
lineTo(393.5178385720653,0);
lineTo(387.978967251735,0);
fillArea();
moveTo(393.5178385720653,197.2814371257485);
lineTo(399.0567098923955,194.63473053892216);
lineTo(399.0567098923955,0);
lineTo(393.5178385720653,0);
fillArea();
moveTo(399.0567098923955,194.63473053892216);
lineTo(404.61075620264444,199.11377245508982);
lineTo(404.61075620264444,0);
lineTo(399.0567098923955,0);
fillArea();
moveTo(404.61075620264444,199.11377245508982);
lineTo(410.1496275229747,196.16167664670658);
lineTo(410.1496275229747,0);
lineTo(404.61075620264444,0);
fillArea();
moveTo(410.1496275229747,196.16167664670658);
lineTo(415.68849884330496,197.07784431137725);
lineTo(415.68849884330496,0);
lineTo(410.1496275229747,0);
fillArea();
moveTo(415.68849884330496,197.07784431137725);
lineTo(421.22737016363516,191.88622754491018);
lineTo(421.22737016363516,0);
lineTo(415.68849884330496,0);
fillArea();
moveTo(421.22737016363516,191.88622754491018);
lineTo(426.7814164738841,205.52694610778445);
lineTo(426.7814164738841,0);
lineTo(421.22737016363516,0);
fillArea();
moveTo(426.7814164738841,205.52694610778445);
lineTo(432.3202877942144,206.95209580838326);
lineTo(432.3202877942144,0);
lineTo(426.7814164738841,0);
fillArea();
moveTo(432.3202877942144,206.95209580838326);
lineTo(437.85915911454464,207.2574850299401);
lineTo(437.85915911454464,0);
lineTo(432.3202877942144,0);
fillArea();
moveTo(437.85915911454464,207.2574850299401);
lineTo(443.39803043487484,211.0239520958084);
lineTo(443.39803043487484,0);
lineTo(437.85915911454464,0);
fillArea();
moveTo(443.39803043487484,211.0239520958084);
lineTo(448.9520767451238,217.33532934131736);
lineTo(448.9520767451238,0);
lineTo(443.39803043487484,0);
fillArea();
moveTo(448.9520767451238,217.33532934131736);
lineTo(454.49094806545406,212.04191616766468);
lineTo(454.49094806545406,0);
lineTo(448.9520767451238,0);
fillArea();
moveTo(454.49094806545406,212.04191616766468);
lineTo(460.0298193857843,210.4131736526946);
lineTo(460.0298193857843,0);
lineTo(454.49094806545406,0);
fillArea();
moveTo(460.0298193857843,210.4131736526946);
lineTo(465.5686907061145,202.37125748502996);
lineTo(465.5686907061145,0);
lineTo(460.0298193857843,0);
fillArea();
moveTo(465.5686907061145,202.37125748502996);
lineTo(471.1227370163635,213.77245508982037);
lineTo(471.1227370163635,0);
lineTo(465.5686907061145,0);
fillArea();
moveTo(471.1227370163635,213.77245508982037);
lineTo(476.66160833669375,208.2754491017964);
lineTo(476.66160833669375,0);
lineTo(471.1227370163635,0);
fillArea();
moveTo(476.66160833669375,208.2754491017964);
lineTo(482.20047965702395,209.7005988023952);
lineTo(482.20047965702395,0);
lineTo(476.66160833669375,0);
fillArea();
moveTo(482.20047965702395,209.7005988023952);
lineTo(487.7393509773542,210.51497005988026);
lineTo(487.7393509773542,0);
lineTo(482.20047965702395,0);
fillArea();
moveTo(487.7393509773542,210.51497005988026);
lineTo(493.29339728760317,217.437125748503);
lineTo(493.29339728760317,0);
lineTo(487.7393509773542,0);
fillArea();
moveTo(493.29339728760317,217.437125748503);
lineTo(498.83226860793343,215.50299401197606);
lineTo(498.83226860793343,0);
lineTo(493.29339728760317,0);
fillArea();
moveTo(498.83226860793343,215.50299401197606);
lineTo(504.37113992826363,220.79640718562877);
lineTo(504.37113992826363,0);
lineTo(498.83226860793343,0);
fillArea();
moveTo(504.37113992826363,220.79640718562877);
lineTo(509.9100112485939,230.05988023952096);
lineTo(509.9100112485939,0);
lineTo(504.37113992826363,0);
fillArea();
moveTo(509.9100112485939,230.05988023952096);
lineTo(515.4640575588428,223.95209580838323);
lineTo(515.4640575588428,0);
lineTo(509.9100112485939,0);
fillArea();
moveTo(515.4640575588428,223.95209580838323);
lineTo(521.002928879173,236.06586826347308);
lineTo(521.002928879173,0);
lineTo(515.4640575588428,0);
fillArea();
moveTo(521.002928879173,236.06586826347308);
lineTo(526.5418001995033,234.437125748503);
lineTo(526.5418001995033,0);
lineTo(521.002928879173,0);
fillArea();
moveTo(526.5418001995033,234.437125748503);
lineTo(532.0806715198336,233.41916167664672);
lineTo(532.0806715198336,0);
lineTo(526.5418001995033,0);
fillArea();
moveTo(532.0806715198336,233.41916167664672);
lineTo(537.6347178300825,231.688622754491);
lineTo(537.6347178300825,0);
lineTo(532.0806715198336,0);
fillArea();
moveTo(537.6347178300825,231.688622754491);
lineTo(543.1735891504128,238.20359281437126);
lineTo(543.1735891504128,0);
lineTo(537.6347178300825,0);
fillArea();
moveTo(543.1735891504128,238.20359281437126);
lineTo(548.712460470743,233.21556886227546);
lineTo(548.712460470743,0);
lineTo(543.1735891504128,0);
fillArea();
moveTo(548.712460470743,233.21556886227546);
lineTo(554.2513317910732,239.32335329341316);
lineTo(554.2513317910732,0);
lineTo(548.712460470743,0);
fillArea();
moveTo(554.2513317910732,239.32335329341316);
lineTo(559.8053781013222,251.94610778443115);
lineTo(559.8053781013222,0);
lineTo(554.2513317910732,0);
fillArea();
moveTo(559.8053781013222,251.94610778443115);
lineTo(565.3442494216524,246.04191616766465);
lineTo(565.3442494216524,0);
lineTo(559.8053781013222,0);
fillArea();
moveTo(565.3442494216524,246.04191616766465);
lineTo(570.8831207419827,254.59281437125748);
lineTo(570.8831207419827,0);
lineTo(565.3442494216524,0);
fillArea();
moveTo(570.8831207419827,254.59281437125748);
lineTo(576.4219920623129,253.6766467065868);
lineTo(576.4219920623129,0);
lineTo(570.8831207419827,0);
fillArea();
moveTo(576.4219920623129,253.6766467065868);
lineTo(581.9760383725619,243.1916167664671);
lineTo(581.9760383725619,0);
lineTo(576.4219920623129,0);
fillArea();
moveTo(581.9760383725619,243.1916167664671);
lineTo(587.5149096928922,243.80239520958085);
lineTo(587.5149096928922,0);
lineTo(581.9760383725619,0);
fillArea();
moveTo(587.5149096928922,243.80239520958085);
lineTo(593.0537810132224,244.4131736526946);
lineTo(593.0537810132224,0);
lineTo(587.5149096928922,0);
fillArea();
moveTo(593.0537810132224,244.4131736526946);
lineTo(598.5926523335526,249.19760479041918);
lineTo(598.5926523335526,0);
lineTo(593.0537810132224,0);
fillArea();
moveTo(598.5926523335526,249.19760479041918);
lineTo(604.1466986438015,253.77844311377248);
lineTo(604.1466986438015,0);
lineTo(598.5926523335526,0);
fillArea();
moveTo(604.1466986438015,253.77844311377248);
lineTo(609.6855699641318,255.20359281437126);
lineTo(609.6855699641318,0);
lineTo(604.1466986438015,0);
fillArea();
moveTo(609.6855699641318,255.20359281437126);
lineTo(615.224441284462,258.3592814371258);
lineTo(615.224441284462,0);
lineTo(609.6855699641318,0);
fillArea();
moveTo(615.224441284462,258.3592814371258);
lineTo(620.7633126047923,261.2095808383234);
lineTo(620.7633126047923,0);
lineTo(615.224441284462,0);
fillArea();
moveTo(620.7633126047923,261.2095808383234);
lineTo(626.3173589150413,256.62874251497004);
lineTo(626.3173589150413,0);
lineTo(620.7633126047923,0);
fillArea();
moveTo(626.3173589150413,256.62874251497004);
lineTo(631.8562302353715,260.0898203592814);
lineTo(631.8562302353715,0);
lineTo(626.3173589150413,0);
fillArea();
moveTo(631.8562302353715,260.0898203592814);
lineTo(637.3951015557017,265.3832335329341);
lineTo(637.3951015557017,0);
lineTo(631.8562302353715,0);
fillArea();
moveTo(637.3951015557017,265.3832335329341);
lineTo(642.9339728760319,269.1497005988024);
lineTo(642.9339728760319,0);
lineTo(637.3951015557017,0);
fillArea();
moveTo(642.9339728760319,269.1497005988024);
lineTo(648.4880191862809,277.497005988024);
lineTo(648.4880191862809,0);
lineTo(642.9339728760319,0);
fillArea();
moveTo(648.4880191862809,277.497005988024);
lineTo(654.0268905066112,269.7604790419162);
lineTo(654.0268905066112,0);
lineTo(648.4880191862809,0);
fillArea();
moveTo(654.0268905066112,269.7604790419162);
lineTo(659.5657618269414,276.5808383233533);
lineTo(659.5657618269414,0);
lineTo(654.0268905066112,0);
fillArea();
moveTo(659.5657618269414,276.5808383233533);
lineTo(665.1046331472717,277.497005988024);
lineTo(665.1046331472717,0);
lineTo(659.5657618269414,0);
fillArea();
moveTo(665.1046331472717,277.497005988024);
lineTo(670.6586794575206,282.0778443113773);
lineTo(670.6586794575206,0);
lineTo(665.1046331472717,0);
fillArea();
moveTo(670.6586794575206,282.0778443113773);
lineTo(676.1975507778509,281.05988023952096);
lineTo(676.1975507778509,0);
lineTo(670.6586794575206,0);
fillArea();
moveTo(676.1975507778509,281.05988023952096);
lineTo(681.736422098181,290.2215568862276);
lineTo(681.736422098181,0);
lineTo(676.1975507778509,0);
fillArea();
moveTo(681.736422098181,290.2215568862276);
lineTo(687.2752934185113,289.61077844311376);
lineTo(687.2752934185113,0);
lineTo(681.736422098181,0);
fillArea();
moveTo(687.2752934185113,289.61077844311376);
lineTo(692.8293397287603,289.2035928143713);
lineTo(692.8293397287603,0);
lineTo(687.2752934185113,0);
fillArea();
moveTo(692.8293397287603,289.2035928143713);
lineTo(698.3682110490905,290.73053892215574);
lineTo(698.3682110490905,0);
lineTo(692.8293397287603,0);
fillArea();
moveTo(698.3682110490905,290.73053892215574);
lineTo(703.9070823694208,294.2934131736527);
lineTo(703.9070823694208,0);
lineTo(698.3682110490905,0);
fillArea();
moveTo(703.9070823694208,294.2934131736527);
lineTo(709.445953689751,304.37125748502996);
lineTo(709.445953689751,0);
lineTo(703.9070823694208,0);
fillArea();
moveTo(709.445953689751,304.37125748502996);
lineTo(715,310.98802395209583);
lineTo(715,0);
lineTo(709.445953689751,0);
fillArea();
setLineColor(#000000);
moveTo(0,94.5688622754491);
lineTo(5.554046310248954,100.26946107784431);
moveTo(5.554046310248954,100.26946107784431);
lineTo(11.092917630579196,83.16766467065867);
moveTo(11.092917630579196,83.16766467065867);
lineTo(16.63178895090944,88.562874251497);
moveTo(16.63178895090944,88.562874251497);
lineTo(22.17066027123968,109.83832335329342);
moveTo(22.17066027123968,109.83832335329342);
lineTo(27.724706581488633,108.311377245509);
moveTo(27.724706581488633,108.311377245509);
lineTo(33.26357790181888,105.8682634730539);
moveTo(33.26357790181888,105.8682634730539);
lineTo(38.802449222149114,100.1676646706587);
moveTo(38.802449222149114,100.1676646706587);
lineTo(44.34132054247936,102.3053892215569);
moveTo(44.34132054247936,102.3053892215569);
lineTo(49.89536685272831,103.93413173652695);
moveTo(49.89536685272831,103.93413173652695);
lineTo(55.43423817305855,105.97005988023952);
moveTo(55.43423817305855,105.97005988023952);
lineTo(60.9731094933888,104.23952095808384);
moveTo(60.9731094933888,104.23952095808384);
lineTo(66.51198081371903,107.49700598802394);
moveTo(66.51198081371903,107.49700598802394);
lineTo(72.06602712396798,112.28143712574852);
moveTo(72.06602712396798,112.28143712574852);
lineTo(77.60489844429823,102.40718562874251);
moveTo(77.60489844429823,102.40718562874251);
lineTo(83.14376976462847,114.41916167664671);
moveTo(83.14376976462847,114.41916167664671);
lineTo(88.68264108495872,106.68263473053894);
moveTo(88.68264108495872,106.68263473053894);
lineTo(94.23668739520767,111.97604790419162);
moveTo(94.23668739520767,111.97604790419162);
lineTo(99.77555871553791,121.54491017964072);
moveTo(99.77555871553791,121.54491017964072);
lineTo(105.31443003586816,129.1796407185629);
moveTo(105.31443003586816,129.1796407185629);
lineTo(110.85330135619839,123.68263473053892);
moveTo(110.85330135619839,123.68263473053892);
lineTo(116.39217267652863,123.27544910179641);
moveTo(116.39217267652863,123.27544910179641);
lineTo(121.93104399685888,127.95808383233533);
moveTo(121.93104399685888,127.95808383233533);
lineTo(127.46991531718912,136.10179640718562);
moveTo(127.46991531718912,136.10179640718562);
lineTo(133.00878663751936,125.61676646706587);
moveTo(133.00878663751936,125.61676646706587);
lineTo(138.5628329477683,120.0179640718563);
moveTo(138.5628329477683,120.0179640718563);
lineTo(144.10170426809856,126.94011976047905);
moveTo(144.10170426809856,126.94011976047905);
lineTo(149.6405755884288,125.51497005988024);
moveTo(149.6405755884288,125.51497005988024);
lineTo(155.17944690875905,122.97005988023953);
moveTo(155.17944690875905,122.97005988023953);
lineTo(160.73349321900798,127.55089820359281);
moveTo(160.73349321900798,127.55089820359281);
lineTo(166.27236453933824,127.44910179640719);
moveTo(166.27236453933824,127.44910179640719);
lineTo(171.81123585966847,135.89820359281438);
moveTo(171.81123585966847,135.89820359281438);
lineTo(177.35010717999873,132.7425149700599);
moveTo(177.35010717999873,132.7425149700599);
lineTo(182.90415349024767,134.5748502994012);
moveTo(182.90415349024767,134.5748502994012);
lineTo(188.44302481057792,140.9880239520958);
moveTo(188.44302481057792,140.9880239520958);
lineTo(193.98189613090815,149.02994011976048);
moveTo(193.98189613090815,149.02994011976048);
lineTo(199.52076745123838,147.09580838323353);
moveTo(199.52076745123838,147.09580838323353);
lineTo(205.07481376148735,142.51497005988026);
moveTo(205.07481376148735,142.51497005988026);
lineTo(210.61368508181758,140.88622754491018);
moveTo(210.61368508181758,140.88622754491018);
lineTo(216.15255640214784,142.51497005988026);
moveTo(216.15255640214784,142.51497005988026);
lineTo(221.69142772247807,143.83832335329342);
moveTo(221.69142772247807,143.83832335329342);
lineTo(227.24547403272703,145.97604790419163);
moveTo(227.24547403272703,145.97604790419163);
lineTo(232.78434535305726,145.05988023952096);
moveTo(232.78434535305726,145.05988023952096);
lineTo(238.32321667338752,146.28143712574848);
moveTo(238.32321667338752,146.28143712574848);
lineTo(243.86208799371775,138.85029940119762);
moveTo(243.86208799371775,138.85029940119762);
lineTo(249.41613430396671,140.88622754491018);
moveTo(249.41613430396671,140.88622754491018);
lineTo(254.95500562429694,147.50299401197606);
moveTo(254.95500562429694,147.50299401197606);
lineTo(260.4938769446272,146.38323353293416);
moveTo(260.4938769446272,146.38323353293416);
lineTo(266.03274826495743,142.4131736526946);
moveTo(266.03274826495743,142.4131736526946);
lineTo(271.5867945752064,143.83832335329342);
moveTo(271.5867945752064,143.83832335329342);
lineTo(277.1256658955366,147.91017964071858);
moveTo(277.1256658955366,147.91017964071858);
lineTo(282.66453721586686,147.50299401197606);
moveTo(282.66453721586686,147.50299401197606);
lineTo(288.2034085361971,153.30538922155688);
moveTo(288.2034085361971,153.30538922155688);
lineTo(293.7574548464461,157.68263473053892);
moveTo(293.7574548464461,157.68263473053892);
lineTo(299.2963261667763,152.18562874251498);
moveTo(299.2963261667763,152.18562874251498);
lineTo(304.83519748710654,157.88622754491018);
moveTo(304.83519748710654,157.88622754491018);
lineTo(310.3740688074368,153.91616766467064);
moveTo(310.3740688074368,153.91616766467064);
lineTo(315.92811511768576,159.71856287425152);
moveTo(315.92811511768576,159.71856287425152);
lineTo(321.46698643801597,162.36526946107784);
moveTo(321.46698643801597,162.36526946107784);
lineTo(327.0058577583462,167.65868263473052);
moveTo(327.0058577583462,167.65868263473052);
lineTo(332.5447290786765,162.26347305389223);
moveTo(332.5447290786765,162.26347305389223);
lineTo(338.09877538892545,174.68263473053892);
moveTo(338.09877538892545,174.68263473053892);
lineTo(343.63764670925565,174.68263473053892);
moveTo(343.63764670925565,174.68263473053892);
lineTo(349.1765180295859,174.68263473053892);
moveTo(349.1765180295859,174.68263473053892);
lineTo(354.71538934991617,168.16766467065867);
moveTo(354.71538934991617,168.16766467065867);
lineTo(360.2694356601651,171.01796407185628);
moveTo(360.2694356601651,171.01796407185628);
lineTo(365.80830698049533,178.65269461077844);
moveTo(365.80830698049533,178.65269461077844);
lineTo(371.3471783008256,181.80838323353294);
moveTo(371.3471783008256,181.80838323353294);
lineTo(376.88604962115585,186.69461077844312);
moveTo(376.88604962115585,186.69461077844312);
lineTo(382.44009593140476,185.37125748502993);
moveTo(382.44009593140476,185.37125748502993);
lineTo(387.978967251735,187.6107784431138);
moveTo(387.978967251735,187.6107784431138);
lineTo(393.5178385720653,197.2814371257485);
moveTo(393.5178385720653,197.2814371257485);
lineTo(399.0567098923955,194.63473053892216);
moveTo(399.0567098923955,194.63473053892216);
lineTo(404.61075620264444,199.11377245508982);
moveTo(404.61075620264444,199.11377245508982);
lineTo(410.1496275229747,196.16167664670658);
moveTo(410.1496275229747,196.16167664670658);
lineTo(415.68849884330496,197.07784431137725);
moveTo(415.68849884330496,197.07784431137725);
lineTo(421.22737016363516,191.88622754491018);
moveTo(421.22737016363516,191.88622754491018);
lineTo(426.7814164738841,205.52694610778445);
moveTo(426.7814164738841,205.52694610778445);
lineTo(432.3202877942144,206.95209580838326);
moveTo(432.3202877942144,206.95209580838326);
lineTo(437.85915911454464,207.2574850299401);
moveTo(437.85915911454464,207.2574850299401);
lineTo(443.39803043487484,211.0239520958084);
moveTo(443.39803043487484,211.0239520958084);
lineTo(448.9520767451238,217.33532934131736);
moveTo(448.9520767451238,217.33532934131736);
lineTo(454.49094806545406,212.04191616766468);
moveTo(454.49094806545406,212.04191616766468);
lineTo(460.0298193857843,210.4131736526946);
moveTo(460.0298193857843,210.4131736526946);
lineTo(465.5686907061145,202.37125748502996);
moveTo(465.5686907061145,202.37125748502996);
lineTo(471.1227370163635,213.77245508982037);
moveTo(471.1227370163635,213.77245508982037);
lineTo(476.66160833669375,208.2754491017964);
moveTo(476.66160833669375,208.2754491017964);
lineTo(482.20047965702395,209.7005988023952);
moveTo(482.20047965702395,209.7005988023952);
lineTo(487.7393509773542,210.51497005988026);
moveTo(487.7393509773542,210.51497005988026);
lineTo(493.29339728760317,217.437125748503);
moveTo(493.29339728760317,217.437125748503);
lineTo(498.83226860793343,215.50299401197606);
moveTo(498.83226860793343,215.50299401197606);
lineTo(504.37113992826363,220.79640718562877);
moveTo(504.37113992826363,220.79640718562877);
lineTo(509.9100112485939,230.05988023952096);
moveTo(509.9100112485939,230.05988023952096);
lineTo(515.4640575588428,223.95209580838323);
moveTo(515.4640575588428,223.95209580838323);
lineTo(521.002928879173,236.06586826347308);
moveTo(521.002928879173,236.06586826347308);
lineTo(526.5418001995033,234.437125748503);
moveTo(526.5418001995033,234.437125748503);
lineTo(532.0806715198336,233.41916167664672);
moveTo(532.0806715198336,233.41916167664672);
lineTo(537.6347178300825,231.688622754491);
moveTo(537.6347178300825,231.688622754491);
lineTo(543.1735891504128,238.20359281437126);
moveTo(543.1735891504128,238.20359281437126);
lineTo(548.712460470743,233.21556886227546);
moveTo(548.712460470743,233.21556886227546);
lineTo(554.2513317910732,239.32335329341316);
moveTo(554.2513317910732,239.32335329341316);
lineTo(559.8053781013222,251.94610778443115);
moveTo(559.8053781013222,251.94610778443115);
lineTo(565.3442494216524,246.04191616766465);
moveTo(565.3442494216524,246.04191616766465);
lineTo(570.8831207419827,254.59281437125748);
moveTo(570.8831207419827,254.59281437125748);
lineTo(576.4219920623129,253.6766467065868);
moveTo(576.4219920623129,253.6766467065868);
lineTo(581.9760383725619,243.1916167664671);
moveTo(581.9760383725619,243.1916167664671);
lineTo(587.5149096928922,243.80239520958085);
moveTo(587.5149096928922,243.80239520958085);
lineTo(593.0537810132224,244.4131736526946);
moveTo(593.0537810132224,244.4131736526946);
lineTo(598.5926523335526,249.19760479041918);
moveTo(598.5926523335526,249.19760479041918);
lineTo(604.1466986438015,253.77844311377248);
moveTo(604.1466986438015,253.77844311377248);
lineTo(609.6855699641318,255.20359281437126);
moveTo(609.6855699641318,255.20359281437126);
lineTo(615.224441284462,258.3592814371258);
moveTo(615.224441284462,258.3592814371258);
lineTo(620.7633126047923,261.2095808383234);
moveTo(620.7633126047923,261.2095808383234);
lineTo(626.3173589150413,256.62874251497004);
moveTo(626.3173589150413,256.62874251497004);
lineTo(631.8562302353715,260.0898203592814);
moveTo(631.8562302353715,260.0898203592814);
lineTo(637.3951015557017,265.3832335329341);
moveTo(637.3951015557017,265.3832335329341);
lineTo(642.9339728760319,269.1497005988024);
moveTo(642.9339728760319,269.1497005988024);
lineTo(648.4880191862809,277.497005988024);
moveTo(648.4880191862809,277.497005988024);
lineTo(654.0268905066112,269.7604790419162);
moveTo(654.0268905066112,269.7604790419162);
lineTo(659.5657618269414,276.5808383233533);
moveTo(659.5657618269414,276.5808383233533);
lineTo(665.1046331472717,277.497005988024);
moveTo(665.1046331472717,277.497005988024);
lineTo(670.6586794575206,282.0778443113773);
moveTo(670.6586794575206,282.0778443113773);
lineTo(676.1975507778509,281.05988023952096);
moveTo(676.1975507778509,281.05988023952096);
lineTo(681.736422098181,290.2215568862276);
moveTo(681.736422098181,290.2215568862276);
lineTo(687.2752934185113,289.61077844311376);
moveTo(687.2752934185113,289.61077844311376);
lineTo(692.8293397287603,289.2035928143713);
moveTo(692.8293397287603,289.2035928143713);
lineTo(698.3682110490905,290.73053892215574);
moveTo(698.3682110490905,290.73053892215574);
lineTo(703.9070823694208,294.2934131736527);
moveTo(703.9070823694208,294.2934131736527);
lineTo(709.445953689751,304.37125748502996);
moveTo(709.445953689751,304.37125748502996);
lineTo(715,310.98802395209583);

