setFillColor(#000000);
drawRect(0,0,800,400);
fillArea();
setFillColor(#ffffff);
drawRect(0,0,800,400);
fillArea();
setLineColor(#eeeeee);
setLineWidth(0);
drawRect(60,25,715,340);
setLineColor(#000000);
moveTo(0,0);
lineTo(715,0);
moveTo(0,-4);
lineTo(0,0);
moveTo(49.34060228452752,-4);
lineTo(49.34060228452752,0);
moveTo(98.61370716510903,-4);
lineTo(98.61370716510903,0);
moveTo(147.95430944963655,-4);
lineTo(147.95430944963655,0);
moveTo(197.22741433021807,-4);
lineTo(197.22741433021807,0);
moveTo(246.5680166147456,-4);
lineTo(246.5680166147456,0);
moveTo(295.8411214953271,-4);
lineTo(295.8411214953271,0);
moveTo(345.1817237798546,-4);
lineTo(345.1817237798546,0);
moveTo(394.45482866043614,-4);
lineTo(394.45482866043614,0);
moveTo(443.7954309449637,-4);
lineTo(443.7954309449637,0);
moveTo(493.0685358255452,-4);
lineTo(493.0685358255452,0);
moveTo(542.4091381100727,-4);
lineTo(542.4091381100727,0);
moveTo(591.6822429906542,-4);
lineTo(591.6822429906542,0);
moveTo(641.0228452751818,-4);
lineTo(641.0228452751818,0);
moveTo(690.2959501557633,-4);
lineTo(690.2959501557633,0);
writeText(1980,0,-9.5,0);
writeText(1982,49.34060228452752,-9.5,0);
writeText(1984,98.61370716510903,-9.5,0);
writeText(1986,147.95430944963655,-9.5,0);
writeText(1988,197.22741433021807,-9.5,0);
writeText(1990,246.5680166147456,-9.5,0);
writeText(1992,295.8411214953271,-9.5,0);
writeText(1994,345.1817237798546,-9.5,0);
writeText(1996,394.45482866043614,-9.5,0);
writeText(1998,443.7954309449637,-9.5,0);
writeText(2000,493.0685358255452,-9.5,0);
writeText(2002,542.4091381100727,-9.5,0);
writeText(2004,591.6822429906542,-9.5,0);
writeText(2006,641.0228452751818,-9.5,0);
writeText(2008,690.2959501557633,-9.5,0);
writeText(0.60,6,0,0);
writeText(0.80,6,68.00000000000003,0);
writeText(1.00,6,136,0);
writeText(1.20,6,204,0);
writeText(1.40,6,272,0);
writeText(1.60,6,339.99999999999994,0);
setLineColor(#000000);
moveTo(0,0);
lineTo(0,340);
moveTo(-4,0);
lineTo(0,0);
moveTo(-4,68.00000000000003);
lineTo(0,68.00000000000003);
moveTo(-4,136);
lineTo(0,136);
moveTo(-4,204);
lineTo(0,204);
moveTo(-4,272);
lineTo(0,272);
moveTo(-4,339.99999999999994);
lineTo(0,339.99999999999994);
writeText(1980,0,-9.5,0);
writeText(1982,49.34060228452752,-9.5,0);
writeText(1984,98.61370716510903,-9.5,0);
writeText(1986,147.95430944963655,-9.5,0);
writeText(1988,197.22741433021807,-9.5,0);
writeText(1990,246.5680166147456,-9.5,0);
writeText(1992,295.8411214953271,-9.5,0);
writeText(1994,345.1817237798546,-9.5,0);
writeText(1996,394.45482866043614,-9.5,0);
writeText(1998,443.7954309449637,-9.5,0);
writeText(2000,493.0685358255452,-9.5,0);
writeText(2002,542.4091381100727,-9.5,0);
writeText(2004,591.6822429906542,-9.5,0);
writeText(2006,641.0228452751818,-9.5,0);
writeText(2008,690.2959501557633,-9.5,0);
writeText(0.60,6,0,0);
writeText(0.80,6,68.00000000000003,0);
writeText(1.00,6,136,0);
writeText(1.20,6,204,0);
writeText(1.40,6,272,0);
writeText(1.60,6,339.99999999999994,0);
setFillColor(#7e2b18);
setLineColor(#7e2b18);
moveTo(-24.63655244029076,64.60000000000002);
lineTo(0,71.40000000000002);
lineTo(0,0);
lineTo(-24.63655244029076,0);
fillArea();
moveTo(0,71.40000000000002);
lineTo(24.70404984423676,78.19999999999999);
lineTo(24.70404984423676,0);
lineTo(0,0);
fillArea();
moveTo(24.70404984423676,78.19999999999999);
lineTo(49.34060228452752,81.6);
lineTo(49.34060228452752,0);
lineTo(24.70404984423676,0);
fillArea();
moveTo(49.34060228452752,81.6);
lineTo(73.97715472481828,88.4);
lineTo(73.97715472481828,0);
lineTo(49.34060228452752,0);
fillArea();
moveTo(73.97715472481828,88.4);
lineTo(98.61370716510903,95.2);
lineTo(98.61370716510903,0);
lineTo(73.97715472481828,0);
fillArea();
moveTo(98.61370716510903,95.2);
lineTo(123.3177570093458,102.00000000000001);
lineTo(123.3177570093458,0);
lineTo(98.61370716510903,0);
fillArea();
moveTo(123.3177570093458,102.00000000000001);
lineTo(147.95430944963655,108.80000000000003);
lineTo(147.95430944963655,0);
lineTo(123.3177570093458,0);
fillArea();
moveTo(147.95430944963655,108.80000000000003);
lineTo(172.5908618899273,115.6);
lineTo(172.5908618899273,0);
lineTo(147.95430944963655,0);
fillArea();
moveTo(172.5908618899273,115.6);
lineTo(197.22741433021807,122.39999999999999);
lineTo(197.22741433021807,0);
lineTo(172.5908618899273,0);
fillArea();
moveTo(197.22741433021807,122.39999999999999);
lineTo(221.93146417445485,129.2);
lineTo(221.93146417445485,0);
lineTo(197.22741433021807,0);
fillArea();
moveTo(221.93146417445485,129.2);
lineTo(246.5680166147456,136);
lineTo(246.5680166147456,0);
lineTo(221.93146417445485,0);
fillArea();
moveTo(246.5680166147456,136);
lineTo(271.20456905503636,142.8);
lineTo(271.20456905503636,0);
lineTo(246.5680166147456,0);
fillArea();
moveTo(271.20456905503636,142.8);
lineTo(295.8411214953271,146.20000000000002);
lineTo(295.8411214953271,0);
lineTo(271.20456905503636,0);
fillArea();
moveTo(295.8411214953271,146.20000000000002);
lineTo(320.54517133956386,146.20000000000002);
lineTo(320.54517133956386,0);
lineTo(295.8411214953271,0);
fillArea();
moveTo(320.54517133956386,146.20000000000002);
lineTo(345.1817237798546,153.00000000000003);
lineTo(345.1817237798546,0);
lineTo(320.54517133956386,0);
fillArea();
moveTo(345.1817237798546,153.00000000000003);
lineTo(369.8182762201454,156.40000000000003);
lineTo(369.8182762201454,0);
lineTo(345.1817237798546,0);
fillArea();
moveTo(369.8182762201454,156.40000000000003);
lineTo(394.45482866043614,163.20000000000005);
lineTo(394.45482866043614,0);
lineTo(369.8182762201454,0);
fillArea();
moveTo(394.45482866043614,163.20000000000005);
lineTo(419.15887850467294,166.60000000000002);
lineTo(419.15887850467294,0);
lineTo(394.45482866043614,0);
fillArea();
moveTo(419.15887850467294,166.60000000000002);
lineTo(443.7954309449637,173.40000000000003);
lineTo(443.7954309449637,0);
lineTo(419.15887850467294,0);
fillArea();
moveTo(443.7954309449637,173.40000000000003);
lineTo(468.43198338525445,180.19999999999996);
lineTo(468.43198338525445,0);
lineTo(443.7954309449637,0);
fillArea();
moveTo(468.43198338525445,180.19999999999996);
lineTo(493.0685358255452,183.59999999999997);
lineTo(493.0685358255452,0);
lineTo(468.43198338525445,0);
fillArea();
moveTo(493.0685358255452,183.59999999999997);
lineTo(517.772585669782,186.99999999999997);
lineTo(517.772585669782,0);
lineTo(493.0685358255452,0);
fillArea();
moveTo(517.772585669782,186.99999999999997);
lineTo(542.4091381100727,193.79999999999998);
lineTo(542.4091381100727,0);
lineTo(517.772585669782,0);
fillArea();
moveTo(542.4091381100727,193.79999999999998);
lineTo(567.0456905503635,200.6);
lineTo(567.0456905503635,0);
lineTo(542.4091381100727,0);
fillArea();
moveTo(567.0456905503635,200.6);
lineTo(591.6822429906542,204);
lineTo(591.6822429906542,0);
lineTo(567.0456905503635,0);
fillArea();
moveTo(591.6822429906542,204);
lineTo(616.386292834891,207.4);
lineTo(616.386292834891,0);
lineTo(591.6822429906542,0);
fillArea();
moveTo(616.386292834891,207.4);
lineTo(641.0228452751818,214.2);
lineTo(641.0228452751818,0);
lineTo(616.386292834891,0);
fillArea();
moveTo(641.0228452751818,214.2);
lineTo(665.6593977154726,217.6);
lineTo(665.6593977154726,0);
lineTo(641.0228452751818,0);
fillArea();
moveTo(665.6593977154726,217.6);
lineTo(690.2959501557633,224.4);
lineTo(690.2959501557633,0);
lineTo(665.6593977154726,0);
fillArea();
moveTo(690.2959501557633,224.4);
lineTo(715,227.8);
lineTo(715,0);
lineTo(690.2959501557633,0);
fillArea();
moveTo(715,227.8);
lineTo(739.6365524402908,234.60000000000002);
lineTo(739.6365524402908,0);
lineTo(715,0);
fillArea();
setLineColor(#41160c);
moveTo(-24.63655244029076,64.60000000000002);
lineTo(0,71.40000000000002);
moveTo(0,71.40000000000002);
lineTo(24.70404984423676,78.19999999999999);
moveTo(24.70404984423676,78.19999999999999);
lineTo(49.34060228452752,81.6);
moveTo(49.34060228452752,81.6);
lineTo(73.97715472481828,88.4);
moveTo(73.97715472481828,88.4);
lineTo(98.61370716510903,95.2);
moveTo(98.61370716510903,95.2);
lineTo(123.3177570093458,102.00000000000001);
moveTo(123.3177570093458,102.00000000000001);
lineTo(147.95430944963655,108.80000000000003);
moveTo(147.95430944963655,108.80000000000003);
lineTo(172.5908618899273,115.6);
moveTo(172.5908618899273,115.6);
lineTo(197.22741433021807,122.39999999999999);
moveTo(197.22741433021807,122.39999999999999);
lineTo(221.93146417445485,129.2);
moveTo(221.93146417445485,129.2);
lineTo(246.5680166147456,136);
moveTo(246.5680166147456,136);
lineTo(271.20456905503636,142.8);
moveTo(271.20456905503636,142.8);
lineTo(295.8411214953271,146.20000000000002);
moveTo(295.8411214953271,146.20000000000002);
lineTo(320.54517133956386,146.20000000000002);
moveTo(320.54517133956386,146.20000000000002);
lineTo(345.1817237798546,153.00000000000003);
moveTo(345.1817237798546,153.00000000000003);
lineTo(369.8182762201454,156.40000000000003);
moveTo(369.8182762201454,156.40000000000003);
lineTo(394.45482866043614,163.20000000000005);
moveTo(394.45482866043614,163.20000000000005);
lineTo(419.15887850467294,166.60000000000002);
moveTo(419.15887850467294,166.60000000000002);
lineTo(443.7954309449637,173.40000000000003);
moveTo(443.7954309449637,173.40000000000003);
lineTo(468.43198338525445,180.19999999999996);
moveTo(468.43198338525445,180.19999999999996);
lineTo(493.0685358255452,183.59999999999997);
moveTo(493.0685358255452,183.59999999999997);
lineTo(517.772585669782,186.99999999999997);
moveTo(517.772585669782,186.99999999999997);
lineTo(542.4091381100727,193.79999999999998);
moveTo(542.4091381100727,193.79999999999998);
lineTo(567.0456905503635,200.6);
moveTo(567.0456905503635,200.6);
lineTo(591.6822429906542,204);
moveTo(591.6822429906542,204);
lineTo(616.386292834891,207.4);
moveTo(616.386292834891,207.4);
lineTo(641.0228452751818,214.2);
moveTo(641.0228452751818,214.2);
lineTo(665.6593977154726,217.6);
moveTo(665.6593977154726,217.6);
lineTo(690.2959501557633,224.4);
moveTo(690.2959501557633,224.4);
lineTo(715,227.8);
moveTo(715,227.8);
lineTo(739.6365524402908,234.60000000000002);

