setFillColor(#000000);
drawRect(0,0,800,400);
fillArea();
setFillColor(#ffffff);
drawRect(0,0,800,400);
fillArea();
setLineColor(#eeeeee);
setLineWidth(0);
drawRect(60,25,715,340);
setLineColor(#000000);
moveTo(0,0);
lineTo(715,0);
moveTo(0,-4);
lineTo(0,0);
moveTo(71.52740513606746,-4);
lineTo(71.52740513606746,0);
moveTo(143.01566007775284,-4);
lineTo(143.01566007775284,0);
moveTo(214.5039150194382,-4);
lineTo(214.5039150194382,0);
moveTo(285.9921699611236,-4);
lineTo(285.9921699611236,0);
moveTo(357.519575097191,-4);
lineTo(357.519575097191,0);
moveTo(429.0078300388764,-4);
lineTo(429.0078300388764,0);
moveTo(500.49608498056176,-4);
lineTo(500.49608498056176,0);
moveTo(571.9843399222472,-4);
lineTo(571.9843399222472,0);
moveTo(643.5117450583147,-4);
lineTo(643.5117450583147,0);
moveTo(715,-4);
lineTo(715,0);
writeText(1960,0,-9.5,0);
writeText(1965,71.52740513606746,-9.5,0);
writeText(1970,143.01566007775284,-9.5,0);
writeText(1975,214.5039150194382,-9.5,0);
writeText(1980,285.9921699611236,-9.5,0);
writeText(1985,357.519575097191,-9.5,0);
writeText(1990,429.0078300388764,-9.5,0);
writeText(1995,500.49608498056176,-9.5,0);
writeText(2000,571.9843399222472,-9.5,0);
writeText(2005,643.5117450583147,-9.5,0);
writeText(2010,715,-9.5,0);
writeText(1340.00,16.5,0,0);
writeText(1350.00,16.5,85,0);
writeText(1360.00,16.5,170,0);
writeText(1370.00,16.5,255,0);
writeText(1380.00,16.5,340,0);
setLineColor(#000000);
moveTo(0,0);
lineTo(0,340);
moveTo(-4,0);
lineTo(0,0);
moveTo(-4,85);
lineTo(0,85);
moveTo(-4,170);
lineTo(0,170);
moveTo(-4,255);
lineTo(0,255);
moveTo(-4,340);
lineTo(0,340);
writeText(1960,0,-9.5,0);
writeText(1965,71.52740513606746,-9.5,0);
writeText(1970,143.01566007775284,-9.5,0);
writeText(1975,214.5039150194382,-9.5,0);
writeText(1980,285.9921699611236,-9.5,0);
writeText(1985,357.519575097191,-9.5,0);
writeText(1990,429.0078300388764,-9.5,0);
writeText(1995,500.49608498056176,-9.5,0);
writeText(2000,571.9843399222472,-9.5,0);
writeText(2005,643.5117450583147,-9.5,0);
writeText(2010,715,-9.5,0);
writeText(1340.00,16.5,0,0);
writeText(1350.00,16.5,85,0);
writeText(1360.00,16.5,170,0);
writeText(1370.00,16.5,255,0);
writeText(1380.00,16.5,340,0);
setFillColor(#ed7619);
setLineColor(#ed7619);
moveTo(-14.289820949460658,182.82395000000076);
lineTo(0,181.9220999999991);
lineTo(0,0);
lineTo(-14.289820949460658,0);
fillArea();
moveTo(0,181.9220999999991);
lineTo(14.328971143842741,178.88930000000084);
lineTo(14.328971143842741,0);
lineTo(0,0);
fillArea();
moveTo(14.328971143842741,178.88930000000084);
lineTo(28.618792093303398,177.43154999999956);
lineTo(28.618792093303398,0);
lineTo(14.328971143842741,0);
fillArea();
moveTo(28.618792093303398,177.43154999999956);
lineTo(42.90861304276406,176.98870000000056);
lineTo(42.90861304276406,0);
lineTo(28.618792093303398,0);
fillArea();
moveTo(42.90861304276406,176.98870000000056);
lineTo(57.198433992224714,176.99974999999972);
lineTo(57.198433992224714,0);
lineTo(42.90861304276406,0);
fillArea();
moveTo(57.198433992224714,176.99974999999972);
lineTo(71.52740513606746,177.30999999999915);
lineTo(71.52740513606746,0);
lineTo(57.198433992224714,0);
fillArea();
moveTo(71.52740513606746,177.30999999999915);
lineTo(85.81722608552812,178.87144999999953);
lineTo(85.81722608552812,0);
lineTo(71.52740513606746,0);
fillArea();
moveTo(85.81722608552812,178.87144999999953);
lineTo(100.10704703498877,180.54169999999965);
lineTo(100.10704703498877,0);
lineTo(85.81722608552812,0);
fillArea();
moveTo(100.10704703498877,180.54169999999965);
lineTo(114.39686798444943,180.96754999999905);
lineTo(114.39686798444943,0);
lineTo(100.10704703498877,0);
fillArea();
moveTo(114.39686798444943,180.96754999999905);
lineTo(128.72583912829217,181.67474999999934);
lineTo(128.72583912829217,0);
lineTo(114.39686798444943,0);
fillArea();
moveTo(128.72583912829217,181.67474999999934);
lineTo(143.01566007775284,181.63225000000034);
lineTo(143.01566007775284,0);
lineTo(128.72583912829217,0);
fillArea();
moveTo(143.01566007775284,181.63225000000034);
lineTo(157.3054810272135,179.21315000000072);
lineTo(157.3054810272135,0);
lineTo(143.01566007775284,0);
fillArea();
moveTo(157.3054810272135,179.21315000000072);
lineTo(171.59530197667414,180.0164000000001);
lineTo(171.59530197667414,0);
lineTo(157.3054810272135,0);
fillArea();
moveTo(171.59530197667414,180.0164000000001);
lineTo(185.9242731205169,177.8624999999996);
lineTo(185.9242731205169,0);
lineTo(171.59530197667414,0);
fillArea();
moveTo(185.9242731205169,177.8624999999996);
lineTo(200.21409406997753,177.25050000000056);
lineTo(200.21409406997753,0);
lineTo(185.9242731205169,0);
fillArea();
moveTo(200.21409406997753,177.25050000000056);
lineTo(214.5039150194382,175.61339999999984);
lineTo(214.5039150194382,0);
lineTo(200.21409406997753,0);
fillArea();
moveTo(214.5039150194382,175.61339999999984);
lineTo(228.79373596889886,176.55519999999922);
lineTo(228.79373596889886,0);
lineTo(214.5039150194382,0);
fillArea();
moveTo(228.79373596889886,176.55519999999922);
lineTo(243.1227071127416,178.1515000000005);
lineTo(243.1227071127416,0);
lineTo(228.79373596889886,0);
fillArea();
moveTo(243.1227071127416,178.1515000000005);
lineTo(257.4125280622023,181.9050999999995);
lineTo(257.4125280622023,0);
lineTo(243.1227071127416,0);
fillArea();
moveTo(257.4125280622023,181.9050999999995);
lineTo(271.70234901166293,184.96595000000036);
lineTo(271.70234901166293,0);
lineTo(257.4125280622023,0);
fillArea();
moveTo(271.70234901166293,184.96595000000036);
lineTo(285.9921699611236,185.07985000000076);
lineTo(285.9921699611236,0);
lineTo(271.70234901166293,0);
fillArea();
moveTo(285.9921699611236,185.07985000000076);
lineTo(300.32114110496633,185.47849999999926);
lineTo(300.32114110496633,0);
lineTo(285.9921699611236,0);
fillArea();
moveTo(300.32114110496633,185.47849999999926);
lineTo(314.610962054427,182.00030000000072);
lineTo(314.610962054427,0);
lineTo(300.32114110496633,0);
fillArea();
moveTo(314.610962054427,182.00030000000072);
lineTo(328.9007830038876,181.26335000000017);
lineTo(328.9007830038876,0);
lineTo(314.610962054427,0);
fillArea();
moveTo(328.9007830038876,181.26335000000017);
lineTo(343.1906039533483,177.95770000000084);
lineTo(343.1906039533483,0);
lineTo(328.9007830038876,0);
fillArea();
moveTo(343.1906039533483,177.95770000000084);
lineTo(357.519575097191,176.52374999999938);
lineTo(357.519575097191,0);
lineTo(343.1906039533483,0);
fillArea();
moveTo(357.519575097191,176.52374999999938);
lineTo(371.80939604665167,176.49229999999955);
lineTo(371.80939604665167,0);
lineTo(357.519575097191,0);
fillArea();
moveTo(371.80939604665167,176.49229999999955);
lineTo(386.0992169961123,177.78429999999992);
lineTo(386.0992169961123,0);
lineTo(371.80939604665167,0);
fillArea();
moveTo(386.0992169961123,177.78429999999992);
lineTo(400.389037945573,180.27224999999964);
lineTo(400.389037945573,0);
lineTo(386.0992169961123,0);
fillArea();
moveTo(400.389037945573,180.27224999999964);
lineTo(414.7180090894158,185.07729999999947);
lineTo(414.7180090894158,0);
lineTo(400.389037945573,0);
fillArea();
moveTo(414.7180090894158,185.07729999999947);
lineTo(429.0078300388764,184.27320000000032);
lineTo(429.0078300388764,0);
lineTo(414.7180090894158,0);
fillArea();
moveTo(429.0078300388764,184.27320000000032);
lineTo(443.29765098833707,183.3585999999999);
lineTo(443.29765098833707,0);
lineTo(429.0078300388764,0);
fillArea();
moveTo(443.29765098833707,183.3585999999999);
lineTo(457.5874719377977,182.13800000000094);
lineTo(457.5874719377977,0);
lineTo(443.29765098833707,0);
fillArea();
moveTo(457.5874719377977,182.13800000000094);
lineTo(471.91644308164047,179.81325000000083);
lineTo(471.91644308164047,0);
lineTo(457.5874719377977,0);
fillArea();
moveTo(471.91644308164047,179.81325000000083);
lineTo(486.2062640311011,177.84550000000002);
lineTo(486.2062640311011,0);
lineTo(471.91644308164047,0);
fillArea();
moveTo(486.2062640311011,177.84550000000002);
lineTo(500.49608498056176,177.01674999999932);
lineTo(500.49608498056176,0);
lineTo(486.2062640311011,0);
fillArea();
moveTo(500.49608498056176,177.01674999999932);
lineTo(514.7859059300224,176.27300000000048);
lineTo(514.7859059300224,0);
lineTo(500.49608498056176,0);
fillArea();
moveTo(514.7859059300224,176.27300000000048);
lineTo(529.1148770738652,177.3593000000003);
lineTo(529.1148770738652,0);
lineTo(514.7859059300224,0);
fillArea();
moveTo(529.1148770738652,177.3593000000003);
lineTo(543.4046980233259,180.43800000000056);
lineTo(543.4046980233259,0);
lineTo(529.1148770738652,0);
fillArea();
moveTo(543.4046980233259,180.43800000000056);
lineTo(557.6945189727865,182.84349999999972);
lineTo(557.6945189727865,0);
lineTo(543.4046980233259,0);
fillArea();
moveTo(557.6945189727865,182.84349999999972);
lineTo(571.9843399222472,185.22605000000078);
lineTo(571.9843399222472,0);
lineTo(557.6945189727865,0);
fillArea();
moveTo(571.9843399222472,185.22605000000078);
lineTo(586.3133110660899,184.68885000000034);
lineTo(586.3133110660899,0);
lineTo(571.9843399222472,0);
fillArea();
moveTo(586.3133110660899,184.68885000000034);
lineTo(600.6031320155505,185.35609999999906);
lineTo(600.6031320155505,0);
lineTo(586.3133110660899,0);
fillArea();
moveTo(600.6031320155505,185.35609999999906);
lineTo(614.8929529650112,181.11799999999994);
lineTo(614.8929529650112,0);
lineTo(600.6031320155505,0);
fillArea();
moveTo(614.8929529650112,181.11799999999994);
lineTo(629.1827739144719,180.07164999999975);
lineTo(629.1827739144719,0);
lineTo(614.8929529650112,0);
fillArea();
moveTo(629.1827739144719,180.07164999999975);
lineTo(643.5117450583147,178.5527000000003);
lineTo(643.5117450583147,0);
lineTo(629.1827739144719,0);
fillArea();
moveTo(643.5117450583147,178.5527000000003);
lineTo(657.8015660077753,177.99085000000025);
lineTo(657.8015660077753,0);
lineTo(643.5117450583147,0);
fillArea();
moveTo(657.8015660077753,177.99085000000025);
lineTo(672.091386957236,177.22244999999987);
lineTo(672.091386957236,0);
lineTo(657.8015660077753,0);
fillArea();
moveTo(672.091386957236,177.22244999999987);
lineTo(686.3812079066965,176.99124999999992);
lineTo(686.3812079066965,0);
lineTo(672.091386957236,0);
fillArea();
moveTo(686.3812079066965,176.99124999999992);
lineTo(700.7101790505393,177.15359999999976);
lineTo(700.7101790505393,0);
lineTo(686.3812079066965,0);
fillArea();
moveTo(700.7101790505393,177.15359999999976);
lineTo(715,179.2055000000007);
lineTo(715,0);
lineTo(700.7101790505393,0);
fillArea();
moveTo(715,179.2055000000007);
lineTo(729.2898209494606,181.4520499999992);
lineTo(729.2898209494606,0);
lineTo(715,0);
fillArea();
setLineColor(#90480f);
moveTo(-14.289820949460658,182.82395000000076);
lineTo(0,181.9220999999991);
moveTo(0,181.9220999999991);
lineTo(14.328971143842741,178.88930000000084);
moveTo(14.328971143842741,178.88930000000084);
lineTo(28.618792093303398,177.43154999999956);
moveTo(28.618792093303398,177.43154999999956);
lineTo(42.90861304276406,176.98870000000056);
moveTo(42.90861304276406,176.98870000000056);
lineTo(57.198433992224714,176.99974999999972);
moveTo(57.198433992224714,176.99974999999972);
lineTo(71.52740513606746,177.30999999999915);
moveTo(71.52740513606746,177.30999999999915);
lineTo(85.81722608552812,178.87144999999953);
moveTo(85.81722608552812,178.87144999999953);
lineTo(100.10704703498877,180.54169999999965);
moveTo(100.10704703498877,180.54169999999965);
lineTo(114.39686798444943,180.96754999999905);
moveTo(114.39686798444943,180.96754999999905);
lineTo(128.72583912829217,181.67474999999934);
moveTo(128.72583912829217,181.67474999999934);
lineTo(143.01566007775284,181.63225000000034);
moveTo(143.01566007775284,181.63225000000034);
lineTo(157.3054810272135,179.21315000000072);
moveTo(157.3054810272135,179.21315000000072);
lineTo(171.59530197667414,180.0164000000001);
moveTo(171.59530197667414,180.0164000000001);
lineTo(185.9242731205169,177.8624999999996);
moveTo(185.9242731205169,177.8624999999996);
lineTo(200.21409406997753,177.25050000000056);
moveTo(200.21409406997753,177.25050000000056);
lineTo(214.5039150194382,175.61339999999984);
moveTo(214.5039150194382,175.61339999999984);
lineTo(228.79373596889886,176.55519999999922);
moveTo(228.79373596889886,176.55519999999922);
lineTo(243.1227071127416,178.1515000000005);
moveTo(243.1227071127416,178.1515000000005);
lineTo(257.4125280622023,181.9050999999995);
moveTo(257.4125280622023,181.9050999999995);
lineTo(271.70234901166293,184.96595000000036);
moveTo(271.70234901166293,184.96595000000036);
lineTo(285.9921699611236,185.07985000000076);
moveTo(285.9921699611236,185.07985000000076);
lineTo(300.32114110496633,185.47849999999926);
moveTo(300.32114110496633,185.47849999999926);
lineTo(314.610962054427,182.00030000000072);
moveTo(314.610962054427,182.00030000000072);
lineTo(328.9007830038876,181.26335000000017);
moveTo(328.9007830038876,181.26335000000017);
lineTo(343.1906039533483,177.95770000000084);
moveTo(343.1906039533483,177.95770000000084);
lineTo(357.519575097191,176.52374999999938);
moveTo(357.519575097191,176.52374999999938);
lineTo(371.80939604665167,176.49229999999955);
moveTo(371.80939604665167,176.49229999999955);
lineTo(386.0992169961123,177.78429999999992);
moveTo(386.0992169961123,177.78429999999992);
lineTo(400.389037945573,180.27224999999964);
moveTo(400.389037945573,180.27224999999964);
lineTo(414.7180090894158,185.07729999999947);
moveTo(414.7180090894158,185.07729999999947);
lineTo(429.0078300388764,184.27320000000032);
moveTo(429.0078300388764,184.27320000000032);
lineTo(443.29765098833707,183.3585999999999);
moveTo(443.29765098833707,183.3585999999999);
lineTo(457.5874719377977,182.13800000000094);
moveTo(457.5874719377977,182.13800000000094);
lineTo(471.91644308164047,179.81325000000083);
moveTo(471.91644308164047,179.81325000000083);
lineTo(486.2062640311011,177.84550000000002);
moveTo(486.2062640311011,177.84550000000002);
lineTo(500.49608498056176,177.01674999999932);
moveTo(500.49608498056176,177.01674999999932);
lineTo(514.7859059300224,176.27300000000048);
moveTo(514.7859059300224,176.27300000000048);
lineTo(529.1148770738652,177.3593000000003);
moveTo(529.1148770738652,177.3593000000003);
lineTo(543.4046980233259,180.43800000000056);
moveTo(543.4046980233259,180.43800000000056);
lineTo(557.6945189727865,182.84349999999972);
moveTo(557.6945189727865,182.84349999999972);
lineTo(571.9843399222472,185.22605000000078);
moveTo(571.9843399222472,185.22605000000078);
lineTo(586.3133110660899,184.68885000000034);
moveTo(586.3133110660899,184.68885000000034);
lineTo(600.6031320155505,185.35609999999906);
moveTo(600.6031320155505,185.35609999999906);
lineTo(614.8929529650112,181.11799999999994);
moveTo(614.8929529650112,181.11799999999994);
lineTo(629.1827739144719,180.07164999999975);
moveTo(629.1827739144719,180.07164999999975);
lineTo(643.5117450583147,178.5527000000003);
moveTo(643.5117450583147,178.5527000000003);
lineTo(657.8015660077753,177.99085000000025);
moveTo(657.8015660077753,177.99085000000025);
lineTo(672.091386957236,177.22244999999987);
moveTo(672.091386957236,177.22244999999987);
lineTo(686.3812079066965,176.99124999999992);
moveTo(686.3812079066965,176.99124999999992);
lineTo(700.7101790505393,177.15359999999976);
moveTo(700.7101790505393,177.15359999999976);
lineTo(715,179.2055000000007);
moveTo(715,179.2055000000007);
lineTo(729.2898209494606,181.4520499999992);

