setFillColor(#000000);
drawRect(0,0,800,400);
fillArea();
setFillColor(#ffffff);
drawRect(0,0,800,400);
fillArea();
setLineColor(#eeeeee);
setLineWidth(0);
drawRect(60,25,715,340);
setLineColor(#000000);
moveTo(0,0);
lineTo(715,0);
moveTo(0,-4);
lineTo(0,0);
moveTo(63.83054659235358,-4);
lineTo(63.83054659235358,0);
moveTo(127.69604967243572,-4);
lineTo(127.69604967243572,0);
moveTo(191.52659626478928,-4);
lineTo(191.52659626478928,0);
moveTo(255.35714285714286,-4);
lineTo(255.35714285714286,0);
moveTo(319.1876894494964,-4);
lineTo(319.1876894494964,0);
moveTo(383.05319252957855,-4);
lineTo(383.05319252957855,0);
moveTo(446.88373912193214,-4);
lineTo(446.88373912193214,0);
moveTo(510.7142857142857,-4);
lineTo(510.7142857142857,0);
moveTo(574.5448323066394,-4);
lineTo(574.5448323066394,0);
moveTo(638.4103353867215,-4);
lineTo(638.4103353867215,0);
moveTo(702.240881979075,-4);
lineTo(702.240881979075,0);
writeText(1955,0,-9.5,0);
writeText(1960,63.83054659235358,-9.5,0);
writeText(1965,127.69604967243572,-9.5,0);
writeText(1970,191.52659626478928,-9.5,0);
writeText(1975,255.35714285714286,-9.5,0);
writeText(1980,319.1876894494964,-9.5,0);
writeText(1985,383.05319252957855,-9.5,0);
writeText(1990,446.88373912193214,-9.5,0);
writeText(1995,510.7142857142857,-9.5,0);
writeText(2000,574.5448323066394,-9.5,0);
writeText(2005,638.4103353867215,-9.5,0);
writeText(2010,702.240881979075,-9.5,0);
writeText(-6,-1,0,0);
writeText(-5,-1,20,0);
writeText(-4,-1,40,0);
writeText(-3,-1,60,0);
writeText(-2,-1,80,0);
writeText(-1,-1,100,0);
writeText(0,-4.5,120,0);
writeText(1,-4.5,140,0);
writeText(2,-4.5,160,0);
writeText(3,-4.5,180,0);
writeText(4,-4.5,200,0);
writeText(5,-4.5,220,0);
writeText(6,-4.5,240,0);
writeText(7,-4.5,260,0);
writeText(8,-4.5,280,0);
writeText(9,-4.5,300,0);
writeText(10,-1,320,0);
writeText(11,-1,340,0);
setLineColor(#000000);
moveTo(0,0);
lineTo(0,340);
moveTo(-4,0);
lineTo(0,0);
moveTo(-4,20);
lineTo(0,20);
moveTo(-4,40);
lineTo(0,40);
moveTo(-4,60);
lineTo(0,60);
moveTo(-4,80);
lineTo(0,80);
moveTo(-4,100);
lineTo(0,100);
moveTo(-4,120);
lineTo(0,120);
moveTo(-4,140);
lineTo(0,140);
moveTo(-4,160);
lineTo(0,160);
moveTo(-4,180);
lineTo(0,180);
moveTo(-4,200);
lineTo(0,200);
moveTo(-4,220);
lineTo(0,220);
moveTo(-4,240);
lineTo(0,240);
moveTo(-4,260);
lineTo(0,260);
moveTo(-4,280);
lineTo(0,280);
moveTo(-4,300);
lineTo(0,300);
moveTo(-4,320);
lineTo(0,320);
moveTo(-4,340);
lineTo(0,340);
writeText(1955,0,-9.5,0);
writeText(1960,63.83054659235358,-9.5,0);
writeText(1965,127.69604967243572,-9.5,0);
writeText(1970,191.52659626478928,-9.5,0);
writeText(1975,255.35714285714286,-9.5,0);
writeText(1980,319.1876894494964,-9.5,0);
writeText(1985,383.05319252957855,-9.5,0);
writeText(1990,446.88373912193214,-9.5,0);
writeText(1995,510.7142857142857,-9.5,0);
writeText(2000,574.5448323066394,-9.5,0);
writeText(2005,638.4103353867215,-9.5,0);
writeText(2010,702.240881979075,-9.5,0);
writeText(-6,-1,0,0);
writeText(-5,-1,20,0);
writeText(-4,-1,40,0);
writeText(-3,-1,60,0);
writeText(-2,-1,80,0);
writeText(-1,-1,100,0);
writeText(0,-4.5,120,0);
writeText(1,-4.5,140,0);
writeText(2,-4.5,160,0);
writeText(3,-4.5,180,0);
writeText(4,-4.5,200,0);
writeText(5,-4.5,220,0);
writeText(6,-4.5,240,0);
writeText(7,-4.5,260,0);
writeText(8,-4.5,280,0);
writeText(9,-4.5,300,0);
writeText(10,-1,320,0);
writeText(11,-1,340,0);
setFillColor(#66ccff);
setLineColor(#000000);
drawRect(2.0624327759851373,120,NaN,-57.4185);
drawRect(5.27842964701281,120,NaN,-2.265919999999994);
drawRect(8.49442651804048,120,NaN,-36.27483999999998);
drawRect(11.675466901339592,120,NaN,-160.13819999999998);
drawRect(14.856507284638703,120,NaN,-48.29214);
drawRect(18.072504155666373,120,NaN,-88.71824000000001);
drawRect(21.288501026694046,120,NaN,-53.142480000000006);
drawRect(24.469541409993155,120,NaN,-18.509299999999996);
drawRect(27.615625305563704,120,NaN,-82.54176);
drawRect(30.831622176591377,120,NaN,-111.624);
drawRect(34.04761904761905,120,NaN,-76.5766);
drawRect(37.22865943091816,120,NaN,-98.32996);
drawRect(40.374743326488705,120,NaN,-17.1109);
drawRect(43.59074019751638,120,NaN,-27.156020000000012);
drawRect(46.80673706854405,120,NaN,-8.14734);
drawRect(49.987777451843165,120,NaN,-70.21534);
drawRect(53.13386134741371,120,NaN,-86.64020000000001);
drawRect(56.34985821844138,120,NaN,-2.5181399999999883);
drawRect(59.56585508946905,120,NaN,-47.0556);
drawRect(62.746895472768166,120,NaN,-38.94816);
drawRect(65.92793585606728,120,NaN,-44.564539999999994);
drawRect(69.14393272709495,120,NaN,-23.014620000000008);
drawRect(72.35992959812262,120,NaN,-3.1254400000000118);
drawRect(75.54096998142172,120,NaN,-44.676739999999995);
drawRect(78.68705387699228,120,NaN,-51.92062);
drawRect(81.90305074801995,120,NaN,-43.8292);
drawRect(85.11904761904762,120,NaN,-18.081919999999997);
drawRect(88.30008800234673,120,NaN,-55.33369999999999);
drawRect(91.44617189791728,120,NaN,-38.695319999999995);
drawRect(94.66216876894495,120,NaN,-60.574760000000005);
drawRect(97.87816563997262,120,NaN,27.890119999999996);
drawRect(101.05920602327174,120,NaN,-14.657199999999989);
drawRect(104.20528991884228,120,NaN,-49.78136000000001);
drawRect(107.42128678986995,120,NaN,-39.49116000000001);
drawRect(110.63728366089762,120,NaN,-77.63078);
drawRect(113.81832404419674,120,NaN,-14.839420000000004);
drawRect(116.99936442749585,120,NaN,-50.806259999999995);
drawRect(120.21536129852352,120,NaN,-19.987399999999994);
drawRect(123.43135816955119,120,NaN,-70.99834000000001);
drawRect(126.61239855285031,120,NaN,-107.92192);
drawRect(129.75848244842086,120,NaN,-68.15592);
drawRect(132.97447931944853,120,NaN,-73.02120000000001);
drawRect(136.1904761904762,120,NaN,-45.206059999999994);
drawRect(139.3715165737753,120,NaN,-58.413199999999996);
drawRect(142.51760046934587,120,NaN,-88.99932);
drawRect(145.73359734037354,120,NaN,-77.57812000000001);
drawRect(148.9495942114012,120,NaN,-53.79974);
drawRect(152.1306345947003,120,NaN,-95.12726);
drawRect(155.27671849027087,120,NaN,-91.41014);
drawRect(158.49271536129854,120,NaN,-65.17564);
drawRect(161.7087122323262,120,NaN,-96.42493999999999);
drawRect(164.8897526156253,120,NaN,-95.9017);
drawRect(168.07079299892442,120,NaN,-148.46460000000002);
drawRect(171.2867898699521,120,NaN,-91.20354);
drawRect(174.50278674097976,120,NaN,-79.38282000000001);
drawRect(177.68382712427888,120,NaN,-139.15234);
drawRect(180.82991101984942,120,NaN,-60.4044);
drawRect(184.0459078908771,120,NaN,-97.95885999999999);
drawRect(187.26190476190476,120,NaN,-89.49264);
drawRect(190.44294514520388,120,NaN,-110.6423);
drawRect(193.58902904077442,120,NaN,-148.81068000000002);
drawRect(196.8050259118021,120,NaN,-118.86948000000001);
drawRect(200.02102278282976,120,NaN,-79.90348);
drawRect(203.20206316612888,120,NaN,-76.28022);
drawRect(206.34814706169942,120,NaN,-99.19636);
drawRect(209.5641439327271,120,NaN,-78.20366);
drawRect(212.78014080375476,120,NaN,-74.53981999999999);
drawRect(215.96118118705388,120,NaN,-49.46168);
drawRect(219.142221570353,120,NaN,-81.83771999999999);
drawRect(222.35821844138067,120,NaN,-50.92717999999999);
drawRect(225.57421531240834,120,NaN,-146.38104);
drawRect(228.75525569570746,120,NaN,-139.95704);
drawRect(231.901339591278,120,NaN,-139.8555);
drawRect(235.11733646230567,120,NaN,-65.52356);
drawRect(238.33333333333334,120,NaN,-20.22384000000001);
drawRect(241.51437371663246,120,NaN,-55.91741999999999);
drawRect(244.660457612203,120,NaN,-90.6686);
drawRect(247.87645448323067,120,NaN,-64.95682000000001);
drawRect(251.09245135425834,120,NaN,-43.881240000000005);
drawRect(254.27349173755746,120,NaN,-22.515800000000013);
drawRect(257.419575633128,120,NaN,-42.85426);
drawRect(260.6355725041557,120,NaN,-42.74119999999999);
drawRect(263.8515693751834,120,NaN,-34.95544000000001);
drawRect(267.03260975848247,120,NaN,-3.5617599999999925);
drawRect(270.21365014178156,120,NaN,-54.88535999999999);
drawRect(273.42964701280926,120,NaN,-16.855879999999985);
drawRect(276.6456438838369,120,NaN,-73.26920000000001);
drawRect(279.82668426713605,120,NaN,-63.28490000000001);
drawRect(282.9727681627066,120,NaN,15.077820000000003);
drawRect(286.1887650337342,120,NaN,29.751620000000003);
drawRect(289.4047619047619,120,NaN,-5.947340000000011);
drawRect(292.585802288061,120,NaN,-36.32936000000001);
drawRect(295.73188618363156,120,NaN,13.185120000000012);
drawRect(298.94788305465926,120,NaN,3.745279999999994);
drawRect(302.1638799256869,120,NaN,-24.175939999999997);
drawRect(305.34492030898605,120,NaN,11.391159999999985);
drawRect(308.4910042045566,120,NaN,4.893000000000001);
drawRect(311.70700107558423,120,NaN,-32.80975999999998);
drawRect(314.92299794661193,120,NaN,-38.19524);
drawRect(318.104038329911,120,NaN,-10.661860000000004);
drawRect(321.28507871321017,120,NaN,32.43762000000001);
drawRect(324.5010755842378,120,NaN,36.281439999999975);
drawRect(327.7170724552655,120,NaN,-1.1645000000000039);
drawRect(330.8981128385646,120,NaN,19.714020000000005);
drawRect(334.04419673413514,120,NaN,9.32335999999998);
drawRect(337.26019360516284,120,NaN,10.660380000000004);
drawRect(340.4761904761905,120,NaN,-29.806600000000003);
drawRect(343.6572308594896,120,NaN,19.594300000000004);
drawRect(346.80331475506017,120,NaN,-29.941759999999988);
drawRect(350.0193116260878,120,NaN,-33.51777999999999);
drawRect(353.2353084971155,120,NaN,-100.47576);
drawRect(356.4163488804146,120,NaN,-20.538719999999998);
drawRect(359.56243277598514,120,NaN,-72.52014);
drawRect(362.77842964701284,120,NaN,47.56808000000001);
drawRect(365.9944265180405,120,NaN,-131.74592);
drawRect(369.17546690133963,120,NaN,-64.33162);
drawRect(372.3565072846387,120,NaN,50.051559999999995);
drawRect(375.57250415566637,120,NaN,-49.11941999999999);
drawRect(378.78850102669406,120,NaN,-53.135999999999996);
drawRect(381.96954140999316,120,NaN,15.467240000000004);
drawRect(385.1156253055637,120,NaN,35.68523999999999);
drawRect(388.3316221765914,120,NaN,36.1807);
drawRect(391.54761904761904,120,NaN,4.976040000000012);
drawRect(394.7286594309182,120,NaN,-68.06476);
drawRect(397.8747433264887,120,NaN,-16.655119999999997);
drawRect(401.09074019751637,120,NaN,34.06888000000001);
drawRect(404.30673706854407,120,NaN,-26.268259999999998);
drawRect(407.48777745184316,120,NaN,-74.13886);
drawRect(410.6338613474137,120,NaN,-4.153359999999992);
drawRect(413.8498582184414,120,NaN,-27.44023999999999);
drawRect(417.06585508946904,120,NaN,-43.00596);
drawRect(420.2468954727682,120,NaN,3.1654199999999975);
drawRect(423.4279358560673,120,NaN,11.691519999999997);
drawRect(426.643932727095,120,NaN,6.340500000000006);
drawRect(429.8599295981226,120,NaN,24.785780000000017);
drawRect(433.04096998142177,120,NaN,44.27436);
drawRect(436.1870538769923,120,NaN,21.094459999999998);
drawRect(439.40305074801995,120,NaN,43.69458000000003);
drawRect(442.61904761904765,120,NaN,14.446879999999993);
drawRect(445.80008800234674,120,NaN,-6.943240000000003);
drawRect(448.9461718979173,120,NaN,24.29128);
drawRect(452.162168768945,120,NaN,-24.314819999999997);
drawRect(455.3781656399726,120,NaN,-29.66149999999999);
drawRect(458.55920602327177,120,NaN,43.885580000000004);
drawRect(461.7052899188423,120,NaN,43.94100000000003);
drawRect(464.92128678986995,120,NaN,64.17962);
drawRect(468.13728366089765,120,NaN,42.57581999999999);
drawRect(471.31832404419674,120,NaN,60.94646);
drawRect(474.49936442749583,120,NaN,19.711540000000014);
drawRect(477.71536129852353,120,NaN,20.789019999999994);
drawRect(480.93135816955123,120,NaN,14.942059999999998);
drawRect(484.1123985528503,120,NaN,-9.695999999999998);
drawRect(487.25848244842086,120,NaN,38.02431999999999);
drawRect(490.47447931944856,120,NaN,0.3019400000000019);
drawRect(493.6904761904762,120,NaN,1.4475199999999973);
drawRect(496.8715165737753,120,NaN,14.939660000000003);
drawRect(500.0176004693459,120,NaN,34.43187999999998);
drawRect(503.23359734037354,120,NaN,-12.804239999999993);
drawRect(506.44959421140123,120,NaN,44.25551999999999);
drawRect(509.6306345947003,120,NaN,54.883099999999985);
drawRect(512.7767184902709,120,NaN,66.17933999999997);
drawRect(515.9927153612986,120,NaN,41.63979999999998);
drawRect(519.2087122323262,120,NaN,10.003559999999993);
drawRect(522.3897526156253,120,NaN,63.299139999999994);
drawRect(525.5707929989244,120,NaN,89.86021999999997);
drawRect(528.7867898699521,120,NaN,144.73682000000002);
drawRect(532.0027867409798,120,NaN,40.5462);
drawRect(535.1838271242789,120,NaN,88.38948000000002);
drawRect(538.3299110198494,120,NaN,90.5084);
drawRect(541.5459078908771,120,NaN,73.74454);
drawRect(544.7619047619048,120,NaN,41.81460000000001);
drawRect(547.9429451452039,120,NaN,53.53632000000002);
drawRect(551.0890290407744,120,NaN,60.929700000000025);
drawRect(554.3050259118021,120,NaN,106.47089999999997);
drawRect(557.5210227828297,120,NaN,73.79478);
drawRect(560.7020631661289,120,NaN,103.1395);
drawRect(563.8481470616995,120,NaN,107.75480000000002);
drawRect(567.0641439327271,120,NaN,112.76992000000001);
drawRect(570.2801408037548,120,NaN,122.99788000000001);
drawRect(573.4611811870539,120,NaN,131.89742);
drawRect(576.6422215703531,120,NaN,94.48838);
drawRect(579.8582184413807,120,NaN,129.36222);
drawRect(583.0742153124083,120,NaN,143.32614);
drawRect(586.2552556957074,120,NaN,101.36132);
drawRect(589.401339591278,120,NaN,61.541259999999966);
drawRect(592.6173364623057,120,NaN,54.611639999999994);
drawRect(595.8333333333334,120,NaN,64.2423);
drawRect(599.0143737166325,120,NaN,148.95837999999998);
drawRect(602.160457612203,120,NaN,110.10764);
drawRect(605.3764544832306,120,NaN,151.60803999999996);
drawRect(608.5924513542584,120,NaN,154.02589999999998);
drawRect(611.7734917375575,120,NaN,127.37536);
drawRect(614.919575633128,120,NaN,174.92856);
drawRect(618.1355725041557,120,NaN,199.77654);
drawRect(621.3515693751833,120,NaN,188.33598);
drawRect(624.5326097584825,120,NaN,233.09197999999992);
drawRect(627.7136501417816,120,NaN,220.4379);
drawRect(630.9296470128093,120,NaN,197.65938);
drawRect(634.1456438838369,120,NaN,195.40261999999996);
drawRect(637.326684267136,120,NaN,205.74360000000001);
drawRect(640.4727681627065,120,NaN,161.05934000000002);
drawRect(643.6887650337343,120,NaN,169.27085999999997);
drawRect(646.9047619047619,120,NaN,157.00344);
drawRect(650.085802288061,120,NaN,185.63098000000002);
drawRect(653.2318861836316,120,NaN,206.88322);
drawRect(656.4478830546593,120,NaN,198.1495);
drawRect(659.663879925687,120,NaN,215.94394);
drawRect(662.844920308986,120,NaN,213.42430000000002);
drawRect(665.9910042045566,120,NaN,197.94214);
drawRect(669.2070010755842,120,NaN,176.23374);
drawRect(672.422997946612,120,NaN,192.23341999999997);
drawRect(675.6040383299111,120,NaN,191.8573);
drawRect(678.7850787132102,120,NaN,215.73842000000002);
drawRect(682.0010755842378,120,NaN,206.73795999999993);
drawRect(685.2170724552655,120,NaN,207.83272);
drawRect(688.3981128385647,120,NaN,173.87286);
drawRect(691.5441967341352,120,NaN,203.54062);
drawRect(694.7601936051628,120,NaN,182.03186);
drawRect(697.9761904761905,120,NaN,212.07508000000007);
drawRect(701.1572308594896,120,NaN,212.47374000000002);
drawRect(704.3033147550601,120,NaN,223.98104);
drawRect(707.5193116260879,120,NaN,192.29062);
drawRect(710.7353084971155,120,NaN,198.23746);
drawRect(713.9163488804146,120,NaN,214.91472);

