setFillColor(#000000);
drawRect(0,0,800,500);
fillArea();
setFillColor(#cccccc);
drawRect(5,5,790,490);
fillArea();
setLineColor(#eeeeee);
setLineWidth(0);
drawRect(48,45,707,435);
setLineColor(#ff0000);
moveTo(20,217.5);
lineTo(687,217.5);
setLineColor(#000000);
moveTo(0,0);
lineTo(707,0);
setLineColor(#000000);
moveTo(0,0);
lineTo(0,415);
setLineColor(#000000);
moveTo(353.5,0);
lineTo(353.5,415);
setLineColor(#000000);
moveTo(707,0);
lineTo(707,415);
setLineColor(#000000);
setLineWidth(1);
moveTo(86.7,83);
lineTo(220.10000000000002,166);
lineTo(353.5,249);

