setFillColor(#000000);
drawRect(0,0,800,500);
fillArea();
setFillColor(#cccccc);
drawRect(5,5,790,490);
fillArea();
setLineColor(#eeeeee);
setLineWidth(0);
drawRect(48,45,707,435);
setLineColor(#000000);
moveTo(0,0);
lineTo(707,0);
moveTo(0,-5);
lineTo(0,5);
moveTo(35.3461285729931,-5);
lineTo(35.3461285729931,5);
moveTo(70.6922571459862,-5);
lineTo(70.6922571459862,5);
moveTo(106.0383857189793,-5);
lineTo(106.0383857189793,5);
moveTo(141.3845142919724,-5);
lineTo(141.3845142919724,5);
moveTo(176.75,-5);
lineTo(176.75,5);
moveTo(212.09612857299308,-5);
lineTo(212.09612857299308,5);
moveTo(247.4422571459862,-5);
lineTo(247.4422571459862,5);
moveTo(282.78838571897927,-5);
lineTo(282.78838571897927,5);
moveTo(318.1538714270069,-5);
lineTo(318.1538714270069,5);
moveTo(353.5,-5);
lineTo(353.5,5);
moveTo(388.8461285729931,-5);
lineTo(388.8461285729931,5);
moveTo(424.19225714598616,-5);
lineTo(424.19225714598616,5);
moveTo(459.5577428540138,-5);
lineTo(459.5577428540138,5);
moveTo(494.9038714270069,-5);
lineTo(494.9038714270069,5);
moveTo(530.25,-5);
lineTo(530.25,5);
moveTo(565.596128572993,-5);
lineTo(565.596128572993,5);
moveTo(600.9616142810207,-5);
lineTo(600.9616142810207,5);
moveTo(636.3077428540138,-5);
lineTo(636.3077428540138,5);
moveTo(671.6538714270068,-5);
lineTo(671.6538714270068,5);
moveTo(707,-5);
lineTo(707,5);
writeText(1900,10,-10,45);
writeText(1905,45.3461285729931,-10,45);
writeText(1910,80.6922571459862,-10,45);
writeText(1915,116.0383857189793,-10,45);
writeText(1920,151.3845142919724,-10,45);
writeText(1925,186.75,-10,45);
writeText(1930,222.09612857299308,-10,45);
writeText(1935,257.4422571459862,-10,45);
writeText(1940,292.78838571897927,-10,45);
writeText(1945,328.1538714270069,-10,45);
writeText(1950,363.5,-10,45);
writeText(1955,398.8461285729931,-10,45);
writeText(1960,434.19225714598616,-10,45);
writeText(1965,469.5577428540138,-10,45);
writeText(1970,504.9038714270069,-10,45);
writeText(1975,540.25,-10,45);
writeText(1980,575.596128572993,-10,45);
writeText(1985,610.9616142810207,-10,45);
writeText(1990,646.3077428540138,-10,45);
writeText(1995,681.6538714270068,-10,45);
writeText(2000,717,-10,45);
writeText(-1.00,0,0,0);
writeText(-0.50,0,108.75,0);
writeText(0.00,0,217.5,0);
writeText(0.50,0,326.25,0);
writeText(1.00,0,435,0);
setLineColor(#000000);
moveTo(0,0);
lineTo(0,435);
moveTo(-3,0);
lineTo(3,0);
moveTo(-3,108.75);
lineTo(3,108.75);
moveTo(-3,217.5);
lineTo(3,217.5);
moveTo(-3,326.25);
lineTo(3,326.25);
moveTo(-3,435);
lineTo(3,435);
writeText(1900,10,-10,45);
writeText(1905,45.3461285729931,-10,45);
writeText(1910,80.6922571459862,-10,45);
writeText(1915,116.0383857189793,-10,45);
writeText(1920,151.3845142919724,-10,45);
writeText(1925,186.75,-10,45);
writeText(1930,222.09612857299308,-10,45);
writeText(1935,257.4422571459862,-10,45);
writeText(1940,292.78838571897927,-10,45);
writeText(1945,328.1538714270069,-10,45);
writeText(1950,363.5,-10,45);
writeText(1955,398.8461285729931,-10,45);
writeText(1960,434.19225714598616,-10,45);
writeText(1965,469.5577428540138,-10,45);
writeText(1970,504.9038714270069,-10,45);
writeText(1975,540.25,-10,45);
writeText(1980,575.596128572993,-10,45);
writeText(1985,610.9616142810207,-10,45);
writeText(1990,646.3077428540138,-10,45);
writeText(1995,681.6538714270068,-10,45);
writeText(2000,717,-10,45);
writeText(-1.00,0,0,0);
writeText(-0.50,0,108.75,0);
writeText(0.00,0,217.5,0);
writeText(0.50,0,326.25,0);
writeText(1.00,0,435,0);
setLineColor(#ff00ff);
setLineWidth(3);
moveTo(0,62.914485000000006);
lineTo(7.06535428759172,63.11045249999999);
lineTo(14.13070857518344,56.792512499999994);
lineTo(21.19606286277516,38.7113025);
lineTo(28.26141715036688,37.32822);
lineTo(35.3461285729931,54.5983725);
lineTo(42.41148286058482,71.73867750000001);
lineTo(49.47683714817654,61.3430475);
lineTo(56.54219143576826,52.849455000000006);
lineTo(63.62690285839448,55.94643750000001);
moveTo(98.97303143138758,63.17505000000001);
lineTo(106.0383857189793,72.58062);
lineTo(113.10374000657102,83.7264075);
lineTo(120.18845142919724,69.208935);
lineTo(127.25380571678896,75.46445250000001);
lineTo(134.31916000438068,88.262805);
lineTo(141.3845142919724,74.44394249999999);
lineTo(148.46922571459862,73.66812);
lineTo(155.53458000219032,79.685475);
lineTo(162.59993428978206,87.718185);
lineTo(169.6652885773738,86.7144225);
lineTo(176.75,84.86415);
lineTo(183.8153542875917,79.19523);
lineTo(190.88070857518343,81.86591250000001);
lineTo(197.94606286277516,95.8059225);
lineTo(205.03077428540138,87.386715);
lineTo(212.09612857299308,75.55428);
lineTo(219.1614828605848,79.9553925);
lineTo(226.22683714817654,81.6597225);
lineTo(233.31154857080276,85.0131375);
lineTo(240.3769028583945,86.4290625);
lineTo(247.4422571459862,94.218825);
lineTo(254.50761143357792,97.31819999999999);
lineTo(261.59232285620413,90.30991499999999);
lineTo(268.65767714379587,92.1097275);
lineTo(275.7230314313876,104.63468250000001);
moveTo(296.93845142919724,104.20881750000001);
lineTo(304.003805716789,99.801615);
lineTo(311.06916000438065,100.9758975);
lineTo(318.1538714270069,114.9581025);
lineTo(325.2192257145986,106.2363525);
lineTo(332.28458000219035,101.50986);
lineTo(339.349934289782,103.96587);
lineTo(346.43464571240827,93.64245000000001);
lineTo(353.5,111.6377475);
lineTo(360.56535428759173,117.7812525);
lineTo(367.6307085751834,100.77993);
lineTo(374.71541999780965,118.89615749999999);
lineTo(381.7807742854014,120.90389999999998);
lineTo(388.8461285729931,113.00473500000001);
lineTo(395.9114828605848,118.781535);
lineTo(402.996194283211,125.74088250000001);
lineTo(410.06154857080276,116.7298575);
lineTo(417.1269028583945,131.5272525);
lineTo(424.19225714598616,121.73039999999999);
lineTo(431.2769685686124,117.05697749999999);
lineTo(438.34232285620413,117.15028499999998);
lineTo(445.40767714379587,118.89246);
lineTo(452.4730314313876,109.76159249999999);
lineTo(459.5577428540138,113.93019749999999);
lineTo(466.6230971416055,118.78371000000001);
lineTo(473.68845142919724,130.386465);
lineTo(480.753805716789,135.9285825);
lineTo(487.83851713941516,130.395165);
moveTo(572.6808399956193,194.7431925);
lineTo(579.746194283211,181.948755);
lineTo(586.8115485708028,159.689805);
lineTo(593.8769028583945,174.032625);
lineTo(600.9616142810207,191.74626);
lineTo(608.0269685686123,198.35304);
lineTo(615.0923228562041,211.41217500000002);
lineTo(622.1576771437958,206.916885);
lineTo(629.242388566422,214.7323125);
lineTo(636.3077428540138,222.7323975);
lineTo(643.3730971416055,220.7979525);
lineTo(650.4384514291972,172.5468825);
lineTo(657.5231628518235,193.98042);
lineTo(664.5885171394152,215.4448425);
lineTo(671.6538714270068,216.52299);
lineTo(678.7192257145986,229.2556575);
lineTo(685.8039371372248,233.8322925);
lineTo(692.8692914248165,243.7742175);
lineTo(699.9346457124083,247.498905);
lineTo(707,253.63327499999997);
setLineColor(#000000);
setLineWidth(2);
setFillColor(#ffffff);
circle(0,62.914485000000006,3);
fillArea();
circle(7.06535428759172,63.11045249999999,3);
fillArea();
circle(14.13070857518344,56.792512499999994,3);
fillArea();
circle(21.19606286277516,38.7113025,3);
fillArea();
circle(28.26141715036688,37.32822,3);
fillArea();
circle(35.3461285729931,54.5983725,3);
fillArea();
circle(42.41148286058482,71.73867750000001,3);
fillArea();
circle(49.47683714817654,61.3430475,3);
fillArea();
circle(56.54219143576826,52.849455000000006,3);
fillArea();
circle(63.62690285839448,55.94643750000001,3);
fillArea();
circle(98.97303143138758,63.17505000000001,3);
fillArea();
circle(106.0383857189793,72.58062,3);
fillArea();
circle(113.10374000657102,83.7264075,3);
fillArea();
circle(120.18845142919724,69.208935,3);
fillArea();
circle(127.25380571678896,75.46445250000001,3);
fillArea();
circle(134.31916000438068,88.262805,3);
fillArea();
circle(141.3845142919724,74.44394249999999,3);
fillArea();
circle(148.46922571459862,73.66812,3);
fillArea();
circle(155.53458000219032,79.685475,3);
fillArea();
circle(162.59993428978206,87.718185,3);
fillArea();
circle(169.6652885773738,86.7144225,3);
fillArea();
circle(176.75,84.86415,3);
fillArea();
circle(183.8153542875917,79.19523,3);
fillArea();
circle(190.88070857518343,81.86591250000001,3);
fillArea();
circle(197.94606286277516,95.8059225,3);
fillArea();
circle(205.03077428540138,87.386715,3);
fillArea();
circle(212.09612857299308,75.55428,3);
fillArea();
circle(219.1614828605848,79.9553925,3);
fillArea();
circle(226.22683714817654,81.6597225,3);
fillArea();
circle(233.31154857080276,85.0131375,3);
fillArea();
circle(240.3769028583945,86.4290625,3);
fillArea();
circle(247.4422571459862,94.218825,3);
fillArea();
circle(254.50761143357792,97.31819999999999,3);
fillArea();
circle(261.59232285620413,90.30991499999999,3);
fillArea();
circle(268.65767714379587,92.1097275,3);
fillArea();
circle(275.7230314313876,104.63468250000001,3);
fillArea();
circle(296.93845142919724,104.20881750000001,3);
fillArea();
circle(304.003805716789,99.801615,3);
fillArea();
circle(311.06916000438065,100.9758975,3);
fillArea();
circle(318.1538714270069,114.9581025,3);
fillArea();
circle(325.2192257145986,106.2363525,3);
fillArea();
circle(332.28458000219035,101.50986,3);
fillArea();
circle(339.349934289782,103.96587,3);
fillArea();
circle(346.43464571240827,93.64245000000001,3);
fillArea();
circle(353.5,111.6377475,3);
fillArea();
circle(360.56535428759173,117.7812525,3);
fillArea();
circle(367.6307085751834,100.77993,3);
fillArea();
circle(374.71541999780965,118.89615749999999,3);
fillArea();
circle(381.7807742854014,120.90389999999998,3);
fillArea();
circle(388.8461285729931,113.00473500000001,3);
fillArea();
circle(395.9114828605848,118.781535,3);
fillArea();
circle(402.996194283211,125.74088250000001,3);
fillArea();
circle(410.06154857080276,116.7298575,3);
fillArea();
circle(417.1269028583945,131.5272525,3);
fillArea();
circle(424.19225714598616,121.73039999999999,3);
fillArea();
circle(431.2769685686124,117.05697749999999,3);
fillArea();
circle(438.34232285620413,117.15028499999998,3);
fillArea();
circle(445.40767714379587,118.89246,3);
fillArea();
circle(452.4730314313876,109.76159249999999,3);
fillArea();
circle(459.5577428540138,113.93019749999999,3);
fillArea();
circle(466.6230971416055,118.78371000000001,3);
fillArea();
circle(473.68845142919724,130.386465,3);
fillArea();
circle(480.753805716789,135.9285825,3);
fillArea();
circle(487.83851713941516,130.395165,3);
fillArea();
circle(572.6808399956193,194.7431925,3);
fillArea();
circle(579.746194283211,181.948755,3);
fillArea();
circle(586.8115485708028,159.689805,3);
fillArea();
circle(593.8769028583945,174.032625,3);
fillArea();
circle(600.9616142810207,191.74626,3);
fillArea();
circle(608.0269685686123,198.35304,3);
fillArea();
circle(615.0923228562041,211.41217500000002,3);
fillArea();
circle(622.1576771437958,206.916885,3);
fillArea();
circle(629.242388566422,214.7323125,3);
fillArea();
circle(636.3077428540138,222.7323975,3);
fillArea();
circle(643.3730971416055,220.7979525,3);
fillArea();
circle(650.4384514291972,172.5468825,3);
fillArea();
circle(657.5231628518235,193.98042,3);
fillArea();
circle(664.5885171394152,215.4448425,3);
fillArea();
circle(671.6538714270068,216.52299,3);
fillArea();
circle(678.7192257145986,229.2556575,3);
fillArea();
circle(685.8039371372248,233.8322925,3);
fillArea();
circle(692.8692914248165,243.7742175,3);
fillArea();
circle(699.9346457124083,247.498905,3);
fillArea();
circle(707,253.63327499999997,3);
fillArea();

